im-rc1 im . ['/mnt/sda/xiang/syrust/syrust_replay/im-rc1/./src/test.rs', '/mnt/sda/xiang/syrust/syrust_replay/im-rc1/./src/vector/rayon.rs', '/mnt/sda/xiang/syrust/syrust_replay/im-rc1/./src/vector/pool.rs', '/mnt/sda/xiang/syrust/syrust_replay/im-rc1/./src/vector/focus.rs', '/mnt/sda/xiang/syrust/syrust_replay/im-rc1/./src/vector/mod.rs', '/mnt/sda/xiang/syrust/syrust_replay/im-rc1/./src/iter.rs', '/mnt/sda/xiang/syrust/syrust_replay/im-rc1/./src/nodes/btree.rs', '/mnt/sda/xiang/syrust/syrust_replay/im-rc1/./src/nodes/rrb.rs', '/mnt/sda/xiang/syrust/syrust_replay/im-rc1/./src/nodes/hamt.rs', '/mnt/sda/xiang/syrust/syrust_replay/im-rc1/./src/nodes/mod.rs', '/mnt/sda/xiang/syrust/syrust_replay/im-rc1/./src/proptest.rs', '/mnt/sda/xiang/syrust/syrust_replay/im-rc1/./src/sort.rs', '/mnt/sda/xiang/syrust/syrust_replay/im-rc1/./src/arbitrary.rs', '/mnt/sda/xiang/syrust/syrust_replay/im-rc1/./src/fakepool.rs', '/mnt/sda/xiang/syrust/syrust_replay/im-rc1/./src/quickcheck.rs', '/mnt/sda/xiang/syrust/syrust_replay/im-rc1/./src/tests/ordset.rs', '/mnt/sda/xiang/syrust/syrust_replay/im-rc1/./src/tests/mod.rs', '/mnt/sda/xiang/syrust/syrust_replay/im-rc1/./src/tests/hashset.rs', '/mnt/sda/xiang/syrust/syrust_replay/im-rc1/./src/tests/vector.rs', '/mnt/sda/xiang/syrust/syrust_replay/im-rc1/./src/ord/set.rs', '/mnt/sda/xiang/syrust/syrust_replay/im-rc1/./src/ord/map.rs', '/mnt/sda/xiang/syrust/syrust_replay/im-rc1/./src/ord/mod.rs', '/mnt/sda/xiang/syrust/syrust_replay/im-rc1/./src/config.rs', '/mnt/sda/xiang/syrust/syrust_replay/im-rc1/./src/sync.rs', '/mnt/sda/xiang/syrust/syrust_replay/im-rc1/./src/util.rs', '/mnt/sda/xiang/syrust/syrust_replay/im-rc1/./src/hash/set.rs', '/mnt/sda/xiang/syrust/syrust_replay/im-rc1/./src/hash/map.rs', '/mnt/sda/xiang/syrust/syrust_replay/im-rc1/./src/hash/mod.rs', '/mnt/sda/xiang/syrust/syrust_replay/im-rc1/./src/lib.rs', '/mnt/sda/xiang/syrust/syrust_replay/im-rc1/./src/ser.rs']
/mnt/sda/xiang/syrust/syrust_replay/im-rc1/./src/test.rs
/mnt/sda/xiang/syrust/syrust_replay/im-rc1/./src/vector/rayon.rs
/mnt/sda/xiang/syrust/syrust_replay/im-rc1/./src/vector/pool.rs
/mnt/sda/xiang/syrust/syrust_replay/im-rc1/./src/vector/focus.rs
/mnt/sda/xiang/syrust/syrust_replay/im-rc1/./src/vector/mod.rs
/mnt/sda/xiang/syrust/syrust_replay/im-rc1/./src/iter.rs
/mnt/sda/xiang/syrust/syrust_replay/im-rc1/./src/nodes/btree.rs
/mnt/sda/xiang/syrust/syrust_replay/im-rc1/./src/nodes/rrb.rs
/mnt/sda/xiang/syrust/syrust_replay/im-rc1/./src/nodes/hamt.rs
/mnt/sda/xiang/syrust/syrust_replay/im-rc1/./src/nodes/mod.rs
/mnt/sda/xiang/syrust/syrust_replay/im-rc1/./src/proptest.rs
/mnt/sda/xiang/syrust/syrust_replay/im-rc1/./src/sort.rs
/mnt/sda/xiang/syrust/syrust_replay/im-rc1/./src/arbitrary.rs
/mnt/sda/xiang/syrust/syrust_replay/im-rc1/./src/fakepool.rs
/mnt/sda/xiang/syrust/syrust_replay/im-rc1/./src/quickcheck.rs
/mnt/sda/xiang/syrust/syrust_replay/im-rc1/./src/tests/ordset.rs
/mnt/sda/xiang/syrust/syrust_replay/im-rc1/./src/tests/mod.rs
/mnt/sda/xiang/syrust/syrust_replay/im-rc1/./src/tests/hashset.rs
/mnt/sda/xiang/syrust/syrust_replay/im-rc1/./src/tests/vector.rs
/mnt/sda/xiang/syrust/syrust_replay/im-rc1/./src/ord/set.rs
/mnt/sda/xiang/syrust/syrust_replay/im-rc1/./src/ord/map.rs
/mnt/sda/xiang/syrust/syrust_replay/im-rc1/./src/ord/mod.rs
/mnt/sda/xiang/syrust/syrust_replay/im-rc1/./src/config.rs
/mnt/sda/xiang/syrust/syrust_replay/im-rc1/./src/sync.rs
/mnt/sda/xiang/syrust/syrust_replay/im-rc1/./src/util.rs
/mnt/sda/xiang/syrust/syrust_replay/im-rc1/./src/hash/set.rs
/mnt/sda/xiang/syrust/syrust_replay/im-rc1/./src/hash/map.rs
/mnt/sda/xiang/syrust/syrust_replay/im-rc1/./src/hash/mod.rs
/mnt/sda/xiang/syrust/syrust_replay/im-rc1/./src/lib.rs
/mnt/sda/xiang/syrust/syrust_replay/im-rc1/./src/ser.rs
done
