err ndarray1 /mnt/sda/xiang/syrust/syrust/ndarray1/./src/dimension/dimension_trait.rs tests_rug_803
err ndarray1 /mnt/sda/xiang/syrust/syrust/ndarray1/./src/dimension/dimension_trait.rs tests_rug_804
err ndarray1 /mnt/sda/xiang/syrust/syrust/ndarray1/./src/dimension/dimension_trait.rs tests_rug_807
err ndarray1 /mnt/sda/xiang/syrust/syrust/ndarray1/./src/dimension/dimension_trait.rs tests_rug_808
err ndarray1 /mnt/sda/xiang/syrust/syrust/ndarray1/./src/dimension/dimension_trait.rs tests_rug_809
err ndarray1 /mnt/sda/xiang/syrust/syrust/ndarray1/./src/dimension/dimension_trait.rs tests_rug_810
err ndarray1 /mnt/sda/xiang/syrust/syrust/ndarray1/./src/dimension/dimension_trait.rs tests_rug_811
err ndarray1 /mnt/sda/xiang/syrust/syrust/ndarray1/./src/dimension/dimension_trait.rs tests_rug_813
err ndarray1 /mnt/sda/xiang/syrust/syrust/ndarray1/./src/dimension/dimension_trait.rs tests_rug_814
err ndarray1 /mnt/sda/xiang/syrust/syrust/ndarray1/./src/dimension/dimension_trait.rs tests_rug_815
err ndarray1 /mnt/sda/xiang/syrust/syrust/ndarray1/./src/dimension/dimension_trait.rs tests_rug_816
err ndarray1 /mnt/sda/xiang/syrust/syrust/ndarray1/./src/dimension/dimension_trait.rs tests_rug_817
err ndarray1 /mnt/sda/xiang/syrust/syrust/ndarray1/./src/dimension/dimension_trait.rs tests_rug_818
err ndarray1 /mnt/sda/xiang/syrust/syrust/ndarray1/./src/dimension/dimension_trait.rs tests_rug_819
err ndarray1 /mnt/sda/xiang/syrust/syrust/ndarray1/./src/dimension/dimension_trait.rs tests_rug_820
err ndarray1 /mnt/sda/xiang/syrust/syrust/ndarray1/./src/dimension/dimension_trait.rs tests_rug_822
err ndarray1 /mnt/sda/xiang/syrust/syrust/ndarray1/./src/dimension/dimension_trait.rs tests_rug_831
err ndarray1 /mnt/sda/xiang/syrust/syrust/ndarray1/./src/dimension/dimension_trait.rs tests_rug_837
err ndarray1 /mnt/sda/xiang/syrust/syrust/ndarray1/./src/dimension/dimension_trait.rs tests_rug_845
err ndarray1 /mnt/sda/xiang/syrust/syrust/ndarray1/./src/dimension/dimension_trait.rs tests_rug_848
err ndarray1 /mnt/sda/xiang/syrust/syrust/ndarray1/./src/dimension/dimension_trait.rs tests_rug_849
err ndarray1 /mnt/sda/xiang/syrust/syrust/ndarray1/./src/dimension/dimension_trait.rs tests_rug_850
err ndarray1 /mnt/sda/xiang/syrust/syrust/ndarray1/./src/dimension/dimension_trait.rs tests_rug_851
err ndarray1 /mnt/sda/xiang/syrust/syrust/ndarray1/./src/dimension/dimension_trait.rs tests_rug_852
err ndarray1 /mnt/sda/xiang/syrust/syrust/ndarray1/./src/dimension/dimension_trait.rs tests_rug_853
err ndarray1 /mnt/sda/xiang/syrust/syrust/ndarray1/./src/dimension/dimension_trait.rs tests_rug_854
err ndarray1 /mnt/sda/xiang/syrust/syrust/ndarray1/./src/dimension/dimension_trait.rs tests_rug_856
err ndarray1 /mnt/sda/xiang/syrust/syrust/ndarray1/./src/dimension/dimension_trait.rs tests_rug_857
err ndarray1 /mnt/sda/xiang/syrust/syrust/ndarray1/./src/dimension/dimension_trait.rs tests_rug_858
err ndarray1 /mnt/sda/xiang/syrust/syrust/ndarray1/./src/dimension/dimension_trait.rs tests_rug_859
err ndarray1 /mnt/sda/xiang/syrust/syrust/ndarray1/./src/dimension/dimension_trait.rs tests_rug_860
err ndarray1 /mnt/sda/xiang/syrust/syrust/ndarray1/./src/dimension/dimension_trait.rs tests_rug_861
err ndarray1 /mnt/sda/xiang/syrust/syrust/ndarray1/./src/dimension/dimension_trait.rs tests_rug_863
err ndarray1 /mnt/sda/xiang/syrust/syrust/ndarray1/./src/dimension/dimension_trait.rs tests_rug_864
err ndarray1 /mnt/sda/xiang/syrust/syrust/ndarray1/./src/dimension/dimension_trait.rs tests_rug_866
err ndarray1 /mnt/sda/xiang/syrust/syrust/ndarray1/./src/dimension/dimension_trait.rs tests_rug_868
err ndarray1 /mnt/sda/xiang/syrust/syrust/ndarray1/./src/dimension/dimension_trait.rs tests_rug_869
err ndarray1 /mnt/sda/xiang/syrust/syrust/ndarray1/./src/dimension/dimension_trait.rs tests_rug_870
err ndarray1 /mnt/sda/xiang/syrust/syrust/ndarray1/./src/dimension/dimension_trait.rs tests_rug_881
err ndarray1 /mnt/sda/xiang/syrust/syrust/ndarray1/./src/dimension/dimension_trait.rs tests_rug_887
err ndarray1 /mnt/sda/xiang/syrust/syrust/ndarray1/./src/dimension/dimension_trait.rs tests_rug_888
err ndarray1 /mnt/sda/xiang/syrust/syrust/ndarray1/./src/dimension/dimension_trait.rs tests_rug_889
err ndarray1 /mnt/sda/xiang/syrust/syrust/ndarray1/./src/dimension/dimension_trait.rs tests_rug_894
err ndarray1 /mnt/sda/xiang/syrust/syrust/ndarray1/./src/dimension/dimension_trait.rs tests_rug_895
err ndarray1 /mnt/sda/xiang/syrust/syrust/ndarray1/./src/dimension/dimension_trait.rs tests_rug_901
err ndarray1 /mnt/sda/xiang/syrust/syrust/ndarray1/./src/dimension/dimension_trait.rs tests_rug_908
err ndarray1 /mnt/sda/xiang/syrust/syrust/ndarray1/./src/dimension/remove_axis.rs tests_rug_978
err ndarray1 /mnt/sda/xiang/syrust/syrust/ndarray1/./src/dimension/remove_axis.rs tests_rug_979
err ndarray1 /mnt/sda/xiang/syrust/syrust/ndarray1/./src/dimension/remove_axis.rs tests_rug_981
err ndarray1 /mnt/sda/xiang/syrust/syrust/ndarray1/./src/slice.rs tests_rug_530
err ndarray1 /mnt/sda/xiang/syrust/syrust/ndarray1/./src/slice.rs tests_rug_531
err ndarray1 /mnt/sda/xiang/syrust/syrust/ndarray1/./src/slice.rs tests_rug_532
err ndarray1 /mnt/sda/xiang/syrust/syrust/ndarray1/./src/slice.rs tests_rug_533
err ndarray1 /mnt/sda/xiang/syrust/syrust/ndarray1/./src/slice.rs tests_rug_534
err ndarray1 /mnt/sda/xiang/syrust/syrust/ndarray1/./src/slice.rs tests_rug_535
err ndarray1 /mnt/sda/xiang/syrust/syrust/ndarray1/./src/slice.rs tests_rug_542
err ndarray1 /mnt/sda/xiang/syrust/syrust/ndarray1/./src/slice.rs tests_rug_548
err ndarray1 /mnt/sda/xiang/syrust/syrust/ndarray1/./src/slice.rs tests_rug_550
err ndarray1 /mnt/sda/xiang/syrust/syrust/ndarray1/./src/slice.rs tests_rug_557
err ndarray1 /mnt/sda/xiang/syrust/syrust/ndarray1/./src/slice.rs tests_rug_559
err ndarray1 /mnt/sda/xiang/syrust/syrust/ndarray1/./src/slice.rs tests_rug_563
err ndarray1 /mnt/sda/xiang/syrust/syrust/ndarray1/./src/slice.rs tests_rug_565
err ndarray1 /mnt/sda/xiang/syrust/syrust/ndarray1/./src/slice.rs tests_rug_566
err ndarray1 /mnt/sda/xiang/syrust/syrust/ndarray1/./src/slice.rs tests_rug_567
err ndarray1 /mnt/sda/xiang/syrust/syrust/ndarray1/./src/slice.rs tests_rug_569
err ndarray1 /mnt/sda/xiang/syrust/syrust/ndarray1/./src/slice.rs tests_rug_588
err ndarray1 /mnt/sda/xiang/syrust/syrust/ndarray1/./src/impl_ops.rs tests_rug_1207
err ndarray1 /mnt/sda/xiang/syrust/syrust/ndarray1/./src/impl_ops.rs tests_rug_1214
err ndarray1 /mnt/sda/xiang/syrust/syrust/ndarray1/./src/impl_ops.rs tests_rug_1222
err ndarray1 /mnt/sda/xiang/syrust/syrust/ndarray1/./src/impl_ops.rs tests_rug_1227
err ndarray1 /mnt/sda/xiang/syrust/syrust/ndarray1/./src/impl_ops.rs tests_rug_1228
err ndarray1 /mnt/sda/xiang/syrust/syrust/ndarray1/./src/impl_ops.rs tests_rug_1235
err ndarray1 /mnt/sda/xiang/syrust/syrust/ndarray1/./src/impl_ops.rs tests_rug_1240
err ndarray1 /mnt/sda/xiang/syrust/syrust/ndarray1/./src/impl_ops.rs tests_rug_1277
err ndarray1 /mnt/sda/xiang/syrust/syrust/ndarray1/./src/impl_ops.rs tests_rug_1287
err ndarray1 /mnt/sda/xiang/syrust/syrust/ndarray1/./src/impl_ops.rs tests_rug_1322
err ndarray1 /mnt/sda/xiang/syrust/syrust/ndarray1/./src/impl_ops.rs tests_rug_1327
err ndarray1 /mnt/sda/xiang/syrust/syrust/ndarray1/./src/impl_ops.rs tests_rug_1354
err ndarray1 /mnt/sda/xiang/syrust/syrust/ndarray1/./src/impl_ops.rs tests_rug_1380
err ndarray1 /mnt/sda/xiang/syrust/syrust/ndarray1/./src/impl_ops.rs tests_rug_1409
err ndarray1 /mnt/sda/xiang/syrust/syrust/ndarray1/./src/iterators/mod.rs tests_rug_131
err tests_rug_94 sample rug_fuzz_0 1 {'sample': {'rug_fuzz_0': '1', 'rug_fuzz_1': '2', 'rug_fuzz_2': '3'}}
err tests_rug_94 sample rug_fuzz_1 2 {'sample': {'rug_fuzz_0': '1', 'rug_fuzz_1': '2', 'rug_fuzz_2': '3'}}
err tests_rug_94 sample rug_fuzz_2 3 {'sample': {'rug_fuzz_0': '1', 'rug_fuzz_1': '2', 'rug_fuzz_2': '3'}}
ndarray . 296 377 0
ndarray-rand ndarray-rand 297 378 0
