rm: cannot remove '*.profraw': No such file or directory
err not in  /mnt/sda/xiang/syrust/syrust_cov/hcid1/hcid/src/lib.rs/259/5/260/30
err not in  /mnt/sda/xiang/syrust/syrust_cov/hcid1/hcid/src/lib.rs/261/20/261/28
err not in  /mnt/sda/xiang/syrust/syrust_cov/hcid1/hcid/src/lib.rs/262/10/263/44
err not in  /mnt/sda/xiang/syrust/syrust_cov/hcid1/hcid/src/lib.rs/264/5/264/6
err not in  /mnt/sda/xiang/syrust/syrust_cov/hcid1/hcid/src/lib.rs/228/5/228/61
err not in  /mnt/sda/xiang/syrust/syrust_cov/hcid1/hcid/src/lib.rs/229/14/229/28
err not in  /mnt/sda/xiang/syrust/syrust_cov/hcid1/hcid/src/lib.rs/229/32/229/53
err not in  /mnt/sda/xiang/syrust/syrust_cov/hcid1/hcid/src/lib.rs/229/53/229/54
err not in  /mnt/sda/xiang/syrust/syrust_cov/hcid1/hcid/src/lib.rs/230/12/232/20
err not in  /mnt/sda/xiang/syrust/syrust_cov/hcid1/hcid/src/lib.rs/234/20/234/65
err not in  /mnt/sda/xiang/syrust/syrust_cov/hcid1/hcid/src/lib.rs/235/10/236/49
err not in  /mnt/sda/xiang/syrust/syrust_cov/hcid1/hcid/src/lib.rs/236/49/236/50
err not in  /mnt/sda/xiang/syrust/syrust_cov/hcid1/hcid/src/lib.rs/238/17/240/57
err not in  /mnt/sda/xiang/syrust/syrust_cov/hcid1/hcid/src/lib.rs/240/57/240/58
err not in  /mnt/sda/xiang/syrust/syrust_cov/hcid1/hcid/src/lib.rs/240/59/241/30
err not in  /mnt/sda/xiang/syrust/syrust_cov/hcid1/hcid/src/lib.rs/244/13/244/61
err not in  /mnt/sda/xiang/syrust/syrust_cov/hcid1/hcid/src/lib.rs/246/5/246/6
err not in  /mnt/sda/xiang/syrust/syrust_cov/hcid1/hcid/src/lib.rs/155/5/163/6
err not in  /mnt/sda/xiang/syrust/syrust_cov/hcid1/hcid/src/lib.rs/178/5/179/52
err not in  /mnt/sda/xiang/syrust/syrust_cov/hcid1/hcid/src/lib.rs/180/20/189/14
err not in  /mnt/sda/xiang/syrust/syrust_cov/hcid1/hcid/src/lib.rs/190/10/199/58
err not in  /mnt/sda/xiang/syrust/syrust_cov/hcid1/hcid/src/lib.rs/200/20/209/14
err not in  /mnt/sda/xiang/syrust/syrust_cov/hcid1/hcid/src/lib.rs/210/10/215/10
err not in  /mnt/sda/xiang/syrust/syrust_cov/hcid1/hcid/src/lib.rs/215/10/215/11
err not in  /mnt/sda/xiang/syrust/syrust_cov/hcid1/hcid/src/lib.rs/216/13/216/14
err not in  /mnt/sda/xiang/syrust/syrust_cov/hcid1/hcid/src/lib.rs/216/21/216/36
err not in  /mnt/sda/xiang/syrust/syrust_cov/hcid1/hcid/src/lib.rs/217/17/222/41
err not in  /mnt/sda/xiang/syrust/syrust_cov/hcid1/hcid/src/lib.rs/222/41/222/42
err not in  /mnt/sda/xiang/syrust/syrust_cov/hcid1/hcid/src/lib.rs/224/18/224/57
err not in  /mnt/sda/xiang/syrust/syrust_cov/hcid1/hcid/src/lib.rs/225/5/225/6
err not in  /mnt/sda/xiang/syrust/syrust_cov/hcid1/hcid/src/lib.rs/124/5/126/29
err not in  /mnt/sda/xiang/syrust/syrust_cov/hcid1/hcid/src/lib.rs/126/33/126/49
err not in  /mnt/sda/xiang/syrust/syrust_cov/hcid1/hcid/src/lib.rs/126/53/126/68
err not in  /mnt/sda/xiang/syrust/syrust_cov/hcid1/hcid/src/lib.rs/127/17/127/32
err not in  /mnt/sda/xiang/syrust/syrust_cov/hcid1/hcid/src/lib.rs/127/36/127/51
err not in  /mnt/sda/xiang/syrust/syrust_cov/hcid1/hcid/src/lib.rs/127/56/127/70
err not in  /mnt/sda/xiang/syrust/syrust_cov/hcid1/hcid/src/lib.rs/127/74/127/89
err not in  /mnt/sda/xiang/syrust/syrust_cov/hcid1/hcid/src/lib.rs/129/20/129/67
err not in  /mnt/sda/xiang/syrust/syrust_cov/hcid1/hcid/src/lib.rs/130/10/130/11
err not in  /mnt/sda/xiang/syrust/syrust_cov/hcid1/hcid/src/lib.rs/131/13/131/20
err not in  /mnt/sda/xiang/syrust/syrust_cov/hcid1/hcid/src/lib.rs/131/26/131/41
err not in  /mnt/sda/xiang/syrust/syrust_cov/hcid1/hcid/src/lib.rs/131/44/131/45
err not in  /mnt/sda/xiang/syrust/syrust_cov/hcid1/hcid/src/lib.rs/131/55/131/56
err not in  /mnt/sda/xiang/syrust/syrust_cov/hcid1/hcid/src/lib.rs/132/13/133/23
err not in  /mnt/sda/xiang/syrust/syrust_cov/hcid1/hcid/src/lib.rs/134/20/134/67
err not in  /mnt/sda/xiang/syrust/syrust_cov/hcid1/hcid/src/lib.rs/135/10/144/11
err not in  /mnt/sda/xiang/syrust/syrust_cov/hcid1/hcid/src/lib.rs/145/5/145/6
err not in  /mnt/sda/xiang/syrust/syrust_cov/hcid1/hcid/src/lib.rs/174/5/175/56
err not in  /mnt/sda/xiang/syrust/syrust_cov/hcid1/hcid/src/lib.rs/175/56/175/57
err not in  /mnt/sda/xiang/syrust/syrust_cov/hcid1/hcid/src/lib.rs/176/5/176/6
err not in  /mnt/sda/xiang/syrust/syrust_cov/hcid1/hcid/src/lib.rs/266/5/267/56
err not in  /mnt/sda/xiang/syrust/syrust_cov/hcid1/hcid/src/lib.rs/268/20/277/14
err not in  /mnt/sda/xiang/syrust/syrust_cov/hcid1/hcid/src/lib.rs/278/10/288/31
err not in  /mnt/sda/xiang/syrust/syrust_cov/hcid1/hcid/src/lib.rs/289/13/289/14
err not in  /mnt/sda/xiang/syrust/syrust_cov/hcid1/hcid/src/lib.rs/289/21/289/54
err not in  /mnt/sda/xiang/syrust/syrust_cov/hcid1/hcid/src/lib.rs/290/17/296/14
err not in  /mnt/sda/xiang/syrust/syrust_cov/hcid1/hcid/src/lib.rs/296/14/296/15
err not in  /mnt/sda/xiang/syrust/syrust_cov/hcid1/hcid/src/lib.rs/298/21/299/38
err not in  /mnt/sda/xiang/syrust/syrust_cov/hcid1/hcid/src/lib.rs/301/22/302/31
err not in  /mnt/sda/xiang/syrust/syrust_cov/hcid1/hcid/src/lib.rs/302/35/302/52
err not in  /mnt/sda/xiang/syrust/syrust_cov/hcid1/hcid/src/lib.rs/302/53/304/22
err not in  /mnt/sda/xiang/syrust/syrust_cov/hcid1/hcid/src/lib.rs/304/22/304/23
err not in  /mnt/sda/xiang/syrust/syrust_cov/hcid1/hcid/src/lib.rs/305/24/305/31
err not in  /mnt/sda/xiang/syrust/syrust_cov/hcid1/hcid/src/lib.rs/305/35/305/52
err not in  /mnt/sda/xiang/syrust/syrust_cov/hcid1/hcid/src/lib.rs/305/53/307/22
err not in  /mnt/sda/xiang/syrust/syrust_cov/hcid1/hcid/src/lib.rs/307/22/307/23
err not in  /mnt/sda/xiang/syrust/syrust_cov/hcid1/hcid/src/lib.rs/308/21/308/43
err not in  /mnt/sda/xiang/syrust/syrust_cov/hcid1/hcid/src/lib.rs/312/12/312/19
err not in  /mnt/sda/xiang/syrust/syrust_cov/hcid1/hcid/src/lib.rs/312/23/312/30
err not in  /mnt/sda/xiang/syrust/syrust_cov/hcid1/hcid/src/lib.rs/313/17/313/18
err not in  /mnt/sda/xiang/syrust/syrust_cov/hcid1/hcid/src/lib.rs/313/25/313/58
err not in  /mnt/sda/xiang/syrust/syrust_cov/hcid1/hcid/src/lib.rs/313/59/315/14
err not in  /mnt/sda/xiang/syrust/syrust_cov/hcid1/hcid/src/lib.rs/316/10/316/11
err not in  /mnt/sda/xiang/syrust/syrust_cov/hcid1/hcid/src/lib.rs/317/13/317/14
err not in  /mnt/sda/xiang/syrust/syrust_cov/hcid1/hcid/src/lib.rs/317/23/317/33
err not in  /mnt/sda/xiang/syrust/syrust_cov/hcid1/hcid/src/lib.rs/317/34/319/10
err not in  /mnt/sda/xiang/syrust/syrust_cov/hcid1/hcid/src/lib.rs/320/13/320/21
err not in  /mnt/sda/xiang/syrust/syrust_cov/hcid1/hcid/src/lib.rs/320/24/320/42
err not in  /mnt/sda/xiang/syrust/syrust_cov/hcid1/hcid/src/lib.rs/320/42/320/43
err not in  /mnt/sda/xiang/syrust/syrust_cov/hcid1/hcid/src/lib.rs/321/12/321/79
err not in  /mnt/sda/xiang/syrust/syrust_cov/hcid1/hcid/src/lib.rs/322/20/322/66
err not in  /mnt/sda/xiang/syrust/syrust_cov/hcid1/hcid/src/lib.rs/323/10/325/36
err not in  /mnt/sda/xiang/syrust/syrust_cov/hcid1/hcid/src/lib.rs/326/13/326/14
err not in  /mnt/sda/xiang/syrust/syrust_cov/hcid1/hcid/src/lib.rs/326/18/326/67
err not in  /mnt/sda/xiang/syrust/syrust_cov/hcid1/hcid/src/lib.rs/327/17/328/25
err not in  /mnt/sda/xiang/syrust/syrust_cov/hcid1/hcid/src/lib.rs/328/26/331/14
err not in  /mnt/sda/xiang/syrust/syrust_cov/hcid1/hcid/src/lib.rs/331/14/331/15
err not in  /mnt/sda/xiang/syrust/syrust_cov/hcid1/hcid/src/lib.rs/333/13/333/47
err not in  /mnt/sda/xiang/syrust/syrust_cov/hcid1/hcid/src/lib.rs/334/13/334/14
err not in  /mnt/sda/xiang/syrust/syrust_cov/hcid1/hcid/src/lib.rs/334/21/334/40
err not in  /mnt/sda/xiang/syrust/syrust_cov/hcid1/hcid/src/lib.rs/335/16/335/40
err not in  /mnt/sda/xiang/syrust/syrust_cov/hcid1/hcid/src/lib.rs/335/41/338/14
err not in  /mnt/sda/xiang/syrust/syrust_cov/hcid1/hcid/src/lib.rs/338/14/338/15
err not in  /mnt/sda/xiang/syrust/syrust_cov/hcid1/hcid/src/lib.rs/340/9/340/29
err not in  /mnt/sda/xiang/syrust/syrust_cov/hcid1/hcid/src/lib.rs/341/5/341/6
err not in  /mnt/sda/xiang/syrust/syrust_cov/hcid1/hcid/src/error.rs/20/5/22/6
err not in  /mnt/sda/xiang/syrust/syrust_cov/hcid1/hcid/src/error.rs/35/5/37/6
err not in  /mnt/sda/xiang/syrust/syrust_cov/hcid1/hcid/src/error.rs/25/5/27/6
err not in  /mnt/sda/xiang/syrust/syrust_cov/hcid1/hcid/src/error.rs/7/5/9/6
err not in  /mnt/sda/xiang/syrust/syrust_cov/hcid1/hcid/src/util.rs/51/1/52/18
err not in  /mnt/sda/xiang/syrust/syrust_cov/hcid1/hcid/src/util.rs/52/22/52/32
err not in  /mnt/sda/xiang/syrust/syrust_cov/hcid1/hcid/src/util.rs/52/33/54/6
err not in  /mnt/sda/xiang/syrust/syrust_cov/hcid1/hcid/src/util.rs/54/6/54/7
err not in  /mnt/sda/xiang/syrust/syrust_cov/hcid1/hcid/src/util.rs/55/1/55/2
err not in  /mnt/sda/xiang/syrust/syrust_cov/hcid1/hcid/src/util.rs/65/1/67/24
err not in  /mnt/sda/xiang/syrust/syrust_cov/hcid1/hcid/src/util.rs/68/9/68/10
err not in  /mnt/sda/xiang/syrust/syrust_cov/hcid1/hcid/src/util.rs/68/18/68/28
err not in  /mnt/sda/xiang/syrust/syrust_cov/hcid1/hcid/src/util.rs/69/12/69/32
err not in  /mnt/sda/xiang/syrust/syrust_cov/hcid1/hcid/src/util.rs/70/13/71/21
err not in  /mnt/sda/xiang/syrust/syrust_cov/hcid1/hcid/src/util.rs/72/10/73/23
err not in  /mnt/sda/xiang/syrust/syrust_cov/hcid1/hcid/src/util.rs/73/27/73/37
err not in  /mnt/sda/xiang/syrust/syrust_cov/hcid1/hcid/src/util.rs/73/43/73/53
err not in  /mnt/sda/xiang/syrust/syrust_cov/hcid1/hcid/src/util.rs/73/57/73/67
err not in  /mnt/sda/xiang/syrust/syrust_cov/hcid1/hcid/src/util.rs/74/13/75/36
err not in  /mnt/sda/xiang/syrust/syrust_cov/hcid1/hcid/src/util.rs/75/37/77/14
err not in  /mnt/sda/xiang/syrust/syrust_cov/hcid1/hcid/src/util.rs/77/20/79/14
err not in  /mnt/sda/xiang/syrust/syrust_cov/hcid1/hcid/src/util.rs/80/13/80/25
err not in  /mnt/sda/xiang/syrust/syrust_cov/hcid1/hcid/src/util.rs/81/10/81/11
err not in  /mnt/sda/xiang/syrust/syrust_cov/hcid1/hcid/src/util.rs/83/8/83/19
err not in  /mnt/sda/xiang/syrust/syrust_cov/hcid1/hcid/src/util.rs/84/13/84/14
err not in  /mnt/sda/xiang/syrust/syrust_cov/hcid1/hcid/src/util.rs/84/22/84/32
err not in  /mnt/sda/xiang/syrust/syrust_cov/hcid1/hcid/src/util.rs/84/33/86/10
err not in  /mnt/sda/xiang/syrust/syrust_cov/hcid1/hcid/src/util.rs/87/6/87/7
err not in  /mnt/sda/xiang/syrust/syrust_cov/hcid1/hcid/src/util.rs/88/5/89/2
err not in  /mnt/sda/xiang/syrust/syrust_cov/hcid1/hcid/src/util.rs/6/1/11/32
err not in  /mnt/sda/xiang/syrust/syrust_cov/hcid1/hcid/src/util.rs/12/9/12/10
err not in  /mnt/sda/xiang/syrust/syrust_cov/hcid1/hcid/src/util.rs/12/17/12/27
err not in  /mnt/sda/xiang/syrust/syrust_cov/hcid1/hcid/src/util.rs/13/12/13/50
err not in  /mnt/sda/xiang/syrust/syrust_cov/hcid1/hcid/src/util.rs/14/13/15/18
err not in  /mnt/sda/xiang/syrust/syrust_cov/hcid1/hcid/src/util.rs/16/10/18/21
err not in  /mnt/sda/xiang/syrust/syrust_cov/hcid1/hcid/src/util.rs/18/25/18/34
err not in  /mnt/sda/xiang/syrust/syrust_cov/hcid1/hcid/src/util.rs/18/35/20/10
err not in  /mnt/sda/xiang/syrust/syrust_cov/hcid1/hcid/src/util.rs/20/19/20/28
err not in  /mnt/sda/xiang/syrust/syrust_cov/hcid1/hcid/src/util.rs/20/32/20/41
err not in  /mnt/sda/xiang/syrust/syrust_cov/hcid1/hcid/src/util.rs/20/42/22/10
err not in  /mnt/sda/xiang/syrust/syrust_cov/hcid1/hcid/src/util.rs/22/10/22/11
err not in  /mnt/sda/xiang/syrust/syrust_cov/hcid1/hcid/src/util.rs/23/12/23/26
err not in  /mnt/sda/xiang/syrust/syrust_cov/hcid1/hcid/src/util.rs/24/13/24/18
err not in  /mnt/sda/xiang/syrust/syrust_cov/hcid1/hcid/src/util.rs/25/10/25/11
err not in  /mnt/sda/xiang/syrust/syrust_cov/hcid1/hcid/src/util.rs/27/8/27/21
err not in  /mnt/sda/xiang/syrust/syrust_cov/hcid1/hcid/src/util.rs/27/24/27/32
err not in  /mnt/sda/xiang/syrust/syrust_cov/hcid1/hcid/src/util.rs/27/50/27/77
err not in  /mnt/sda/xiang/syrust/syrust_cov/hcid1/hcid/src/util.rs/27/77/27/78
err not in  /mnt/sda/xiang/syrust/syrust_cov/hcid1/hcid/src/util.rs/28/1/28/2
err not in  /mnt/sda/xiang/syrust/syrust_cov/hcid1/hcid/src/util.rs/57/1/58/18
err not in  /mnt/sda/xiang/syrust/syrust_cov/hcid1/hcid/src/util.rs/58/22/58/32
err not in  /mnt/sda/xiang/syrust/syrust_cov/hcid1/hcid/src/util.rs/58/33/60/6
err not in  /mnt/sda/xiang/syrust/syrust_cov/hcid1/hcid/src/util.rs/60/6/60/7
err not in  /mnt/sda/xiang/syrust/syrust_cov/hcid1/hcid/src/util.rs/61/1/61/2
err not in  /mnt/sda/xiang/syrust/syrust_cov/hcid1/hcid/src/util.rs/31/1/33/25
err not in  /mnt/sda/xiang/syrust/syrust_cov/hcid1/hcid/src/util.rs/34/9/34/10
err not in  /mnt/sda/xiang/syrust/syrust_cov/hcid1/hcid/src/util.rs/34/17/34/20
err not in  /mnt/sda/xiang/syrust/syrust_cov/hcid1/hcid/src/util.rs/36/19/36/26
err not in  /mnt/sda/xiang/syrust/syrust_cov/hcid1/hcid/src/util.rs/37/25/37/29
err not in  /mnt/sda/xiang/syrust/syrust_cov/hcid1/hcid/src/util.rs/38/39/38/43
err not in  /mnt/sda/xiang/syrust/syrust_cov/hcid1/hcid/src/util.rs/39/25/39/29
err not in  /mnt/sda/xiang/syrust/syrust_cov/hcid1/hcid/src/util.rs/40/17/40/28
err not in  /mnt/sda/xiang/syrust/syrust_cov/hcid1/hcid/src/util.rs/40/31/40/42
err not in  /mnt/sda/xiang/syrust/syrust_cov/hcid1/hcid/src/util.rs/40/45/40/56
err not in  /mnt/sda/xiang/syrust/syrust_cov/hcid1/hcid/src/util.rs/40/60/40/67
err not in  /mnt/sda/xiang/syrust/syrust_cov/hcid1/hcid/src/util.rs/42/21/43/25
err not in  /mnt/sda/xiang/syrust/syrust_cov/hcid1/hcid/src/util.rs/48/5/49/2
err not in  /mnt/sda/xiang/syrust/syrust_cov/hcid1/hcid/src/b32.rs/50/1/53/27
err not in  /mnt/sda/xiang/syrust/syrust_cov/hcid1/hcid/src/b32.rs/54/9/54/10
err not in  /mnt/sda/xiang/syrust/syrust_cov/hcid1/hcid/src/b32.rs/54/14/54/18
err not in  /mnt/sda/xiang/syrust/syrust_cov/hcid1/hcid/src/b32.rs/55/9/56/18
err not in  /mnt/sda/xiang/syrust/syrust_cov/hcid1/hcid/src/b32.rs/57/15/57/23
err not in  /mnt/sda/xiang/syrust/syrust_cov/hcid1/hcid/src/b32.rs/58/13/59/53
err not in  /mnt/sda/xiang/syrust/syrust_cov/hcid1/hcid/src/b32.rs/62/8/62/16
err not in  /mnt/sda/xiang/syrust/syrust_cov/hcid1/hcid/src/b32.rs/63/9/63/55
err not in  /mnt/sda/xiang/syrust/syrust_cov/hcid1/hcid/src/b32.rs/64/6/64/7
err not in  /mnt/sda/xiang/syrust/syrust_cov/hcid1/hcid/src/b32.rs/65/5/66/2
err not in  /mnt/sda/xiang/syrust/syrust_cov/hcid1/hcid/src/b32.rs/68/1/71/27
err not in  /mnt/sda/xiang/syrust/syrust_cov/hcid1/hcid/src/b32.rs/72/9/72/10
err not in  /mnt/sda/xiang/syrust/syrust_cov/hcid1/hcid/src/b32.rs/72/14/72/18
err not in  /mnt/sda/xiang/syrust/syrust_cov/hcid1/hcid/src/b32.rs/73/12/73/19
err not in  /mnt/sda/xiang/syrust/syrust_cov/hcid1/hcid/src/b32.rs/73/23/73/59
err not in  /mnt/sda/xiang/syrust/syrust_cov/hcid1/hcid/src/b32.rs/74/20/74/43
err not in  /mnt/sda/xiang/syrust/syrust_cov/hcid1/hcid/src/b32.rs/75/10/77/20
err not in  /mnt/sda/xiang/syrust/syrust_cov/hcid1/hcid/src/b32.rs/78/20/78/43
err not in  /mnt/sda/xiang/syrust/syrust_cov/hcid1/hcid/src/b32.rs/79/10/82/21
err not in  /mnt/sda/xiang/syrust/syrust_cov/hcid1/hcid/src/b32.rs/83/13/84/51
err not in  /mnt/sda/xiang/syrust/syrust_cov/hcid1/hcid/src/b32.rs/85/10/85/11
err not in  /mnt/sda/xiang/syrust/syrust_cov/hcid1/hcid/src/b32.rs/87/8/87/17
err not in  /mnt/sda/xiang/syrust/syrust_cov/hcid1/hcid/src/b32.rs/87/21/87/54
err not in  /mnt/sda/xiang/syrust/syrust_cov/hcid1/hcid/src/b32.rs/88/16/88/44
err not in  /mnt/sda/xiang/syrust/syrust_cov/hcid1/hcid/src/b32.rs/89/6/90/12
err not in  /mnt/sda/xiang/syrust/syrust_cov/hcid1/hcid/src/b32.rs/91/1/91/2
err not in  /mnt/sda/xiang/syrust/syrust_cov/hcid1/hcid/src/lib.rs/248/5/248/62
err not in  /mnt/sda/xiang/syrust/syrust_cov/hcid1/hcid/src/lib.rs/249/14/249/28
err not in  /mnt/sda/xiang/syrust/syrust_cov/hcid1/hcid/src/lib.rs/249/38/249/59
err not in  /mnt/sda/xiang/syrust/syrust_cov/hcid1/hcid/src/lib.rs/250/16/250/23
err not in  /mnt/sda/xiang/syrust/syrust_cov/hcid1/hcid/src/lib.rs/251/30/251/38
err not in  /mnt/sda/xiang/syrust/syrust_cov/hcid1/hcid/src/lib.rs/253/15/253/52
err not in  /mnt/sda/xiang/syrust/syrust_cov/hcid1/hcid/src/lib.rs/254/16/254/27
err not in  /mnt/sda/xiang/syrust/syrust_cov/hcid1/hcid/src/lib.rs/255/23/255/31
err not in  /mnt/sda/xiang/syrust/syrust_cov/hcid1/hcid/src/lib.rs/257/5/257/6
err not in  /mnt/sda/xiang/syrust/syrust_cov/hcid1/hcid/src/error.rs/12/5/14/6
84 204
error: cov/*: No such file or directory
cov err ['/mnt/sda/xiang/syrust/syrust_replay/hcid1/target/debug/deps/hcid_js-591e1f782b0454ce']
