petgraph1 petgraph . ['/mnt/sda/xiang/syrust/syrust_replay/petgraph1/./src/astar.rs', '/mnt/sda/xiang/syrust/syrust_replay/petgraph1/./src/serde_utils.rs', '/mnt/sda/xiang/syrust/syrust_replay/petgraph1/./src/graphmap.rs', '/mnt/sda/xiang/syrust/syrust_replay/petgraph1/./src/matrix_graph.rs', '/mnt/sda/xiang/syrust/syrust_replay/petgraph1/./src/iter_format.rs', '/mnt/sda/xiang/syrust/syrust_replay/petgraph1/./src/visit/reversed.rs', '/mnt/sda/xiang/syrust/syrust_replay/petgraph1/./src/visit/dfsvisit.rs', '/mnt/sda/xiang/syrust/syrust_replay/petgraph1/./src/visit/macros.rs', '/mnt/sda/xiang/syrust/syrust_replay/petgraph1/./src/visit/filter.rs', '/mnt/sda/xiang/syrust/syrust_replay/petgraph1/./src/visit/mod.rs', '/mnt/sda/xiang/syrust/syrust_replay/petgraph1/./src/visit/traversal.rs', '/mnt/sda/xiang/syrust/syrust_replay/petgraph1/./src/macros.rs', '/mnt/sda/xiang/syrust/syrust_replay/petgraph1/./src/scored.rs', '/mnt/sda/xiang/syrust/syrust_replay/petgraph1/./src/simple_paths.rs', '/mnt/sda/xiang/syrust/syrust_replay/petgraph1/./src/iter_utils.rs', '/mnt/sda/xiang/syrust/syrust_replay/petgraph1/./src/data.rs', '/mnt/sda/xiang/syrust/syrust_replay/petgraph1/./src/quickcheck.rs', '/mnt/sda/xiang/syrust/syrust_replay/petgraph1/./src/csr.rs', '/mnt/sda/xiang/syrust/syrust_replay/petgraph1/./src/dijkstra.rs', '/mnt/sda/xiang/syrust/syrust_replay/petgraph1/./src/algo/dominators.rs', '/mnt/sda/xiang/syrust/syrust_replay/petgraph1/./src/algo/mod.rs', '/mnt/sda/xiang/syrust/syrust_replay/petgraph1/./src/isomorphism.rs', '/mnt/sda/xiang/syrust/syrust_replay/petgraph1/./src/generate.rs', '/mnt/sda/xiang/syrust/syrust_replay/petgraph1/./src/prelude.rs', '/mnt/sda/xiang/syrust/syrust_replay/petgraph1/./src/util.rs', '/mnt/sda/xiang/syrust/syrust_replay/petgraph1/./src/unionfind.rs', '/mnt/sda/xiang/syrust/syrust_replay/petgraph1/./src/traits_graph.rs', '/mnt/sda/xiang/syrust/syrust_replay/petgraph1/./src/lib.rs', '/mnt/sda/xiang/syrust/syrust_replay/petgraph1/./src/graph_impl/stable_graph/serialization.rs', '/mnt/sda/xiang/syrust/syrust_replay/petgraph1/./src/graph_impl/stable_graph/mod.rs', '/mnt/sda/xiang/syrust/syrust_replay/petgraph1/./src/graph_impl/frozen.rs', '/mnt/sda/xiang/syrust/syrust_replay/petgraph1/./src/graph_impl/serialization.rs', '/mnt/sda/xiang/syrust/syrust_replay/petgraph1/./src/graph_impl/mod.rs', '/mnt/sda/xiang/syrust/syrust_replay/petgraph1/./src/dot.rs']
/mnt/sda/xiang/syrust/syrust_replay/petgraph1/./src/astar.rs
/mnt/sda/xiang/syrust/syrust_replay/petgraph1/./src/serde_utils.rs
/mnt/sda/xiang/syrust/syrust_replay/petgraph1/./src/graphmap.rs
err tests_rug_333 test_rug
/mnt/sda/xiang/syrust/syrust_replay/petgraph1/./src/matrix_graph.rs
/mnt/sda/xiang/syrust/syrust_replay/petgraph1/./src/iter_format.rs
/mnt/sda/xiang/syrust/syrust_replay/petgraph1/./src/visit/reversed.rs
/mnt/sda/xiang/syrust/syrust_replay/petgraph1/./src/visit/dfsvisit.rs
/mnt/sda/xiang/syrust/syrust_replay/petgraph1/./src/visit/macros.rs
/mnt/sda/xiang/syrust/syrust_replay/petgraph1/./src/visit/filter.rs
/mnt/sda/xiang/syrust/syrust_replay/petgraph1/./src/visit/mod.rs
/mnt/sda/xiang/syrust/syrust_replay/petgraph1/./src/visit/traversal.rs
/mnt/sda/xiang/syrust/syrust_replay/petgraph1/./src/macros.rs
/mnt/sda/xiang/syrust/syrust_replay/petgraph1/./src/scored.rs
/mnt/sda/xiang/syrust/syrust_replay/petgraph1/./src/simple_paths.rs
/mnt/sda/xiang/syrust/syrust_replay/petgraph1/./src/iter_utils.rs
/mnt/sda/xiang/syrust/syrust_replay/petgraph1/./src/data.rs
/mnt/sda/xiang/syrust/syrust_replay/petgraph1/./src/quickcheck.rs
/mnt/sda/xiang/syrust/syrust_replay/petgraph1/./src/csr.rs
/mnt/sda/xiang/syrust/syrust_replay/petgraph1/./src/dijkstra.rs
/mnt/sda/xiang/syrust/syrust_replay/petgraph1/./src/algo/dominators.rs
/mnt/sda/xiang/syrust/syrust_replay/petgraph1/./src/algo/mod.rs
/mnt/sda/xiang/syrust/syrust_replay/petgraph1/./src/isomorphism.rs
/mnt/sda/xiang/syrust/syrust_replay/petgraph1/./src/generate.rs
/mnt/sda/xiang/syrust/syrust_replay/petgraph1/./src/prelude.rs
/mnt/sda/xiang/syrust/syrust_replay/petgraph1/./src/util.rs
/mnt/sda/xiang/syrust/syrust_replay/petgraph1/./src/unionfind.rs
/mnt/sda/xiang/syrust/syrust_replay/petgraph1/./src/traits_graph.rs
/mnt/sda/xiang/syrust/syrust_replay/petgraph1/./src/lib.rs
err tests_rug_619 test_into_weighted_edge
/mnt/sda/xiang/syrust/syrust_replay/petgraph1/./src/graph_impl/stable_graph/serialization.rs
/mnt/sda/xiang/syrust/syrust_replay/petgraph1/./src/graph_impl/stable_graph/mod.rs
/mnt/sda/xiang/syrust/syrust_replay/petgraph1/./src/graph_impl/frozen.rs
/mnt/sda/xiang/syrust/syrust_replay/petgraph1/./src/graph_impl/serialization.rs
/mnt/sda/xiang/syrust/syrust_replay/petgraph1/./src/graph_impl/mod.rs
/mnt/sda/xiang/syrust/syrust_replay/petgraph1/./src/dot.rs
done
