bstr1 bstr . ['/mnt/sda/xiang/syrust/syrust_replay/bstr1/./src/unicode/grapheme.rs', '/mnt/sda/xiang/syrust/syrust_replay/bstr1/./src/unicode/word.rs', '/mnt/sda/xiang/syrust/syrust_replay/bstr1/./src/unicode/whitespace.rs', '/mnt/sda/xiang/syrust/syrust_replay/bstr1/./src/unicode/fsm/grapheme_break_rev.rs', '/mnt/sda/xiang/syrust/syrust_replay/bstr1/./src/unicode/fsm/whitespace_anchored_rev.rs', '/mnt/sda/xiang/syrust/syrust_replay/bstr1/./src/unicode/fsm/regional_indicator_rev.rs', '/mnt/sda/xiang/syrust/syrust_replay/bstr1/./src/unicode/fsm/simple_word_fwd.rs', '/mnt/sda/xiang/syrust/syrust_replay/bstr1/./src/unicode/fsm/grapheme_break_fwd.rs', '/mnt/sda/xiang/syrust/syrust_replay/bstr1/./src/unicode/fsm/whitespace_anchored_fwd.rs', '/mnt/sda/xiang/syrust/syrust_replay/bstr1/./src/unicode/fsm/word_break_fwd.rs', '/mnt/sda/xiang/syrust/syrust_replay/bstr1/./src/unicode/fsm/mod.rs', '/mnt/sda/xiang/syrust/syrust_replay/bstr1/./src/unicode/fsm/sentence_break_fwd.rs', '/mnt/sda/xiang/syrust/syrust_replay/bstr1/./src/unicode/mod.rs', '/mnt/sda/xiang/syrust/syrust_replay/bstr1/./src/unicode/sentence.rs', '/mnt/sda/xiang/syrust/syrust_replay/bstr1/./src/bstring.rs', '/mnt/sda/xiang/syrust/syrust_replay/bstr1/./src/utf8.rs', '/mnt/sda/xiang/syrust/syrust_replay/bstr1/./src/cow.rs', '/mnt/sda/xiang/syrust/syrust_replay/bstr1/./src/io.rs', '/mnt/sda/xiang/syrust/syrust_replay/bstr1/./src/byteset/scalar.rs', '/mnt/sda/xiang/syrust/syrust_replay/bstr1/./src/byteset/mod.rs', '/mnt/sda/xiang/syrust/syrust_replay/bstr1/./src/bstr.rs', '/mnt/sda/xiang/syrust/syrust_replay/bstr1/./src/tests.rs', '/mnt/sda/xiang/syrust/syrust_replay/bstr1/./src/ascii.rs', '/mnt/sda/xiang/syrust/syrust_replay/bstr1/./src/search/twoway.rs', '/mnt/sda/xiang/syrust/syrust_replay/bstr1/./src/search/tests.rs', '/mnt/sda/xiang/syrust/syrust_replay/bstr1/./src/search/byte_frequencies.rs', '/mnt/sda/xiang/syrust/syrust_replay/bstr1/./src/search/prefilter.rs', '/mnt/sda/xiang/syrust/syrust_replay/bstr1/./src/search/mod.rs', '/mnt/sda/xiang/syrust/syrust_replay/bstr1/./src/impls.rs', '/mnt/sda/xiang/syrust/syrust_replay/bstr1/./src/ext_vec.rs', '/mnt/sda/xiang/syrust/syrust_replay/bstr1/./src/lib.rs', '/mnt/sda/xiang/syrust/syrust_replay/bstr1/./src/ext_slice.rs']
/mnt/sda/xiang/syrust/syrust_replay/bstr1/./src/unicode/grapheme.rs
err tests_rug_314 test_rug
err tests_rug_315 test_rug
err tests_rug_317 test_rug
err tests_rug_318 test_rug
err tests_rug_319 test_rug
err tests_rug_321 test_rug
err tests_rug_322 test_rug
/mnt/sda/xiang/syrust/syrust_replay/bstr1/./src/unicode/word.rs
err tests_rug_335 test_new
err tests_rug_336 test_as_bytes
err tests_rug_338 test_new
err tests_rug_341 test_new
err tests_rug_342 test_as_bytes
err tests_rug_343 test_rug
err tests_rug_344 test_new
err tests_rug_345 test_rug
/mnt/sda/xiang/syrust/syrust_replay/bstr1/./src/unicode/whitespace.rs
err tests_rug_332 test_rug
err tests_rug_333 test_whitespace_len_rev
/mnt/sda/xiang/syrust/syrust_replay/bstr1/./src/unicode/fsm/grapheme_break_rev.rs
/mnt/sda/xiang/syrust/syrust_replay/bstr1/./src/unicode/fsm/whitespace_anchored_rev.rs
/mnt/sda/xiang/syrust/syrust_replay/bstr1/./src/unicode/fsm/regional_indicator_rev.rs
/mnt/sda/xiang/syrust/syrust_replay/bstr1/./src/unicode/fsm/simple_word_fwd.rs
/mnt/sda/xiang/syrust/syrust_replay/bstr1/./src/unicode/fsm/grapheme_break_fwd.rs
/mnt/sda/xiang/syrust/syrust_replay/bstr1/./src/unicode/fsm/whitespace_anchored_fwd.rs
/mnt/sda/xiang/syrust/syrust_replay/bstr1/./src/unicode/fsm/word_break_fwd.rs
/mnt/sda/xiang/syrust/syrust_replay/bstr1/./src/unicode/fsm/mod.rs
/mnt/sda/xiang/syrust/syrust_replay/bstr1/./src/unicode/fsm/sentence_break_fwd.rs
/mnt/sda/xiang/syrust/syrust_replay/bstr1/./src/unicode/mod.rs
/mnt/sda/xiang/syrust/syrust_replay/bstr1/./src/unicode/sentence.rs
err tests_rug_325 test_rug
err tests_rug_326 test_rug
err tests_rug_327 test_rug
err tests_rug_329 test_rug
err tests_rug_330 test_rug
/mnt/sda/xiang/syrust/syrust_replay/bstr1/./src/bstring.rs
/mnt/sda/xiang/syrust/syrust_replay/bstr1/./src/utf8.rs
err tests_rug_352 test_rug
err tests_rug_353 test_rug
err tests_rug_354 test_rug
err tests_rug_355 test_rug
err tests_rug_358 test_chars_new
err tests_rug_359 test_rug
err tests_rug_360 test_rug
err tests_rug_361 test_rug
err tests_rug_362 test_new
err tests_rug_363 test_rug
/mnt/sda/xiang/syrust/syrust_replay/bstr1/./src/cow.rs
err tests_rug_385 test_rug
err tests_rug_389 test_rug
/mnt/sda/xiang/syrust/syrust_replay/bstr1/./src/io.rs
err tests_rug_303 test_trim_line_slice
/mnt/sda/xiang/syrust/syrust_replay/bstr1/./src/byteset/scalar.rs
err tests_rug_8 test_rug
err tests_rug_9 test_rug
/mnt/sda/xiang/syrust/syrust_replay/bstr1/./src/byteset/mod.rs
err tests_rug_17 test_rug
err tests_rug_18 test_rug
err tests_rug_19 test_rug
err tests_rug_20 test_rug
/mnt/sda/xiang/syrust/syrust_replay/bstr1/./src/bstr.rs
err tests_rug_374 test_rug
err tests_rug_376 test_rug
err tests_rug_380 test_rug
/mnt/sda/xiang/syrust/syrust_replay/bstr1/./src/tests.rs
/mnt/sda/xiang/syrust/syrust_replay/bstr1/./src/ascii.rs
err tests_rug_1 test_first_non_ascii_byte
err tests_rug_3 test_rug
/mnt/sda/xiang/syrust/syrust_replay/bstr1/./src/search/twoway.rs
err tests_rug_402 test_rug
err tests_rug_403 test_rug
err tests_rug_421 test_rug
/mnt/sda/xiang/syrust/syrust_replay/bstr1/./src/search/tests.rs
/mnt/sda/xiang/syrust/syrust_replay/bstr1/./src/search/byte_frequencies.rs
/mnt/sda/xiang/syrust/syrust_replay/bstr1/./src/search/prefilter.rs
err tests_rug_395 test_rug
err tests_rug_397 test_rug
err tests_rug_398 test_rug
/mnt/sda/xiang/syrust/syrust_replay/bstr1/./src/search/mod.rs
/mnt/sda/xiang/syrust/syrust_replay/bstr1/./src/impls.rs
err tests_rug_183 test_rug
err tests_rug_185 test_from
err tests_rug_202 test_rug
err tests_rug_203 test_rug
err tests_rug_211 test_rug
err tests_rug_212 test_rug
err tests_rug_214 test_rug
err tests_rug_219 test_rug
err tests_rug_220 test_rug
err tests_rug_221 test_rug
err tests_rug_222 test_rug
err tests_rug_229 test_rug
err tests_rug_230 test_rug
err tests_rug_231 test_rug
err tests_rug_232 test_rug
err tests_rug_233 test_rug
err tests_rug_236 test_rug
err tests_rug_249 test_rug
err tests_rug_250 test_rug
err tests_rug_256 test_rug
err tests_rug_261 test_rug
err tests_rug_262 test_rug
err tests_rug_263 test_rug
err tests_rug_264 test_rug
err tests_rug_265 test_rug
err tests_rug_271 test_rug
err tests_rug_273_prepare sample2
err tests_rug_273 test_rug
err tests_rug_275 test_rug
err tests_rug_279 test_rug
err tests_rug_281 test_rug
err tests_rug_283 test_rug
err tests_rug_284 test_rug
err tests_rug_285 test_rug
err tests_rug_286 test_rug
err tests_rug_287 test_rug
err tests_rug_288 test_partial_cmp
err tests_rug_292 test_rug
err tests_rug_295 test_rug
err tests_rug_297_prepare sample_bstr
err tests_rug_297_prepare test_partial_cmp
err tests_rug_299 test_rug
err tests_rug_301 test_rug
/mnt/sda/xiang/syrust/syrust_replay/bstr1/./src/ext_vec.rs
err tests_rug_137_prepare test_bstr_join
err tests_rug_149 test_rug
err tests_rug_150_prepare sample
err tests_rug_158 test_pop_char
err tests_rug_170 test_rug
err tests_rug_171 test_into_vec
err tests_rug_172 test_rug
/mnt/sda/xiang/syrust/syrust_replay/bstr1/./src/lib.rs
/mnt/sda/xiang/syrust/syrust_replay/bstr1/./src/ext_slice.rs
err tests_rug_99 test_rug
err tests_rug_101 test_rug
err tests_rug_102 test_rug
err tests_rug_103 test_rug
err tests_rug_104 test_rug
err tests_rug_105 test_rug
err tests_rug_109 test_rug
err tests_rug_111 test_rug
err tests_rug_113 test_rug
err tests_rug_120 test_rug
err tests_rug_124 test_rug
err tests_rug_126 test_rug
err tests_rug_127 test_rug
err tests_rug_128 test_rug
err tests_rug_130 test_rug
err tests_rug_132 test_rug
err tests_rug_133 test_rug
err tests_rug_134 test_rug
err tests_rug_135 test_rug
done
