dashmap1 dashmap . ['/mnt/sda/xiang/syrust/syrust_replay/dashmap1/./src/set.rs', '/mnt/sda/xiang/syrust/syrust_replay/dashmap1/./src/iter_set.rs', '/mnt/sda/xiang/syrust/syrust_replay/dashmap1/./src/serde.rs', '/mnt/sda/xiang/syrust/syrust_replay/dashmap1/./src/iter.rs', '/mnt/sda/xiang/syrust/syrust_replay/dashmap1/./src/setref/mod.rs', '/mnt/sda/xiang/syrust/syrust_replay/dashmap1/./src/setref/one.rs', '/mnt/sda/xiang/syrust/syrust_replay/dashmap1/./src/setref/multiple.rs', '/mnt/sda/xiang/syrust/syrust_replay/dashmap1/./src/lock.rs', '/mnt/sda/xiang/syrust/syrust_replay/dashmap1/./src/read_only.rs', '/mnt/sda/xiang/syrust/syrust_replay/dashmap1/./src/util.rs', '/mnt/sda/xiang/syrust/syrust_replay/dashmap1/./src/t.rs', '/mnt/sda/xiang/syrust/syrust_replay/dashmap1/./src/lib.rs', '/mnt/sda/xiang/syrust/syrust_replay/dashmap1/./src/mapref/entry.rs', '/mnt/sda/xiang/syrust/syrust_replay/dashmap1/./src/mapref/mod.rs', '/mnt/sda/xiang/syrust/syrust_replay/dashmap1/./src/mapref/one.rs', '/mnt/sda/xiang/syrust/syrust_replay/dashmap1/./src/mapref/multiple.rs']
err tests_rug_192_prepare sample rug_fuzz_0 i32 {'sample': [('rug_fuzz_0', 'i32'), ('rug_fuzz_1', 'i32'), ('rug_fuzz_2', 'i32')]}
err tests_rug_193_prepare sample_dashset rug_fuzz_0 i32 {'sample_dashset': [('rug_fuzz_0', 'i32'), ('rug_fuzz_1', 'i32'), ('rug_fuzz_2', 'i32')]}
err tests_rug_58_prepare sample rug_fuzz_0 i32 {'sample': [('rug_fuzz_0', 'i32'), ('rug_fuzz_1', 'i32'), ('rug_fuzz_2', 'i32')]}
err tests_rug_95_prepare sample rug_fuzz_0 i32 {'sample': [('rug_fuzz_0', 'i32'), ('rug_fuzz_1', 'i32'), ('rug_fuzz_2', 'i32')]}
/mnt/sda/xiang/syrust/syrust_replay/dashmap1/./src/set.rs
/mnt/sda/xiang/syrust/syrust_replay/dashmap1/./src/iter_set.rs
/mnt/sda/xiang/syrust/syrust_replay/dashmap1/./src/serde.rs
/mnt/sda/xiang/syrust/syrust_replay/dashmap1/./src/iter.rs
/mnt/sda/xiang/syrust/syrust_replay/dashmap1/./src/setref/mod.rs
/mnt/sda/xiang/syrust/syrust_replay/dashmap1/./src/setref/one.rs
/mnt/sda/xiang/syrust/syrust_replay/dashmap1/./src/setref/multiple.rs
/mnt/sda/xiang/syrust/syrust_replay/dashmap1/./src/lock.rs
/mnt/sda/xiang/syrust/syrust_replay/dashmap1/./src/read_only.rs
/mnt/sda/xiang/syrust/syrust_replay/dashmap1/./src/util.rs
/mnt/sda/xiang/syrust/syrust_replay/dashmap1/./src/t.rs
/mnt/sda/xiang/syrust/syrust_replay/dashmap1/./src/lib.rs
/mnt/sda/xiang/syrust/syrust_replay/dashmap1/./src/mapref/entry.rs
/mnt/sda/xiang/syrust/syrust_replay/dashmap1/./src/mapref/mod.rs
/mnt/sda/xiang/syrust/syrust_replay/dashmap1/./src/mapref/one.rs
/mnt/sda/xiang/syrust/syrust_replay/dashmap1/./src/mapref/multiple.rs
done
