err not in  /mnt/sda/xiang/syrust/syrust_cov/encode_unicode1/src/utf8_char.rs/92/5/96/6
err not in  /mnt/sda/xiang/syrust/syrust_cov/encode_unicode1/src/utf8_char.rs/63/15/63/31
err not in  /mnt/sda/xiang/syrust/syrust_cov/encode_unicode1/src/utf8_char.rs/64/14/64/15
err not in  /mnt/sda/xiang/syrust/syrust_cov/encode_unicode1/src/utf8_char.rs/64/18/64/29
err not in  /mnt/sda/xiang/syrust/syrust_cov/encode_unicode1/src/utf8_char.rs/65/17/67/18
err not in  /mnt/sda/xiang/syrust/syrust_cov/encode_unicode1/src/utf8_char.rs/69/14/69/15
err not in  /mnt/sda/xiang/syrust/syrust_cov/encode_unicode1/src/utf8_char.rs/69/18/69/29
err not in  /mnt/sda/xiang/syrust/syrust_cov/encode_unicode1/src/utf8_char.rs/70/21/72/49
err not in  /mnt/sda/xiang/syrust/syrust_cov/encode_unicode1/src/utf8_char.rs/74/14/78/49
err not in  /mnt/sda/xiang/syrust/syrust_cov/encode_unicode1/src/utf8_char.rs/80/14/86/49
err not in  /mnt/sda/xiang/syrust/syrust_cov/encode_unicode1/src/utf8_char.rs/89/5/89/6
err not in  /mnt/sda/xiang/syrust/syrust_cov/encode_unicode1/src/utf8_char.rs/535/5/539/6
err not in  /mnt/sda/xiang/syrust/syrust_cov/encode_unicode1/src/utf8_char.rs/578/5/580/6
err not in  /mnt/sda/xiang/syrust/syrust_cov/encode_unicode1/src/utf8_char.rs/22/10/22/17
err not in  /mnt/sda/xiang/syrust/syrust_cov/encode_unicode1/src/utf8_char.rs/23/10/23/19
err not in  /mnt/sda/xiang/syrust/syrust_cov/encode_unicode1/src/utf8_char.rs/457/5/459/6
err not in  /mnt/sda/xiang/syrust/syrust_cov/encode_unicode1/src/utf8_char.rs/272/5/274/6
err not in  /mnt/sda/xiang/syrust/syrust_cov/encode_unicode1/src/utf8_char.rs/23/25/23/35
err not in  /mnt/sda/xiang/syrust/syrust_cov/encode_unicode1/src/utf8_char.rs/176/5/178/6
err not in  /mnt/sda/xiang/syrust/syrust_cov/encode_unicode1/src/utf8_char.rs/171/5/173/6
err not in  /mnt/sda/xiang/syrust/syrust_cov/encode_unicode1/src/utf8_char.rs/570/5/571/34
err not in  /mnt/sda/xiang/syrust/syrust_cov/encode_unicode1/src/utf8_char.rs/572/13/572/56
err not in  /mnt/sda/xiang/syrust/syrust_cov/encode_unicode1/src/utf8_char.rs/573/10/576/6
err not in  /mnt/sda/xiang/syrust/syrust_cov/encode_unicode1/src/utf8_char.rs/513/5/514/27
err not in  /mnt/sda/xiang/syrust/syrust_cov/encode_unicode1/src/utf8_char.rs/515/13/515/64
err not in  /mnt/sda/xiang/syrust/syrust_cov/encode_unicode1/src/utf8_char.rs/517/13/517/26
err not in  /mnt/sda/xiang/syrust/syrust_cov/encode_unicode1/src/utf8_char.rs/519/5/519/6
err not in  /mnt/sda/xiang/syrust/syrust_cov/encode_unicode1/src/utf8_char.rs/287/5/289/6
err not in  /mnt/sda/xiang/syrust/syrust_cov/encode_unicode1/src/utf8_char.rs/491/5/495/6
err not in  /mnt/sda/xiang/syrust/syrust_cov/encode_unicode1/src/utf8_char.rs/555/5/557/6
err not in  /mnt/sda/xiang/syrust/syrust_cov/encode_unicode1/src/utf8_char.rs/358/5/360/30
err not in  /mnt/sda/xiang/syrust/syrust_cov/encode_unicode1/src/utf8_char.rs/361/17/361/35
err not in  /mnt/sda/xiang/syrust/syrust_cov/encode_unicode1/src/utf8_char.rs/363/17/363/73
err not in  /mnt/sda/xiang/syrust/syrust_cov/encode_unicode1/src/utf8_char.rs/366/5/366/6
err not in  /mnt/sda/xiang/syrust/syrust_cov/encode_unicode1/src/utf8_char.rs/506/5/508/6
err not in  /mnt/sda/xiang/syrust/syrust_cov/encode_unicode1/src/utf8_char.rs/525/5/529/6
err not in  /mnt/sda/xiang/syrust/syrust_cov/encode_unicode1/src/utf8_char.rs/546/5/548/6
err not in  /mnt/sda/xiang/syrust/syrust_cov/encode_unicode1/src/utf8_char.rs/584/5/586/6
err not in  /mnt/sda/xiang/syrust/syrust_cov/encode_unicode1/src/utf8_char.rs/501/5/504/6
err not in  /mnt/sda/xiang/syrust/syrust_cov/encode_unicode1/src/utf8_char.rs/107/5/109/6
err not in  /mnt/sda/xiang/syrust/syrust_cov/encode_unicode1/src/utf8_char.rs/192/5/194/6
err not in  /mnt/sda/xiang/syrust/syrust_cov/encode_unicode1/src/utf8_char.rs/406/5/411/6
err not in  /mnt/sda/xiang/syrust/syrust_cov/encode_unicode1/src/utf8_iterators.rs/36/5/38/6
err not in  /mnt/sda/xiang/syrust/syrust_cov/encode_unicode1/src/utf8_iterators.rs/41/5/44/6
err not in  /mnt/sda/xiang/syrust/syrust_cov/encode_unicode1/src/utf8_iterators.rs/267/5/268/39
err not in  /mnt/sda/xiang/syrust/syrust_cov/encode_unicode1/src/utf8_iterators.rs/269/17/270/42
err not in  /mnt/sda/xiang/syrust/syrust_cov/encode_unicode1/src/utf8_iterators.rs/270/76/274/32
err not in  /mnt/sda/xiang/syrust/syrust_cov/encode_unicode1/src/utf8_iterators.rs/276/13/276/17
err not in  /mnt/sda/xiang/syrust/syrust_cov/encode_unicode1/src/utf8_iterators.rs/278/5/278/6
err not in  /mnt/sda/xiang/syrust/syrust_cov/encode_unicode1/src/utf8_iterators.rs/14/5/18/6
err not in  /mnt/sda/xiang/syrust/syrust_cov/encode_unicode1/src/utf8_iterators.rs/49/5/49/66
err not in  /mnt/sda/xiang/syrust/syrust_cov/encode_unicode1/src/utf8_iterators.rs/50/14/50/20
err not in  /mnt/sda/xiang/syrust/syrust_cov/encode_unicode1/src/utf8_iterators.rs/50/25/50/51
err not in  /mnt/sda/xiang/syrust/syrust_cov/encode_unicode1/src/utf8_iterators.rs/51/19/51/30
err not in  /mnt/sda/xiang/syrust/syrust_cov/encode_unicode1/src/utf8_iterators.rs/52/22/52/36
err not in  /mnt/sda/xiang/syrust/syrust_cov/encode_unicode1/src/utf8_iterators.rs/53/32/53/37
err not in  /mnt/sda/xiang/syrust/syrust_cov/encode_unicode1/src/utf8_iterators.rs/56/9/56/22
err not in  /mnt/sda/xiang/syrust/syrust_cov/encode_unicode1/src/utf8_iterators.rs/57/5/57/6
err not in  /mnt/sda/xiang/syrust/syrust_cov/encode_unicode1/src/utf8_iterators.rs/292/5/294/6
err not in  /mnt/sda/xiang/syrust/syrust_cov/encode_unicode1/src/utf8_iterators.rs/27/5/29/24
err not in  /mnt/sda/xiang/syrust/syrust_cov/encode_unicode1/src/utf8_iterators.rs/30/13/30/17
err not in  /mnt/sda/xiang/syrust/syrust_cov/encode_unicode1/src/utf8_iterators.rs/32/13/33/23
err not in  /mnt/sda/xiang/syrust/syrust_cov/encode_unicode1/src/utf8_iterators.rs/35/5/35/6
err not in  /mnt/sda/xiang/syrust/syrust_cov/encode_unicode1/src/utf8_iterators.rs/226/5/231/6
err not in  /mnt/sda/xiang/syrust/syrust_cov/encode_unicode1/src/utf8_iterators.rs/21/5/23/6
err not in  /mnt/sda/xiang/syrust/syrust_cov/encode_unicode1/src/utf8_iterators.rs/251/5/252/64
err not in  /mnt/sda/xiang/syrust/syrust_cov/encode_unicode1/src/utf8_iterators.rs/253/17/256/27
err not in  /mnt/sda/xiang/syrust/syrust_cov/encode_unicode1/src/utf8_iterators.rs/258/35/258/39
err not in  /mnt/sda/xiang/syrust/syrust_cov/encode_unicode1/src/utf8_iterators.rs/260/5/260/6
err not in  /mnt/sda/xiang/syrust/syrust_cov/encode_unicode1/src/utf16_char.rs/146/49/146/69
err not in  /mnt/sda/xiang/syrust/syrust_cov/encode_unicode1/src/utf16_char.rs/146/49/146/69
err not in  /mnt/sda/xiang/syrust/syrust_cov/encode_unicode1/src/utf16_char.rs/248/5/250/6
err not in  /mnt/sda/xiang/syrust/syrust_cov/encode_unicode1/src/utf16_char.rs/433/21/433/27
err not in  /mnt/sda/xiang/syrust/syrust_cov/encode_unicode1/src/utf16_char.rs/433/33/433/41
err not in  /mnt/sda/xiang/syrust/syrust_cov/encode_unicode1/src/utf16_char.rs/433/44/433/50
err not in  /mnt/sda/xiang/syrust/syrust_cov/encode_unicode1/src/utf16_char.rs/433/60/433/61
err not in  /mnt/sda/xiang/syrust/syrust_cov/encode_unicode1/src/utf16_char.rs/434/17/440/14
err not in  /mnt/sda/xiang/syrust/syrust_cov/encode_unicode1/src/utf16_char.rs/501/51/501/84
err not in  /mnt/sda/xiang/syrust/syrust_cov/encode_unicode1/src/utf16_char.rs/146/49/146/69
err not in  /mnt/sda/xiang/syrust/syrust_cov/encode_unicode1/src/utf16_iterators.rs/133/5/134/33
err not in  /mnt/sda/xiang/syrust/syrust_cov/encode_unicode1/src/utf16_iterators.rs/135/13/137/22
err not in  /mnt/sda/xiang/syrust/syrust_cov/encode_unicode1/src/utf16_iterators.rs/141/18/141/19
err not in  /mnt/sda/xiang/syrust/syrust_cov/encode_unicode1/src/utf16_iterators.rs/143/17/145/30
err not in  /mnt/sda/xiang/syrust/syrust_cov/encode_unicode1/src/utf16_iterators.rs/147/5/147/6
err not in  /mnt/sda/xiang/syrust/syrust_cov/encode_unicode1/src/utf16_iterators.rs/151/47/151/84
err not in  /mnt/sda/xiang/syrust/syrust_cov/encode_unicode1/src/utf16_iterators.rs/137/29/141/18
err not in  /mnt/sda/xiang/syrust/syrust_cov/encode_unicode1/src/utf16_iterators.rs/137/29/141/18
err not in  /mnt/sda/xiang/syrust/syrust_cov/encode_unicode1/src/utf16_iterators.rs/148/5/149/48
err not in  /mnt/sda/xiang/syrust/syrust_cov/encode_unicode1/src/utf16_iterators.rs/150/13/150/16
err not in  /mnt/sda/xiang/syrust/syrust_cov/encode_unicode1/src/utf16_iterators.rs/150/22/150/43
err not in  /mnt/sda/xiang/syrust/syrust_cov/encode_unicode1/src/utf16_iterators.rs/150/46/150/47
err not in  /mnt/sda/xiang/syrust/syrust_cov/encode_unicode1/src/utf16_iterators.rs/150/57/150/58
err not in  /mnt/sda/xiang/syrust/syrust_cov/encode_unicode1/src/utf16_iterators.rs/151/9/151/41
err not in  /mnt/sda/xiang/syrust/syrust_cov/encode_unicode1/src/utf16_iterators.rs/151/84/152/6
err not in  /mnt/sda/xiang/syrust/syrust_cov/encode_unicode1/src/utf16_iterators.rs/133/5/134/33
err not in  /mnt/sda/xiang/syrust/syrust_cov/encode_unicode1/src/utf16_iterators.rs/135/13/137/22
err not in  /mnt/sda/xiang/syrust/syrust_cov/encode_unicode1/src/utf16_iterators.rs/141/18/141/19
err not in  /mnt/sda/xiang/syrust/syrust_cov/encode_unicode1/src/utf16_iterators.rs/143/17/145/30
err not in  /mnt/sda/xiang/syrust/syrust_cov/encode_unicode1/src/utf16_iterators.rs/147/5/147/6
err not in  /mnt/sda/xiang/syrust/syrust_cov/encode_unicode1/src/utf16_iterators.rs/101/1/108/2
err not in  /mnt/sda/xiang/syrust/syrust_cov/encode_unicode1/src/utf16_iterators.rs/101/1/108/2
err not in  /mnt/sda/xiang/syrust/syrust_cov/encode_unicode1/src/utf8_char.rs/559/5/561/6
err not in  /mnt/sda/xiang/syrust/syrust_cov/encode_unicode1/src/utf8_iterators.rs/173/5/176/41
err not in  /mnt/sda/xiang/syrust/syrust_cov/encode_unicode1/src/utf8_iterators.rs/176/84/177/6
err not in  /mnt/sda/xiang/syrust/syrust_cov/encode_unicode1/src/utf8_iterators.rs/135/10/135/15
err not in  /mnt/sda/xiang/syrust/syrust_cov/encode_unicode1/src/utf8_char.rs/49/5/50/24
err not in  /mnt/sda/xiang/syrust/syrust_cov/encode_unicode1/src/utf8_char.rs/51/13/51/37
err not in  /mnt/sda/xiang/syrust/syrust_cov/encode_unicode1/src/utf8_char.rs/52/19/52/78
err not in  /mnt/sda/xiang/syrust/syrust_cov/encode_unicode1/src/utf8_char.rs/53/13/53/50
err not in  /mnt/sda/xiang/syrust/syrust_cov/encode_unicode1/src/utf8_char.rs/55/17/57/42
err not in  /mnt/sda/xiang/syrust/syrust_cov/encode_unicode1/src/utf8_char.rs/59/5/59/6
err not in  /mnt/sda/xiang/syrust/syrust_cov/encode_unicode1/src/errors.rs/17/49/17/54
err not in  /mnt/sda/xiang/syrust/syrust_cov/encode_unicode1/src/utf16_iterators.rs/258/44/258/48
err not in  /mnt/sda/xiang/syrust/syrust_cov/encode_unicode1/src/utf16_char.rs/258/5/260/6
err not in  /mnt/sda/xiang/syrust/syrust_cov/encode_unicode1/src/utf8_char.rs/113/5/115/41
err not in  /mnt/sda/xiang/syrust/syrust_cov/encode_unicode1/src/utf8_char.rs/116/13/116/16
err not in  /mnt/sda/xiang/syrust/syrust_cov/encode_unicode1/src/utf8_char.rs/116/20/116/24
err not in  /mnt/sda/xiang/syrust/syrust_cov/encode_unicode1/src/utf8_char.rs/117/13/117/36
err not in  /mnt/sda/xiang/syrust/syrust_cov/encode_unicode1/src/utf8_char.rs/118/18/118/23
err not in  /mnt/sda/xiang/syrust/syrust_cov/encode_unicode1/src/utf8_char.rs/118/28/118/42
err not in  /mnt/sda/xiang/syrust/syrust_cov/encode_unicode1/src/utf8_char.rs/119/20/119/30
err not in  /mnt/sda/xiang/syrust/syrust_cov/encode_unicode1/src/utf8_char.rs/119/31/121/18
err not in  /mnt/sda/xiang/syrust/syrust_cov/encode_unicode1/src/utf8_char.rs/121/18/121/19
err not in  /mnt/sda/xiang/syrust/syrust_cov/encode_unicode1/src/utf8_char.rs/124/5/124/6
err not in  /mnt/sda/xiang/syrust/syrust_cov/encode_unicode1/src/utf8_iterators.rs/308/5/310/6
err not in  /mnt/sda/xiang/syrust/syrust_cov/encode_unicode1/src/utf16_iterators.rs/243/5/245/6
err not in  /mnt/sda/xiang/syrust/syrust_cov/encode_unicode1/src/decoding_iterators.rs/174/29/174/82
err not in  /mnt/sda/xiang/syrust/syrust_cov/encode_unicode1/src/decoding_iterators.rs/480/5/484/6
err not in  /mnt/sda/xiang/syrust/syrust_cov/encode_unicode1/src/errors.rs/45/48/45/57
err not in  /mnt/sda/xiang/syrust/syrust_cov/encode_unicode1/src/utf8_char.rs/262/5/264/6
err not in  /mnt/sda/xiang/syrust/syrust_cov/encode_unicode1/src/utf16_char.rs/192/5/194/6
err not in  /mnt/sda/xiang/syrust/syrust_cov/encode_unicode1/src/errors.rs/11/33/12/49
err not in  /mnt/sda/xiang/syrust/syrust_cov/encode_unicode1/src/errors.rs/194/30/194/31
err not in  /mnt/sda/xiang/syrust/syrust_cov/encode_unicode1/src/errors.rs/194/38/194/39
err not in  /mnt/sda/xiang/syrust/syrust_cov/encode_unicode1/src/utf16_char.rs/534/5/535/44
err not in  /mnt/sda/xiang/syrust/syrust_cov/encode_unicode1/src/utf16_char.rs/536/13/538/15
err not in  /mnt/sda/xiang/syrust/syrust_cov/encode_unicode1/src/utf16_char.rs/540/13/540/29
err not in  /mnt/sda/xiang/syrust/syrust_cov/encode_unicode1/src/utf16_char.rs/542/5/542/6
err not in  /mnt/sda/xiang/syrust/syrust_cov/encode_unicode1/src/utf8_iterators.rs/245/5/247/6
err not in  /mnt/sda/xiang/syrust/syrust_cov/encode_unicode1/src/errors.rs/124/1/124/8
err not in  /mnt/sda/xiang/syrust/syrust_cov/encode_unicode1/src/errors.rs/129/5/129/77
err not in  /mnt/sda/xiang/syrust/syrust_cov/encode_unicode1/src/errors.rs/131/27/131/69
err not in  /mnt/sda/xiang/syrust/syrust_cov/encode_unicode1/src/decoding_iterators.rs/363/26/364/62
err not in  /mnt/sda/xiang/syrust/syrust_cov/encode_unicode1/src/decoding_iterators.rs/366/25/366/82
err not in  /mnt/sda/xiang/syrust/syrust_cov/encode_unicode1/src/decoding_iterators.rs/369/31/369/47
err not in  /mnt/sda/xiang/syrust/syrust_cov/encode_unicode1/src/decoding_iterators.rs/370/34/371/79
err not in  /mnt/sda/xiang/syrust/syrust_cov/encode_unicode1/src/decoding_iterators.rs/373/41/378/42
err not in  /mnt/sda/xiang/syrust/syrust_cov/encode_unicode1/src/decoding_iterators.rs/381/53/382/87
err not in  /mnt/sda/xiang/syrust/syrust_cov/encode_unicode1/src/decoding_iterators.rs/386/37/386/68
err not in  /mnt/sda/xiang/syrust/syrust_cov/encode_unicode1/src/decoding_iterators.rs/390/25/390/73
err not in  /mnt/sda/xiang/syrust/syrust_cov/encode_unicode1/src/decoding_iterators.rs/393/13/393/14
err not in  /mnt/sda/xiang/syrust/syrust_cov/encode_unicode1/src/errors.rs/11/33/12/49
err not in  /mnt/sda/xiang/syrust/syrust_cov/encode_unicode1/src/utf16_char.rs/647/5/649/33
err not in  /mnt/sda/xiang/syrust/syrust_cov/encode_unicode1/src/utf16_char.rs/650/18/650/54
err not in  /mnt/sda/xiang/syrust/syrust_cov/encode_unicode1/src/utf16_char.rs/651/21/651/64
err not in  /mnt/sda/xiang/syrust/syrust_cov/encode_unicode1/src/utf16_char.rs/653/12/653/22
err not in  /mnt/sda/xiang/syrust/syrust_cov/encode_unicode1/src/utf16_char.rs/653/23/655/10
err not in  /mnt/sda/xiang/syrust/syrust_cov/encode_unicode1/src/utf16_char.rs/655/10/655/11
err not in  /mnt/sda/xiang/syrust/syrust_cov/encode_unicode1/src/utf16_char.rs/656/9/657/6
err not in  /mnt/sda/xiang/syrust/syrust_cov/encode_unicode1/src/utf8_char.rs/252/5/254/6
err not in  /mnt/sda/xiang/syrust/syrust_cov/encode_unicode1/src/decoding_iterators.rs/27/10/27/15
err not in  /mnt/sda/xiang/syrust/syrust_cov/encode_unicode1/src/errors.rs/17/56/17/65
err not in  /mnt/sda/xiang/syrust/syrust_cov/encode_unicode1/src/errors.rs/11/33/12/49
err not in  /mnt/sda/xiang/syrust/syrust_cov/encode_unicode1/src/errors.rs/154/10/154/15
err not in  /mnt/sda/xiang/syrust/syrust_cov/encode_unicode1/src/utf8_char.rs/23/37/23/40
err not in  /mnt/sda/xiang/syrust/syrust_cov/encode_unicode1/src/utf16_iterators.rs/224/10/224/15
err not in  /mnt/sda/xiang/syrust/syrust_cov/encode_unicode1/src/utf16_iterators.rs/127/5/129/6
err not in  /mnt/sda/xiang/syrust/syrust_cov/encode_unicode1/src/utf16_char.rs/112/5/114/41
err not in  /mnt/sda/xiang/syrust/syrust_cov/encode_unicode1/src/utf16_char.rs/115/13/115/17
err not in  /mnt/sda/xiang/syrust/syrust_cov/encode_unicode1/src/utf16_char.rs/115/21/115/25
err not in  /mnt/sda/xiang/syrust/syrust_cov/encode_unicode1/src/utf16_char.rs/116/13/117/34
err not in  /mnt/sda/xiang/syrust/syrust_cov/encode_unicode1/src/utf16_char.rs/117/35/119/14
err not in  /mnt/sda/xiang/syrust/syrust_cov/encode_unicode1/src/utf16_char.rs/119/14/119/15
err not in  /mnt/sda/xiang/syrust/syrust_cov/encode_unicode1/src/utf16_char.rs/121/5/121/6
err not in  /mnt/sda/xiang/syrust/syrust_cov/encode_unicode1/src/utf8_char.rs/282/5/284/6
err not in  /mnt/sda/xiang/syrust/syrust_cov/encode_unicode1/src/errors.rs/117/1/117/8
err not in  /mnt/sda/xiang/syrust/syrust_cov/encode_unicode1/src/errors.rs/121/29/121/58
err not in  /mnt/sda/xiang/syrust/syrust_cov/encode_unicode1/src/errors.rs/122/63/122/73
err not in  /mnt/sda/xiang/syrust/syrust_cov/encode_unicode1/src/utf8_char.rs/113/5/115/41
err not in  /mnt/sda/xiang/syrust/syrust_cov/encode_unicode1/src/utf8_char.rs/116/13/116/16
err not in  /mnt/sda/xiang/syrust/syrust_cov/encode_unicode1/src/utf8_char.rs/116/20/116/24
err not in  /mnt/sda/xiang/syrust/syrust_cov/encode_unicode1/src/utf8_char.rs/117/13/117/36
err not in  /mnt/sda/xiang/syrust/syrust_cov/encode_unicode1/src/utf8_char.rs/118/18/118/23
err not in  /mnt/sda/xiang/syrust/syrust_cov/encode_unicode1/src/utf8_char.rs/118/28/118/42
err not in  /mnt/sda/xiang/syrust/syrust_cov/encode_unicode1/src/utf8_char.rs/119/20/119/30
err not in  /mnt/sda/xiang/syrust/syrust_cov/encode_unicode1/src/utf8_char.rs/119/31/121/18
err not in  /mnt/sda/xiang/syrust/syrust_cov/encode_unicode1/src/utf8_char.rs/121/18/121/19
err not in  /mnt/sda/xiang/syrust/syrust_cov/encode_unicode1/src/utf8_char.rs/124/5/124/6
err not in  /mnt/sda/xiang/syrust/syrust_cov/encode_unicode1/src/utf8_char.rs/113/5/115/41
err not in  /mnt/sda/xiang/syrust/syrust_cov/encode_unicode1/src/utf8_char.rs/116/13/116/16
err not in  /mnt/sda/xiang/syrust/syrust_cov/encode_unicode1/src/utf8_char.rs/116/20/116/24
err not in  /mnt/sda/xiang/syrust/syrust_cov/encode_unicode1/src/utf8_char.rs/117/13/117/36
err not in  /mnt/sda/xiang/syrust/syrust_cov/encode_unicode1/src/utf8_char.rs/118/18/118/23
err not in  /mnt/sda/xiang/syrust/syrust_cov/encode_unicode1/src/utf8_char.rs/118/28/118/42
err not in  /mnt/sda/xiang/syrust/syrust_cov/encode_unicode1/src/utf8_char.rs/119/20/119/30
err not in  /mnt/sda/xiang/syrust/syrust_cov/encode_unicode1/src/utf8_char.rs/119/31/121/18
err not in  /mnt/sda/xiang/syrust/syrust_cov/encode_unicode1/src/utf8_char.rs/121/18/121/19
err not in  /mnt/sda/xiang/syrust/syrust_cov/encode_unicode1/src/utf8_char.rs/124/5/124/6
err not in  /mnt/sda/xiang/syrust/syrust_cov/encode_unicode1/src/errors.rs/11/33/12/49
err not in  /mnt/sda/xiang/syrust/syrust_cov/encode_unicode1/src/utf16_iterators.rs/59/5/61/42
err not in  /mnt/sda/xiang/syrust/syrust_cov/encode_unicode1/src/utf16_iterators.rs/62/19/62/59
err not in  /mnt/sda/xiang/syrust/syrust_cov/encode_unicode1/src/utf16_iterators.rs/63/19/63/65
err not in  /mnt/sda/xiang/syrust/syrust_cov/encode_unicode1/src/utf16_iterators.rs/64/26/64/44
err not in  /mnt/sda/xiang/syrust/syrust_cov/encode_unicode1/src/utf16_iterators.rs/66/5/66/6
err not in  /mnt/sda/xiang/syrust/syrust_cov/encode_unicode1/src/utf8_char.rs/210/5/214/6
err not in  /mnt/sda/xiang/syrust/syrust_cov/encode_unicode1/src/errors.rs/45/28/45/33
err not in  /mnt/sda/xiang/syrust/syrust_cov/encode_unicode1/src/utf8_char.rs/99/5/101/6
err not in  /mnt/sda/xiang/syrust/syrust_cov/encode_unicode1/src/utf8_char.rs/306/5/307/31
err not in  /mnt/sda/xiang/syrust/syrust_cov/encode_unicode1/src/utf8_char.rs/307/35/307/53
err not in  /mnt/sda/xiang/syrust/syrust_cov/encode_unicode1/src/utf8_char.rs/308/5/308/6
err not in  /mnt/sda/xiang/syrust/syrust_cov/encode_unicode1/src/utf16_iterators.rs/262/5/264/6
err not in  /mnt/sda/xiang/syrust/syrust_cov/encode_unicode1/src/errors.rs/178/30/178/31
err not in  /mnt/sda/xiang/syrust/syrust_cov/encode_unicode1/src/errors.rs/178/38/178/39
err not in  /mnt/sda/xiang/syrust/syrust_cov/encode_unicode1/src/errors.rs/139/40/139/85
err not in  /mnt/sda/xiang/syrust/syrust_cov/encode_unicode1/src/utf8_iterators.rs/315/38/315/41
err not in  /mnt/sda/xiang/syrust/syrust_cov/encode_unicode1/src/utf16_iterators.rs/117/5/119/6
err not in  /mnt/sda/xiang/syrust/syrust_cov/encode_unicode1/src/utf16_iterators.rs/252/5/254/6
err not in  /mnt/sda/xiang/syrust/syrust_cov/encode_unicode1/src/utf8_char.rs/128/5/130/6
err not in  /mnt/sda/xiang/syrust/syrust_cov/encode_unicode1/src/errors.rs/11/33/12/49
err not in  /mnt/sda/xiang/syrust/syrust_cov/encode_unicode1/src/utf8_char.rs/140/5/142/6
err not in  /mnt/sda/xiang/syrust/syrust_cov/encode_unicode1/src/decoding_iterators.rs/27/17/27/24
err not in  /mnt/sda/xiang/syrust/syrust_cov/encode_unicode1/src/decoding_iterators.rs/291/10/291/15
err not in  /mnt/sda/xiang/syrust/syrust_cov/encode_unicode1/src/utf8_char.rs/223/5/225/6
err not in  /mnt/sda/xiang/syrust/syrust_cov/encode_unicode1/src/utf8_char.rs/113/5/115/41
err not in  /mnt/sda/xiang/syrust/syrust_cov/encode_unicode1/src/utf8_char.rs/116/13/116/16
err not in  /mnt/sda/xiang/syrust/syrust_cov/encode_unicode1/src/utf8_char.rs/116/20/116/24
err not in  /mnt/sda/xiang/syrust/syrust_cov/encode_unicode1/src/utf8_char.rs/117/13/117/36
err not in  /mnt/sda/xiang/syrust/syrust_cov/encode_unicode1/src/utf8_char.rs/118/18/118/23
err not in  /mnt/sda/xiang/syrust/syrust_cov/encode_unicode1/src/utf8_char.rs/118/28/118/42
err not in  /mnt/sda/xiang/syrust/syrust_cov/encode_unicode1/src/utf8_char.rs/119/20/119/30
err not in  /mnt/sda/xiang/syrust/syrust_cov/encode_unicode1/src/utf8_char.rs/119/31/121/18
err not in  /mnt/sda/xiang/syrust/syrust_cov/encode_unicode1/src/utf8_char.rs/121/18/121/19
err not in  /mnt/sda/xiang/syrust/syrust_cov/encode_unicode1/src/utf8_char.rs/124/5/124/6
err not in  /mnt/sda/xiang/syrust/syrust_cov/encode_unicode1/src/errors.rs/45/28/45/33
err not in  /mnt/sda/xiang/syrust/syrust_cov/encode_unicode1/src/errors.rs/194/10/194/15
err not in  /mnt/sda/xiang/syrust/syrust_cov/encode_unicode1/src/errors.rs/11/33/12/49
err not in  /mnt/sda/xiang/syrust/syrust_cov/encode_unicode1/src/utf16_iterators.rs/250/39/250/43
err not in  /mnt/sda/xiang/syrust/syrust_cov/encode_unicode1/src/errors.rs/95/1/95/8
err not in  /mnt/sda/xiang/syrust/syrust_cov/encode_unicode1/src/errors.rs/98/5/98/25
err not in  /mnt/sda/xiang/syrust/syrust_cov/encode_unicode1/src/errors.rs/99/28/99/68
err not in  /mnt/sda/xiang/syrust/syrust_cov/encode_unicode1/src/errors.rs/101/5/101/52
err not in  /mnt/sda/xiang/syrust/syrust_cov/encode_unicode1/src/errors.rs/103/32/103/86
err not in  /mnt/sda/xiang/syrust/syrust_cov/encode_unicode1/src/utf8_char.rs/181/5/183/6
err not in  /mnt/sda/xiang/syrust/syrust_cov/encode_unicode1/src/utf16_iterators.rs/155/10/155/15
err not in  /mnt/sda/xiang/syrust/syrust_cov/encode_unicode1/src/utf8_iterators.rs/289/10/289/15
err not in  /mnt/sda/xiang/syrust/syrust_cov/encode_unicode1/src/utf16_char.rs/587/5/589/6
err not in  /mnt/sda/xiang/syrust/syrust_cov/encode_unicode1/src/utf16_char.rs/394/5/395/24
err not in  /mnt/sda/xiang/syrust/syrust_cov/encode_unicode1/src/utf16_char.rs/396/20/396/38
err not in  /mnt/sda/xiang/syrust/syrust_cov/encode_unicode1/src/utf16_char.rs/397/10/399/19
err not in  /mnt/sda/xiang/syrust/syrust_cov/encode_unicode1/src/utf16_char.rs/400/13/400/20
err not in  /mnt/sda/xiang/syrust/syrust_cov/encode_unicode1/src/utf16_char.rs/401/21/402/56
err not in  /mnt/sda/xiang/syrust/syrust_cov/encode_unicode1/src/utf16_char.rs/404/13/404/38
err not in  /mnt/sda/xiang/syrust/syrust_cov/encode_unicode1/src/utf16_char.rs/405/21/406/56
err not in  /mnt/sda/xiang/syrust/syrust_cov/encode_unicode1/src/utf16_char.rs/408/13/408/38
err not in  /mnt/sda/xiang/syrust/syrust_cov/encode_unicode1/src/utf16_char.rs/409/21/411/56
err not in  /mnt/sda/xiang/syrust/syrust_cov/encode_unicode1/src/utf16_char.rs/414/21/424/19
err not in  /mnt/sda/xiang/syrust/syrust_cov/encode_unicode1/src/utf16_char.rs/427/5/427/6
err not in  /mnt/sda/xiang/syrust/syrust_cov/encode_unicode1/src/decoding_iterators.rs/406/5/408/56
err not in  /mnt/sda/xiang/syrust/syrust_cov/encode_unicode1/src/decoding_iterators.rs/408/71/411/6
err not in  /mnt/sda/xiang/syrust/syrust_cov/encode_unicode1/src/utf8_iterators.rs/60/5/62/22
err not in  /mnt/sda/xiang/syrust/syrust_cov/encode_unicode1/src/utf8_iterators.rs/63/13/63/14
err not in  /mnt/sda/xiang/syrust/syrust_cov/encode_unicode1/src/utf8_iterators.rs/63/23/63/30
err not in  /mnt/sda/xiang/syrust/syrust_cov/encode_unicode1/src/utf8_iterators.rs/63/31/66/10
err not in  /mnt/sda/xiang/syrust/syrust_cov/encode_unicode1/src/utf8_iterators.rs/67/9/68/6
err not in  /mnt/sda/xiang/syrust/syrust_cov/encode_unicode1/src/utf8_iterators.rs/142/5/144/6
err not in  /mnt/sda/xiang/syrust/syrust_cov/encode_unicode1/src/utf8_iterators.rs/327/5/329/6
err not in  /mnt/sda/xiang/syrust/syrust_cov/encode_unicode1/src/utf8_char.rs/257/5/259/6
err not in  /mnt/sda/xiang/syrust/syrust_cov/encode_unicode1/src/utf8_char.rs/392/5/394/18
err not in  /mnt/sda/xiang/syrust/syrust_cov/encode_unicode1/src/utf8_char.rs/398/14/399/6
err not in  /mnt/sda/xiang/syrust/syrust_cov/encode_unicode1/src/utf16_char.rs/476/5/477/43
err not in  /mnt/sda/xiang/syrust/syrust_cov/encode_unicode1/src/utf16_char.rs/478/13/478/51
err not in  /mnt/sda/xiang/syrust/syrust_cov/encode_unicode1/src/utf16_char.rs/479/19/479/37
err not in  /mnt/sda/xiang/syrust/syrust_cov/encode_unicode1/src/utf16_char.rs/479/41/479/72
err not in  /mnt/sda/xiang/syrust/syrust_cov/encode_unicode1/src/utf16_char.rs/480/13/480/43
err not in  /mnt/sda/xiang/syrust/syrust_cov/encode_unicode1/src/utf16_char.rs/481/19/481/37
err not in  /mnt/sda/xiang/syrust/syrust_cov/encode_unicode1/src/utf16_char.rs/482/13/482/65
err not in  /mnt/sda/xiang/syrust/syrust_cov/encode_unicode1/src/utf16_char.rs/484/13/484/61
err not in  /mnt/sda/xiang/syrust/syrust_cov/encode_unicode1/src/utf16_char.rs/486/5/486/6
err not in  /mnt/sda/xiang/syrust/syrust_cov/encode_unicode1/src/errors.rs/45/28/45/33
err not in  /mnt/sda/xiang/syrust/syrust_cov/encode_unicode1/src/utf16_char.rs/580/5/582/6
err not in  /mnt/sda/xiang/syrust/syrust_cov/encode_unicode1/src/errors.rs/145/26/145/78
err not in  /mnt/sda/xiang/syrust/syrust_cov/encode_unicode1/src/errors.rs/146/25/146/26
err not in  /mnt/sda/xiang/syrust/syrust_cov/encode_unicode1/src/errors.rs/77/1/77/8
err not in  /mnt/sda/xiang/syrust/syrust_cov/encode_unicode1/src/errors.rs/85/5/85/73
err not in  /mnt/sda/xiang/syrust/syrust_cov/encode_unicode1/src/errors.rs/87/28/87/60
err not in  /mnt/sda/xiang/syrust/syrust_cov/encode_unicode1/src/errors.rs/89/5/89/44
err not in  /mnt/sda/xiang/syrust/syrust_cov/encode_unicode1/src/errors.rs/93/24/93/84
err not in  /mnt/sda/xiang/syrust/syrust_cov/encode_unicode1/src/utf8_iterators.rs/314/5/315/27
err not in  /mnt/sda/xiang/syrust/syrust_cov/encode_unicode1/src/utf8_iterators.rs/315/41/316/6
err not in  /mnt/sda/xiang/syrust/syrust_cov/encode_unicode1/src/errors.rs/10/31/10/88
err not in  /mnt/sda/xiang/syrust/syrust_cov/encode_unicode1/src/errors.rs/17/56/17/65
err not in  /mnt/sda/xiang/syrust/syrust_cov/encode_unicode1/src/errors.rs/10/31/10/88
err not in  /mnt/sda/xiang/syrust/syrust_cov/encode_unicode1/src/decoding_iterators.rs/281/5/285/6
err not in  /mnt/sda/xiang/syrust/syrust_cov/encode_unicode1/src/errors.rs/143/76/144/59
err not in  /mnt/sda/xiang/syrust/syrust_cov/encode_unicode1/src/errors.rs/144/86/144/87
err not in  /mnt/sda/xiang/syrust/syrust_cov/encode_unicode1/src/decoding_iterators.rs/179/5/180/36
err not in  /mnt/sda/xiang/syrust/syrust_cov/encode_unicode1/src/decoding_iterators.rs/181/13/181/14
err not in  /mnt/sda/xiang/syrust/syrust_cov/encode_unicode1/src/decoding_iterators.rs/181/21/181/53
err not in  /mnt/sda/xiang/syrust/syrust_cov/encode_unicode1/src/decoding_iterators.rs/181/54/183/10
err not in  /mnt/sda/xiang/syrust/syrust_cov/encode_unicode1/src/decoding_iterators.rs/184/9/188/6
err not in  /mnt/sda/xiang/syrust/syrust_cov/encode_unicode1/src/utf16_iterators.rs/257/5/258/32
err not in  /mnt/sda/xiang/syrust/syrust_cov/encode_unicode1/src/utf16_iterators.rs/258/48/259/6
err not in  /mnt/sda/xiang/syrust/syrust_cov/encode_unicode1/src/decoding_iterators.rs/248/5/249/41
err not in  /mnt/sda/xiang/syrust/syrust_cov/encode_unicode1/src/decoding_iterators.rs/250/17/254/29
err not in  /mnt/sda/xiang/syrust/syrust_cov/encode_unicode1/src/decoding_iterators.rs/254/64/257/67
err not in  /mnt/sda/xiang/syrust/syrust_cov/encode_unicode1/src/decoding_iterators.rs/258/21/258/29
err not in  /mnt/sda/xiang/syrust/syrust_cov/encode_unicode1/src/decoding_iterators.rs/258/35/258/38
err not in  /mnt/sda/xiang/syrust/syrust_cov/encode_unicode1/src/decoding_iterators.rs/258/51/260/49
err not in  /mnt/sda/xiang/syrust/syrust_cov/encode_unicode1/src/decoding_iterators.rs/262/21/262/22
err not in  /mnt/sda/xiang/syrust/syrust_cov/encode_unicode1/src/decoding_iterators.rs/262/27/262/33
err not in  /mnt/sda/xiang/syrust/syrust_cov/encode_unicode1/src/decoding_iterators.rs/262/37/264/60
err not in  /mnt/sda/xiang/syrust/syrust_cov/encode_unicode1/src/decoding_iterators.rs/267/21/272/23
err not in  /mnt/sda/xiang/syrust/syrust_cov/encode_unicode1/src/decoding_iterators.rs/276/13/276/17
err not in  /mnt/sda/xiang/syrust/syrust_cov/encode_unicode1/src/decoding_iterators.rs/278/5/278/6
err not in  /mnt/sda/xiang/syrust/syrust_cov/encode_unicode1/src/utf8_iterators.rs/261/5/264/6
err not in  /mnt/sda/xiang/syrust/syrust_cov/encode_unicode1/src/decoding_iterators.rs/418/10/418/15
err not in  /mnt/sda/xiang/syrust/syrust_cov/encode_unicode1/src/utf16_char.rs/131/5/135/6
err not in  /mnt/sda/xiang/syrust/syrust_cov/encode_unicode1/src/errors.rs/10/31/10/88
err not in  /mnt/sda/xiang/syrust/syrust_cov/encode_unicode1/src/utf16_iterators.rs/180/5/182/6
err not in  /mnt/sda/xiang/syrust/syrust_cov/encode_unicode1/src/errors.rs/143/76/144/59
err not in  /mnt/sda/xiang/syrust/syrust_cov/encode_unicode1/src/errors.rs/144/86/144/87
err not in  /mnt/sda/xiang/syrust/syrust_cov/encode_unicode1/src/errors.rs/10/31/10/88
err not in  /mnt/sda/xiang/syrust/syrust_cov/encode_unicode1/src/utf16_iterators.rs/10/10/10/15
err not in  /mnt/sda/xiang/syrust/syrust_cov/encode_unicode1/src/errors.rs/11/33/12/49
err not in  /mnt/sda/xiang/syrust/syrust_cov/encode_unicode1/src/decoding_iterators.rs/418/17/418/24
err not in  /mnt/sda/xiang/syrust/syrust_cov/encode_unicode1/src/utf8_char.rs/215/5/219/6
err not in  /mnt/sda/xiang/syrust/syrust_cov/encode_unicode1/src/utf16_iterators.rs/205/46/205/76
err not in  /mnt/sda/xiang/syrust/syrust_cov/encode_unicode1/src/utf16_iterators.rs/216/5/221/6
err not in  /mnt/sda/xiang/syrust/syrust_cov/encode_unicode1/src/errors.rs/11/33/12/49
err not in  /mnt/sda/xiang/syrust/syrust_cov/encode_unicode1/src/utf16_iterators.rs/202/5/203/39
err not in  /mnt/sda/xiang/syrust/syrust_cov/encode_unicode1/src/utf16_iterators.rs/204/17/205/42
err not in  /mnt/sda/xiang/syrust/syrust_cov/encode_unicode1/src/utf16_iterators.rs/205/76/209/33
err not in  /mnt/sda/xiang/syrust/syrust_cov/encode_unicode1/src/utf16_iterators.rs/211/13/211/17
err not in  /mnt/sda/xiang/syrust/syrust_cov/encode_unicode1/src/utf16_iterators.rs/213/5/213/6
err not in  /mnt/sda/xiang/syrust/syrust_cov/encode_unicode1/src/decoding_iterators.rs/201/5/206/6
err not in  /mnt/sda/xiang/syrust/syrust_cov/encode_unicode1/src/decoding_iterators.rs/395/5/397/31
err not in  /mnt/sda/xiang/syrust/syrust_cov/encode_unicode1/src/decoding_iterators.rs/398/13/398/16
err not in  /mnt/sda/xiang/syrust/syrust_cov/encode_unicode1/src/decoding_iterators.rs/398/26/398/46
err not in  /mnt/sda/xiang/syrust/syrust_cov/encode_unicode1/src/decoding_iterators.rs/399/19/399/56
err not in  /mnt/sda/xiang/syrust/syrust_cov/encode_unicode1/src/decoding_iterators.rs/400/14/400/28
err not in  /mnt/sda/xiang/syrust/syrust_cov/encode_unicode1/src/decoding_iterators.rs/402/9/403/6
err not in  /mnt/sda/xiang/syrust/syrust_cov/encode_unicode1/src/errors.rs/45/28/45/33
err not in  /mnt/sda/xiang/syrust/syrust_cov/encode_unicode1/src/errors.rs/146/53/147/69
err not in  /mnt/sda/xiang/syrust/syrust_cov/encode_unicode1/src/errors.rs/147/78/148/54
err not in  /mnt/sda/xiang/syrust/syrust_cov/encode_unicode1/src/errors.rs/148/61/149/24
err not in  /mnt/sda/xiang/syrust/syrust_cov/encode_unicode1/src/errors.rs/149/28/149/29
err not in  /mnt/sda/xiang/syrust/syrust_cov/encode_unicode1/src/utf16_iterators.rs/186/5/187/65
err not in  /mnt/sda/xiang/syrust/syrust_cov/encode_unicode1/src/utf16_iterators.rs/188/17/191/27
err not in  /mnt/sda/xiang/syrust/syrust_cov/encode_unicode1/src/utf16_iterators.rs/193/35/193/39
err not in  /mnt/sda/xiang/syrust/syrust_cov/encode_unicode1/src/utf16_iterators.rs/195/5/195/6
err not in  /mnt/sda/xiang/syrust/syrust_cov/encode_unicode1/src/utf16_char.rs/125/5/127/6
err not in  /mnt/sda/xiang/syrust/syrust_cov/encode_unicode1/src/errors.rs/146/53/147/69
err not in  /mnt/sda/xiang/syrust/syrust_cov/encode_unicode1/src/errors.rs/147/78/148/54
err not in  /mnt/sda/xiang/syrust/syrust_cov/encode_unicode1/src/errors.rs/148/61/149/24
err not in  /mnt/sda/xiang/syrust/syrust_cov/encode_unicode1/src/errors.rs/149/28/149/29
err not in  /mnt/sda/xiang/syrust/syrust_cov/encode_unicode1/src/utf8_char.rs/24/10/24/15
err not in  /mnt/sda/xiang/syrust/syrust_cov/encode_unicode1/src/errors.rs/45/48/45/57
err not in  /mnt/sda/xiang/syrust/syrust_cov/encode_unicode1/src/errors.rs/139/40/139/85
err not in  /mnt/sda/xiang/syrust/syrust_cov/encode_unicode1/src/errors.rs/17/36/17/41
err not in  /mnt/sda/xiang/syrust/syrust_cov/encode_unicode1/src/errors.rs/139/40/139/85
err not in  /mnt/sda/xiang/syrust/syrust_cov/encode_unicode1/src/utf8_iterators.rs/11/10/11/15
err not in  /mnt/sda/xiang/syrust/syrust_cov/encode_unicode1/src/decoding_iterators.rs/195/10/195/15
err not in  /mnt/sda/xiang/syrust/syrust_cov/encode_unicode1/src/utf8_char.rs/475/5/476/28
err not in  /mnt/sda/xiang/syrust/syrust_cov/encode_unicode1/src/utf8_char.rs/477/13/479/15
err not in  /mnt/sda/xiang/syrust/syrust_cov/encode_unicode1/src/utf8_char.rs/481/13/481/31
err not in  /mnt/sda/xiang/syrust/syrust_cov/encode_unicode1/src/utf8_char.rs/483/5/483/6
err not in  /mnt/sda/xiang/syrust/syrust_cov/encode_unicode1/src/errors.rs/17/36/17/41
err not in  /mnt/sda/xiang/syrust/syrust_cov/encode_unicode1/src/utf8_iterators.rs/158/5/159/26
err not in  /mnt/sda/xiang/syrust/syrust_cov/encode_unicode1/src/utf8_iterators.rs/160/13/162/22
err not in  /mnt/sda/xiang/syrust/syrust_cov/encode_unicode1/src/utf8_iterators.rs/166/18/166/19
err not in  /mnt/sda/xiang/syrust/syrust_cov/encode_unicode1/src/utf8_iterators.rs/168/17/170/23
err not in  /mnt/sda/xiang/syrust/syrust_cov/encode_unicode1/src/utf8_iterators.rs/172/5/172/6
err not in  /mnt/sda/xiang/syrust/syrust_cov/encode_unicode1/src/errors.rs/17/56/17/65
err not in  /mnt/sda/xiang/syrust/syrust_cov/encode_unicode1/src/errors.rs/143/76/144/59
err not in  /mnt/sda/xiang/syrust/syrust_cov/encode_unicode1/src/errors.rs/144/86/144/87
err not in  /mnt/sda/xiang/syrust/syrust_cov/encode_unicode1/src/utf8_char.rs/166/5/168/6
err not in  /mnt/sda/xiang/syrust/syrust_cov/encode_unicode1/src/decoding_iterators.rs/195/17/195/24
err not in  /mnt/sda/xiang/syrust/syrust_cov/encode_unicode1/src/errors.rs/45/28/45/33
err not in  /mnt/sda/xiang/syrust/syrust_cov/encode_unicode1/src/utf8_char.rs/438/5/438/72
err not in  /mnt/sda/xiang/syrust/syrust_cov/encode_unicode1/src/utf8_char.rs/440/13/440/17
err not in  /mnt/sda/xiang/syrust/syrust_cov/encode_unicode1/src/utf8_char.rs/440/18/440/45
err not in  /mnt/sda/xiang/syrust/syrust_cov/encode_unicode1/src/utf8_char.rs/441/17/446/15
err not in  /mnt/sda/xiang/syrust/syrust_cov/encode_unicode1/src/utf8_char.rs/448/5/448/6
err not in  /mnt/sda/xiang/syrust/syrust_cov/encode_unicode1/src/errors.rs/45/28/45/33
err not in  /mnt/sda/xiang/syrust/syrust_cov/encode_unicode1/src/decoding_iterators.rs/254/34/254/64
err not in  /mnt/sda/xiang/syrust/syrust_cov/encode_unicode1/src/utf8_iterators.rs/317/5/319/6
err not in  /mnt/sda/xiang/syrust/syrust_cov/encode_unicode1/src/utf8_iterators.rs/152/5/154/6
err not in  /mnt/sda/xiang/syrust/syrust_cov/encode_unicode1/src/utf16_char.rs/51/41/51/42
err not in  /mnt/sda/xiang/syrust/syrust_cov/encode_unicode1/src/utf16_char.rs/52/17/52/28
err not in  /mnt/sda/xiang/syrust/syrust_cov/encode_unicode1/src/utf16_char.rs/52/34/52/39
err not in  /mnt/sda/xiang/syrust/syrust_cov/encode_unicode1/src/utf16_char.rs/52/49/52/62
err not in  /mnt/sda/xiang/syrust/syrust_cov/encode_unicode1/src/utf16_char.rs/53/27/53/64
err not in  /mnt/sda/xiang/syrust/syrust_cov/encode_unicode1/src/utf16_char.rs/54/35/54/59
err not in  /mnt/sda/xiang/syrust/syrust_cov/encode_unicode1/src/utf16_char.rs/56/5/56/6
err not in  /mnt/sda/xiang/syrust/syrust_cov/encode_unicode1/src/errors.rs/17/49/17/54
err not in  /mnt/sda/xiang/syrust/syrust_cov/encode_unicode1/src/decoding_iterators.rs/361/49/361/65
err not in  /mnt/sda/xiang/syrust/syrust_cov/encode_unicode1/src/utf8_char.rs/203/5/204/27
err not in  /mnt/sda/xiang/syrust/syrust_cov/encode_unicode1/src/utf8_char.rs/205/13/205/64
err not in  /mnt/sda/xiang/syrust/syrust_cov/encode_unicode1/src/utf8_char.rs/207/13/207/26
err not in  /mnt/sda/xiang/syrust/syrust_cov/encode_unicode1/src/utf8_char.rs/209/5/209/6
err not in  /mnt/sda/xiang/syrust/syrust_cov/encode_unicode1/src/errors.rs/45/28/45/33
err not in  /mnt/sda/xiang/syrust/syrust_cov/encode_unicode1/src/errors.rs/110/5/110/68
err not in  /mnt/sda/xiang/syrust/syrust_cov/encode_unicode1/src/errors.rs/113/5/113/84
err not in  /mnt/sda/xiang/syrust/syrust_cov/encode_unicode1/src/errors.rs/115/8/115/68
err not in  /mnt/sda/xiang/syrust/syrust_cov/encode_unicode1/src/errors.rs/145/26/145/78
err not in  /mnt/sda/xiang/syrust/syrust_cov/encode_unicode1/src/errors.rs/146/25/146/26
err not in  /mnt/sda/xiang/syrust/syrust_cov/encode_unicode1/src/errors.rs/154/30/154/31
err not in  /mnt/sda/xiang/syrust/syrust_cov/encode_unicode1/src/errors.rs/154/38/154/39
err not in  /mnt/sda/xiang/syrust/syrust_cov/encode_unicode1/src/errors.rs/146/53/147/69
err not in  /mnt/sda/xiang/syrust/syrust_cov/encode_unicode1/src/errors.rs/147/78/148/54
err not in  /mnt/sda/xiang/syrust/syrust_cov/encode_unicode1/src/errors.rs/148/61/149/24
err not in  /mnt/sda/xiang/syrust/syrust_cov/encode_unicode1/src/errors.rs/149/28/149/29
err not in  /mnt/sda/xiang/syrust/syrust_cov/encode_unicode1/src/utf16_char.rs/131/5/135/6
err not in  /mnt/sda/xiang/syrust/syrust_cov/encode_unicode1/src/utf8_iterators.rs/281/5/286/6
err not in  /mnt/sda/xiang/syrust/syrust_cov/encode_unicode1/src/utf8_char.rs/394/29/398/14
err not in  /mnt/sda/xiang/syrust/syrust_cov/encode_unicode1/src/utf8_iterators.rs/182/5/183/22
err not in  /mnt/sda/xiang/syrust/syrust_cov/encode_unicode1/src/utf8_iterators.rs/184/15/184/29
err not in  /mnt/sda/xiang/syrust/syrust_cov/encode_unicode1/src/utf8_iterators.rs/184/33/184/46
err not in  /mnt/sda/xiang/syrust/syrust_cov/encode_unicode1/src/utf8_iterators.rs/184/47/188/10
err not in  /mnt/sda/xiang/syrust/syrust_cov/encode_unicode1/src/utf8_iterators.rs/189/15/189/28
err not in  /mnt/sda/xiang/syrust/syrust_cov/encode_unicode1/src/utf8_iterators.rs/190/17/190/22
err not in  /mnt/sda/xiang/syrust/syrust_cov/encode_unicode1/src/utf8_iterators.rs/190/31/190/48
err not in  /mnt/sda/xiang/syrust/syrust_cov/encode_unicode1/src/utf8_iterators.rs/191/22/191/55
err not in  /mnt/sda/xiang/syrust/syrust_cov/encode_unicode1/src/utf8_iterators.rs/192/25/192/30
err not in  /mnt/sda/xiang/syrust/syrust_cov/encode_unicode1/src/utf8_iterators.rs/194/13/196/29
err not in  /mnt/sda/xiang/syrust/syrust_cov/encode_unicode1/src/utf8_iterators.rs/197/21/198/36
err not in  /mnt/sda/xiang/syrust/syrust_cov/encode_unicode1/src/utf8_iterators.rs/199/23/199/36
err not in  /mnt/sda/xiang/syrust/syrust_cov/encode_unicode1/src/utf8_iterators.rs/200/24/200/37
err not in  /mnt/sda/xiang/syrust/syrust_cov/encode_unicode1/src/utf8_iterators.rs/200/38/204/22
err not in  /mnt/sda/xiang/syrust/syrust_cov/encode_unicode1/src/utf8_iterators.rs/205/29/209/37
err not in  /mnt/sda/xiang/syrust/syrust_cov/encode_unicode1/src/utf8_iterators.rs/212/14/212/15
err not in  /mnt/sda/xiang/syrust/syrust_cov/encode_unicode1/src/utf8_iterators.rs/214/9/214/14
err not in  /mnt/sda/xiang/syrust/syrust_cov/encode_unicode1/src/utf8_iterators.rs/215/5/215/6
err not in  /mnt/sda/xiang/syrust/syrust_cov/encode_unicode1/src/errors.rs/17/36/17/41
err not in  /mnt/sda/xiang/syrust/syrust_cov/encode_unicode1/src/utf16_iterators.rs/110/10/110/15
err not in  /mnt/sda/xiang/syrust/syrust_cov/encode_unicode1/src/utf16_iterators.rs/249/5/250/27
err not in  /mnt/sda/xiang/syrust/syrust_cov/encode_unicode1/src/utf16_iterators.rs/250/43/251/6
err not in  /mnt/sda/xiang/syrust/syrust_cov/encode_unicode1/src/utf16_char.rs/567/5/569/6
err not in  /mnt/sda/xiang/syrust/syrust_cov/encode_unicode1/src/errors.rs/145/26/145/78
err not in  /mnt/sda/xiang/syrust/syrust_cov/encode_unicode1/src/errors.rs/146/25/146/26
err not in  /mnt/sda/xiang/syrust/syrust_cov/encode_unicode1/src/errors.rs/67/1/67/8
err not in  /mnt/sda/xiang/syrust/syrust_cov/encode_unicode1/src/errors.rs/72/5/72/67
err not in  /mnt/sda/xiang/syrust/syrust_cov/encode_unicode1/src/errors.rs/75/5/75/64
err not in  /mnt/sda/xiang/syrust/syrust_cov/encode_unicode1/src/utf8_char.rs/200/5/202/6
err not in  /mnt/sda/xiang/syrust/syrust_cov/encode_unicode1/src/utf16_char.rs/112/5/114/41
err not in  /mnt/sda/xiang/syrust/syrust_cov/encode_unicode1/src/utf16_char.rs/115/13/115/17
err not in  /mnt/sda/xiang/syrust/syrust_cov/encode_unicode1/src/utf16_char.rs/115/21/115/25
err not in  /mnt/sda/xiang/syrust/syrust_cov/encode_unicode1/src/utf16_char.rs/116/13/117/34
err not in  /mnt/sda/xiang/syrust/syrust_cov/encode_unicode1/src/utf16_char.rs/117/35/119/14
err not in  /mnt/sda/xiang/syrust/syrust_cov/encode_unicode1/src/utf16_char.rs/119/14/119/15
err not in  /mnt/sda/xiang/syrust/syrust_cov/encode_unicode1/src/utf16_char.rs/121/5/121/6
err not in  /mnt/sda/xiang/syrust/syrust_cov/encode_unicode1/src/utf8_iterators.rs/323/43/323/46
err not in  /mnt/sda/xiang/syrust/syrust_cov/encode_unicode1/src/errors.rs/17/36/17/41
err not in  /mnt/sda/xiang/syrust/syrust_cov/encode_unicode1/src/errors.rs/45/48/45/57
err not in  /mnt/sda/xiang/syrust/syrust_cov/encode_unicode1/src/errors.rs/11/33/12/49
err not in  /mnt/sda/xiang/syrust/syrust_cov/encode_unicode1/src/decoding_iterators.rs/227/5/229/67
err not in  /mnt/sda/xiang/syrust/syrust_cov/encode_unicode1/src/decoding_iterators.rs/230/17/232/44
err not in  /mnt/sda/xiang/syrust/syrust_cov/encode_unicode1/src/decoding_iterators.rs/234/33/234/37
err not in  /mnt/sda/xiang/syrust/syrust_cov/encode_unicode1/src/decoding_iterators.rs/235/17/237/41
err not in  /mnt/sda/xiang/syrust/syrust_cov/encode_unicode1/src/decoding_iterators.rs/240/5/240/6
err not in  /mnt/sda/xiang/syrust/syrust_cov/encode_unicode1/src/decoding_iterators.rs/408/60/408/71
err not in  /mnt/sda/xiang/syrust/syrust_cov/encode_unicode1/src/utf8_iterators.rs/176/47/176/84
err not in  /mnt/sda/xiang/syrust/syrust_cov/encode_unicode1/src/utf8_char.rs/220/5/222/6
err not in  /mnt/sda/xiang/syrust/syrust_cov/encode_unicode1/src/decoding_iterators.rs/221/5/223/6
err not in  /mnt/sda/xiang/syrust/syrust_cov/encode_unicode1/src/utf8_iterators.rs/220/10/220/15
err not in  /mnt/sda/xiang/syrust/syrust_cov/encode_unicode1/src/utf8_char.rs/267/5/269/6
err not in  /mnt/sda/xiang/syrust/syrust_cov/encode_unicode1/src/errors.rs/45/41/45/42
err not in  /mnt/sda/xiang/syrust/syrust_cov/encode_unicode1/src/errors.rs/45/45/45/46
err not in  /mnt/sda/xiang/syrust/syrust_cov/encode_unicode1/src/decoding_iterators.rs/360/5/361/46
err not in  /mnt/sda/xiang/syrust/syrust_cov/encode_unicode1/src/decoding_iterators.rs/361/65/363/18
err not in  /mnt/sda/xiang/syrust/syrust_cov/encode_unicode1/src/decoding_iterators.rs/393/14/394/6
err not in  /mnt/sda/xiang/syrust/syrust_cov/encode_unicode1/src/errors.rs/139/40/139/85
err not in  /mnt/sda/xiang/syrust/syrust_cov/encode_unicode1/src/errors.rs/10/31/10/88
err not in  /mnt/sda/xiang/syrust/syrust_cov/encode_unicode1/src/errors.rs/194/23/194/24
err not in  /mnt/sda/xiang/syrust/syrust_cov/encode_unicode1/src/errors.rs/194/27/194/28
err not in  /mnt/sda/xiang/syrust/syrust_cov/encode_unicode1/src/utf16_char.rs/165/5/167/6
err not in  /mnt/sda/xiang/syrust/syrust_cov/encode_unicode1/src/errors.rs/139/40/139/85
err not in  /mnt/sda/xiang/syrust/syrust_cov/encode_unicode1/src/utf8_iterators.rs/322/5/323/32
err not in  /mnt/sda/xiang/syrust/syrust_cov/encode_unicode1/src/utf8_iterators.rs/323/46/324/6
err not in  /mnt/sda/xiang/syrust/syrust_cov/encode_unicode1/src/errors.rs/17/56/17/65
err not in  /mnt/sda/xiang/syrust/syrust_cov/encode_unicode1/src/utf8_char.rs/113/5/115/41
err not in  /mnt/sda/xiang/syrust/syrust_cov/encode_unicode1/src/utf8_char.rs/116/13/116/16
err not in  /mnt/sda/xiang/syrust/syrust_cov/encode_unicode1/src/utf8_char.rs/116/20/116/24
err not in  /mnt/sda/xiang/syrust/syrust_cov/encode_unicode1/src/utf8_char.rs/117/13/117/36
err not in  /mnt/sda/xiang/syrust/syrust_cov/encode_unicode1/src/utf8_char.rs/118/18/118/23
err not in  /mnt/sda/xiang/syrust/syrust_cov/encode_unicode1/src/utf8_char.rs/118/28/118/42
err not in  /mnt/sda/xiang/syrust/syrust_cov/encode_unicode1/src/utf8_char.rs/119/20/119/30
err not in  /mnt/sda/xiang/syrust/syrust_cov/encode_unicode1/src/utf8_char.rs/119/31/121/18
err not in  /mnt/sda/xiang/syrust/syrust_cov/encode_unicode1/src/utf8_char.rs/121/18/121/19
err not in  /mnt/sda/xiang/syrust/syrust_cov/encode_unicode1/src/utf8_char.rs/124/5/124/6
err not in  /mnt/sda/xiang/syrust/syrust_cov/encode_unicode1/src/utf8_iterators.rs/162/28/166/18
err not in  /mnt/sda/xiang/syrust/syrust_cov/encode_unicode1/src/utf8_char.rs/277/5/279/6
err not in  /mnt/sda/xiang/syrust/syrust_cov/encode_unicode1/src/errors.rs/10/31/10/88
err not in  /mnt/sda/xiang/syrust/syrust_cov/encode_unicode1/src/errors.rs/11/33/12/49
err not in  /mnt/sda/xiang/syrust/syrust_cov/encode_unicode1/src/errors.rs/178/10/178/15
err not in  /mnt/sda/xiang/syrust/syrust_cov/encode_unicode1/src/decoding_iterators.rs/291/17/291/24
err not in  /mnt/sda/xiang/syrust/syrust_cov/encode_unicode1/src/decoding_iterators.rs/170/5/174/23
err not in  /mnt/sda/xiang/syrust/syrust_cov/encode_unicode1/src/decoding_iterators.rs/174/82/176/6
err not in  /mnt/sda/xiang/syrust/syrust_cov/encode_unicode1/src/errors.rs/45/48/45/57
err not in  /mnt/sda/xiang/syrust/syrust_cov/encode_unicode1/src/errors.rs/11/33/12/49
err not in  /mnt/sda/xiang/syrust/syrust_cov/encode_unicode1/src/errors.rs/45/41/45/42
err not in  /mnt/sda/xiang/syrust/syrust_cov/encode_unicode1/src/errors.rs/45/45/45/46
err not in  /mnt/sda/xiang/syrust/syrust_cov/encode_unicode1/src/errors.rs/45/48/45/57
err not in  /mnt/sda/xiang/syrust/syrust_cov/encode_unicode1/src/errors.rs/17/49/17/54
err not in  /mnt/sda/xiang/syrust/syrust_cov/encode_unicode1/src/errors.rs/10/31/10/88
err not in  /mnt/sda/xiang/syrust/syrust_cov/encode_unicode1/src/errors.rs/10/31/10/88
err not in  /mnt/sda/xiang/syrust/syrust_cov/encode_unicode1/src/errors.rs/10/31/10/88
err not in  /mnt/sda/xiang/syrust/syrust_cov/encode_unicode1/src/errors.rs/45/41/45/42
err not in  /mnt/sda/xiang/syrust/syrust_cov/encode_unicode1/src/errors.rs/45/45/45/46
err not in  /mnt/sda/xiang/syrust/syrust_cov/encode_unicode1/src/errors.rs/45/48/45/57
err not in  /mnt/sda/xiang/syrust/syrust_cov/encode_unicode1/src/errors.rs/45/41/45/42
err not in  /mnt/sda/xiang/syrust/syrust_cov/encode_unicode1/src/errors.rs/45/45/45/46
err not in  /mnt/sda/xiang/syrust/syrust_cov/encode_unicode1/src/errors.rs/45/41/45/42
err not in  /mnt/sda/xiang/syrust/syrust_cov/encode_unicode1/src/errors.rs/45/45/45/46
err not in  /mnt/sda/xiang/syrust/syrust_cov/encode_unicode1/src/errors.rs/10/31/10/88
err not in  /mnt/sda/xiang/syrust/syrust_cov/encode_unicode1/src/errors.rs/10/31/10/88
err not in  /mnt/sda/xiang/syrust/syrust_cov/encode_unicode1/src/errors.rs/45/41/45/42
err not in  /mnt/sda/xiang/syrust/syrust_cov/encode_unicode1/src/errors.rs/45/45/45/46
err not in  /mnt/sda/xiang/syrust/syrust_cov/encode_unicode1/src/errors.rs/60/5/61/19
err not in  /mnt/sda/xiang/syrust/syrust_cov/encode_unicode1/src/errors.rs/62/30/62/48
err not in  /mnt/sda/xiang/syrust/syrust_cov/encode_unicode1/src/errors.rs/63/24/63/54
err not in  /mnt/sda/xiang/syrust/syrust_cov/encode_unicode1/src/errors.rs/65/5/65/6
err not in  /mnt/sda/xiang/syrust/syrust_cov/encode_unicode1/src/errors.rs/17/49/17/54
err not in  /mnt/sda/xiang/syrust/syrust_cov/encode_unicode1/src/errors.rs/45/48/45/57
err not in  /mnt/sda/xiang/syrust/syrust_cov/encode_unicode1/src/errors.rs/45/41/45/42
err not in  /mnt/sda/xiang/syrust/syrust_cov/encode_unicode1/src/errors.rs/45/45/45/46
err not in  /mnt/sda/xiang/syrust/syrust_cov/encode_unicode1/src/errors.rs/178/23/178/24
err not in  /mnt/sda/xiang/syrust/syrust_cov/encode_unicode1/src/errors.rs/178/27/178/28
err not in  /mnt/sda/xiang/syrust/syrust_cov/encode_unicode1/src/errors.rs/154/23/154/24
err not in  /mnt/sda/xiang/syrust/syrust_cov/encode_unicode1/src/errors.rs/154/27/154/28
err not in  /mnt/sda/xiang/syrust/syrust_cov/encode_unicode1/src/utf8_iterators.rs/270/46/270/76
err not in  /mnt/sda/xiang/syrust/syrust_cov/encode_unicode1/src/utf8_iterators.rs/124/1/131/2
err not in  /mnt/sda/xiang/syrust/syrust_cov/encode_unicode1/src/decoding_iterators.rs/474/5/477/6
err not in  /mnt/sda/xiang/syrust/syrust_cov/encode_unicode1/src/decoding_iterators.rs/424/5/429/6
err not in  /mnt/sda/xiang/syrust/syrust_cov/encode_unicode1/src/decoding_iterators.rs/242/5/245/6
err not in  /mnt/sda/xiang/syrust/syrust_cov/encode_unicode1/src/decoding_iterators.rs/451/5/453/58
err not in  /mnt/sda/xiang/syrust/syrust_cov/encode_unicode1/src/decoding_iterators.rs/454/17/456/45
err not in  /mnt/sda/xiang/syrust/syrust_cov/encode_unicode1/src/decoding_iterators.rs/458/32/458/36
err not in  /mnt/sda/xiang/syrust/syrust_cov/encode_unicode1/src/decoding_iterators.rs/460/17/461/67
err not in  /mnt/sda/xiang/syrust/syrust_cov/encode_unicode1/src/decoding_iterators.rs/464/17/465/65
err not in  /mnt/sda/xiang/syrust/syrust_cov/encode_unicode1/src/decoding_iterators.rs/468/17/469/50
err not in  /mnt/sda/xiang/syrust/syrust_cov/encode_unicode1/src/decoding_iterators.rs/472/5/472/6
err not in  /mnt/sda/xiang/syrust/syrust_cov/encode_unicode1/src/decoding_iterators.rs/444/5/446/6
err not in  /mnt/sda/xiang/syrust/syrust_cov/encode_unicode1/src/decoding_iterators.rs/118/5/120/40
err not in  /mnt/sda/xiang/syrust/syrust_cov/encode_unicode1/src/decoding_iterators.rs/120/41/123/10
err not in  /mnt/sda/xiang/syrust/syrust_cov/encode_unicode1/src/decoding_iterators.rs/123/28/123/32
err not in  /mnt/sda/xiang/syrust/syrust_cov/encode_unicode1/src/decoding_iterators.rs/123/36/123/52
err not in  /mnt/sda/xiang/syrust/syrust_cov/encode_unicode1/src/decoding_iterators.rs/123/53/125/10
err not in  /mnt/sda/xiang/syrust/syrust_cov/encode_unicode1/src/decoding_iterators.rs/126/20/126/24
err not in  /mnt/sda/xiang/syrust/syrust_cov/encode_unicode1/src/decoding_iterators.rs/129/17/129/45
err not in  /mnt/sda/xiang/syrust/syrust_cov/encode_unicode1/src/decoding_iterators.rs/130/17/130/19
err not in  /mnt/sda/xiang/syrust/syrust_cov/encode_unicode1/src/decoding_iterators.rs/130/28/130/33
err not in  /mnt/sda/xiang/syrust/syrust_cov/encode_unicode1/src/decoding_iterators.rs/131/17/131/42
err not in  /mnt/sda/xiang/syrust/syrust_cov/encode_unicode1/src/decoding_iterators.rs/131/46/131/52
err not in  /mnt/sda/xiang/syrust/syrust_cov/encode_unicode1/src/decoding_iterators.rs/132/17/132/42
err not in  /mnt/sda/xiang/syrust/syrust_cov/encode_unicode1/src/decoding_iterators.rs/132/46/132/71
err not in  /mnt/sda/xiang/syrust/syrust_cov/encode_unicode1/src/decoding_iterators.rs/133/17/133/42
err not in  /mnt/sda/xiang/syrust/syrust_cov/encode_unicode1/src/decoding_iterators.rs/134/32/134/33
err not in  /mnt/sda/xiang/syrust/syrust_cov/encode_unicode1/src/decoding_iterators.rs/134/37/134/62
err not in  /mnt/sda/xiang/syrust/syrust_cov/encode_unicode1/src/decoding_iterators.rs/135/25/135/31
err not in  /mnt/sda/xiang/syrust/syrust_cov/encode_unicode1/src/decoding_iterators.rs/136/31/136/54
err not in  /mnt/sda/xiang/syrust/syrust_cov/encode_unicode1/src/decoding_iterators.rs/136/58/136/81
err not in  /mnt/sda/xiang/syrust/syrust_cov/encode_unicode1/src/decoding_iterators.rs/137/25/138/44
err not in  /mnt/sda/xiang/syrust/syrust_cov/encode_unicode1/src/decoding_iterators.rs/139/31/139/54
err not in  /mnt/sda/xiang/syrust/syrust_cov/encode_unicode1/src/decoding_iterators.rs/140/28/140/65
err not in  /mnt/sda/xiang/syrust/syrust_cov/encode_unicode1/src/decoding_iterators.rs/142/25/143/54
err not in  /mnt/sda/xiang/syrust/syrust_cov/encode_unicode1/src/decoding_iterators.rs/145/25/145/31
err not in  /mnt/sda/xiang/syrust/syrust_cov/encode_unicode1/src/decoding_iterators.rs/148/17/148/42
err not in  /mnt/sda/xiang/syrust/syrust_cov/encode_unicode1/src/decoding_iterators.rs/149/32/149/33
err not in  /mnt/sda/xiang/syrust/syrust_cov/encode_unicode1/src/decoding_iterators.rs/149/37/149/62
err not in  /mnt/sda/xiang/syrust/syrust_cov/encode_unicode1/src/decoding_iterators.rs/150/25/150/31
err not in  /mnt/sda/xiang/syrust/syrust_cov/encode_unicode1/src/decoding_iterators.rs/151/31/151/54
err not in  /mnt/sda/xiang/syrust/syrust_cov/encode_unicode1/src/decoding_iterators.rs/151/58/151/81
err not in  /mnt/sda/xiang/syrust/syrust_cov/encode_unicode1/src/decoding_iterators.rs/152/25/153/62
err not in  /mnt/sda/xiang/syrust/syrust_cov/encode_unicode1/src/decoding_iterators.rs/154/31/154/54
err not in  /mnt/sda/xiang/syrust/syrust_cov/encode_unicode1/src/decoding_iterators.rs/154/58/154/80
err not in  /mnt/sda/xiang/syrust/syrust_cov/encode_unicode1/src/decoding_iterators.rs/155/25/156/66
err not in  /mnt/sda/xiang/syrust/syrust_cov/encode_unicode1/src/decoding_iterators.rs/158/25/158/31
err not in  /mnt/sda/xiang/syrust/syrust_cov/encode_unicode1/src/decoding_iterators.rs/161/17/161/42
err not in  /mnt/sda/xiang/syrust/syrust_cov/encode_unicode1/src/decoding_iterators.rs/161/46/161/84
err not in  /mnt/sda/xiang/syrust/syrust_cov/encode_unicode1/src/decoding_iterators.rs/162/17/162/42
err not in  /mnt/sda/xiang/syrust/syrust_cov/encode_unicode1/src/decoding_iterators.rs/162/46/162/65
err not in  /mnt/sda/xiang/syrust/syrust_cov/encode_unicode1/src/decoding_iterators.rs/163/46/163/69
err not in  /mnt/sda/xiang/syrust/syrust_cov/encode_unicode1/src/decoding_iterators.rs/164/17/164/42
err not in  /mnt/sda/xiang/syrust/syrust_cov/encode_unicode1/src/decoding_iterators.rs/164/46/164/82
err not in  /mnt/sda/xiang/syrust/syrust_cov/encode_unicode1/src/decoding_iterators.rs/165/22/165/80
err not in  /mnt/sda/xiang/syrust/syrust_cov/encode_unicode1/src/decoding_iterators.rs/167/13/167/25
err not in  /mnt/sda/xiang/syrust/syrust_cov/encode_unicode1/src/decoding_iterators.rs/167/67/167/69
err not in  /mnt/sda/xiang/syrust/syrust_cov/encode_unicode1/src/decoding_iterators.rs/169/5/169/6
err not in  /mnt/sda/xiang/syrust/syrust_cov/encode_unicode1/src/decoding_iterators.rs/302/5/307/6
err not in  /mnt/sda/xiang/syrust/syrust_cov/encode_unicode1/src/decoding_iterators.rs/302/5/307/6
err not in  /mnt/sda/xiang/syrust/syrust_cov/encode_unicode1/src/decoding_iterators.rs/91/5/95/39
err not in  /mnt/sda/xiang/syrust/syrust_cov/encode_unicode1/src/decoding_iterators.rs/97/41/97/80
err not in  /mnt/sda/xiang/syrust/syrust_cov/encode_unicode1/src/decoding_iterators.rs/100/13/100/14
err not in  /mnt/sda/xiang/syrust/syrust_cov/encode_unicode1/src/decoding_iterators.rs/100/21/100/24
err not in  /mnt/sda/xiang/syrust/syrust_cov/encode_unicode1/src/decoding_iterators.rs/101/25/101/30
err not in  /mnt/sda/xiang/syrust/syrust_cov/encode_unicode1/src/decoding_iterators.rs/101/34/101/50
err not in  /mnt/sda/xiang/syrust/syrust_cov/encode_unicode1/src/decoding_iterators.rs/102/21/104/54
err not in  /mnt/sda/xiang/syrust/syrust_cov/encode_unicode1/src/decoding_iterators.rs/105/21/106/80
err not in  /mnt/sda/xiang/syrust/syrust_cov/encode_unicode1/src/decoding_iterators.rs/107/18/107/19
err not in  /mnt/sda/xiang/syrust/syrust_cov/encode_unicode1/src/decoding_iterators.rs/109/17/110/42
err not in  /mnt/sda/xiang/syrust/syrust_cov/encode_unicode1/src/decoding_iterators.rs/113/9/113/15
err not in  /mnt/sda/xiang/syrust/syrust_cov/encode_unicode1/src/decoding_iterators.rs/114/5/114/6
err not in  /mnt/sda/xiang/syrust/syrust_cov/encode_unicode1/src/decoding_iterators.rs/40/5/46/6
err not in  /mnt/sda/xiang/syrust/syrust_cov/encode_unicode1/src/decoding_iterators.rs/84/5/84/53
err not in  /mnt/sda/xiang/syrust/syrust_cov/encode_unicode1/src/decoding_iterators.rs/85/14/85/23
err not in  /mnt/sda/xiang/syrust/syrust_cov/encode_unicode1/src/decoding_iterators.rs/85/27/85/53
err not in  /mnt/sda/xiang/syrust/syrust_cov/encode_unicode1/src/decoding_iterators.rs/85/54/88/10
err not in  /mnt/sda/xiang/syrust/syrust_cov/encode_unicode1/src/decoding_iterators.rs/89/5/89/6
err not in  /mnt/sda/xiang/syrust/syrust_cov/encode_unicode1/src/decoding_iterators.rs/335/5/337/6
err not in  /mnt/sda/xiang/syrust/syrust_cov/encode_unicode1/src/decoding_iterators.rs/167/30/167/67
err not in  /mnt/sda/xiang/syrust/syrust_cov/encode_unicode1/src/decoding_iterators.rs/354/5/356/6
err not in  /mnt/sda/xiang/syrust/syrust_cov/encode_unicode1/src/decoding_iterators.rs/40/5/46/6
err not in  /mnt/sda/xiang/syrust/syrust_cov/encode_unicode1/src/decoding_iterators.rs/81/5/83/6
err not in  /mnt/sda/xiang/syrust/syrust_cov/encode_unicode1/src/utf16_iterators.rs/35/5/36/40
err not in  /mnt/sda/xiang/syrust/syrust_cov/encode_unicode1/src/utf16_iterators.rs/37/42/37/46
err not in  /mnt/sda/xiang/syrust/syrust_cov/encode_unicode1/src/utf16_iterators.rs/38/26/40/29
err not in  /mnt/sda/xiang/syrust/syrust_cov/encode_unicode1/src/utf16_iterators.rs/42/14/44/28
err not in  /mnt/sda/xiang/syrust/syrust_cov/encode_unicode1/src/utf16_iterators.rs/47/5/47/6
err not in  /mnt/sda/xiang/syrust/syrust_cov/encode_unicode1/src/utf16_iterators.rs/227/5/229/6
err not in  /mnt/sda/xiang/syrust/syrust_cov/encode_unicode1/src/utf16_iterators.rs/25/5/31/6
err not in  /mnt/sda/xiang/syrust/syrust_cov/encode_unicode1/src/utf16_iterators.rs/16/5/22/6
err not in  /mnt/sda/xiang/syrust/syrust_cov/encode_unicode1/src/utf16_iterators.rs/161/5/166/6
err not in  /mnt/sda/xiang/syrust/syrust_cov/encode_unicode1/src/utf16_iterators.rs/53/5/54/37
err not in  /mnt/sda/xiang/syrust/syrust_cov/encode_unicode1/src/utf16_iterators.rs/54/40/54/41
err not in  /mnt/sda/xiang/syrust/syrust_cov/encode_unicode1/src/utf16_iterators.rs/54/51/54/52
err not in  /mnt/sda/xiang/syrust/syrust_cov/encode_unicode1/src/utf16_iterators.rs/55/19/55/45
err not in  /mnt/sda/xiang/syrust/syrust_cov/encode_unicode1/src/utf16_iterators.rs/55/48/55/49
err not in  /mnt/sda/xiang/syrust/syrust_cov/encode_unicode1/src/utf16_iterators.rs/55/59/55/60
err not in  /mnt/sda/xiang/syrust/syrust_cov/encode_unicode1/src/utf16_iterators.rs/56/5/56/6
err not in  /mnt/sda/xiang/syrust/syrust_cov/encode_unicode1/src/utf16_iterators.rs/196/5/199/6
err not in  /mnt/sda/xiang/syrust/syrust_cov/encode_unicode1/src/utf16_iterators.rs/48/5/50/6
err not in  /mnt/sda/xiang/syrust/syrust_cov/encode_unicode1/src/errors.rs/50/1/50/8
err not in  /mnt/sda/xiang/syrust/syrust_cov/encode_unicode1/src/errors.rs/53/5/53/45
err not in  /mnt/sda/xiang/syrust/syrust_cov/encode_unicode1/src/errors.rs/55/5/55/43
err not in  /mnt/sda/xiang/syrust/syrust_cov/encode_unicode1/src/errors.rs/29/58/31/1
err not in  /mnt/sda/xiang/syrust/syrust_cov/encode_unicode1/src/errors.rs/33/58/33/85
err not in  /mnt/sda/xiang/syrust/syrust_cov/encode_unicode1/src/errors.rs/24/5/24/30
err not in  /mnt/sda/xiang/syrust/syrust_cov/encode_unicode1/src/errors.rs/38/20/38/72
err not in  /mnt/sda/xiang/syrust/syrust_cov/encode_unicode1/src/utf16_char.rs/145/5/146/42
err not in  /mnt/sda/xiang/syrust/syrust_cov/encode_unicode1/src/utf16_char.rs/146/69/147/6
err not in  /mnt/sda/xiang/syrust/syrust_cov/encode_unicode1/src/utf16_char.rs/157/5/161/6
err not in  /mnt/sda/xiang/syrust/syrust_cov/encode_unicode1/src/utf8_char.rs/134/5/136/6
err not in  /mnt/sda/xiang/syrust/syrust_cov/encode_unicode1/src/utf8_char.rs/134/5/136/6
err not in  /mnt/sda/xiang/syrust/syrust_cov/encode_unicode1/src/utf8_char.rs/146/5/150/6
err not in  /mnt/sda/xiang/syrust/syrust_cov/encode_unicode1/src/utf8_char.rs/134/5/136/6
err not in  /mnt/sda/xiang/syrust/syrust_cov/encode_unicode1/src/utf8_char.rs/134/5/136/6
err not in  /mnt/sda/xiang/syrust/syrust_cov/encode_unicode1/src/utf8_char.rs/146/5/150/6
err not in  /mnt/sda/xiang/syrust/syrust_cov/encode_unicode1/src/utf16_char.rs/145/5/146/42
err not in  /mnt/sda/xiang/syrust/syrust_cov/encode_unicode1/src/utf16_char.rs/146/69/147/6
err not in  /mnt/sda/xiang/syrust/syrust_cov/encode_unicode1/src/utf16_char.rs/151/5/153/6
err not in  /mnt/sda/xiang/syrust/syrust_cov/encode_unicode1/src/utf8_char.rs/134/5/136/6
err not in  /mnt/sda/xiang/syrust/syrust_cov/encode_unicode1/src/utf16_char.rs/145/5/146/42
err not in  /mnt/sda/xiang/syrust/syrust_cov/encode_unicode1/src/utf16_char.rs/146/69/147/6
err not in  /mnt/sda/xiang/syrust/syrust_cov/encode_unicode1/src/utf16_char.rs/304/5/306/6
err not in  /mnt/sda/xiang/syrust/syrust_cov/encode_unicode1/src/utf16_char.rs/575/5/577/6
err not in  /mnt/sda/xiang/syrust/syrust_cov/encode_unicode1/src/utf16_char.rs/221/5/223/6
err not in  /mnt/sda/xiang/syrust/syrust_cov/encode_unicode1/src/utf16_char.rs/208/5/210/18
err not in  /mnt/sda/xiang/syrust/syrust_cov/encode_unicode1/src/utf16_char.rs/211/13/213/14
err not in  /mnt/sda/xiang/syrust/syrust_cov/encode_unicode1/src/utf16_char.rs/215/13/215/18
err not in  /mnt/sda/xiang/syrust/syrust_cov/encode_unicode1/src/utf16_char.rs/217/5/217/6
err not in  /mnt/sda/xiang/syrust/syrust_cov/encode_unicode1/src/utf16_char.rs/637/5/639/6
err not in  /mnt/sda/xiang/syrust/syrust_cov/encode_unicode1/src/utf16_char.rs/448/5/450/46
err not in  /mnt/sda/xiang/syrust/syrust_cov/encode_unicode1/src/utf16_char.rs/451/13/456/14
err not in  /mnt/sda/xiang/syrust/syrust_cov/encode_unicode1/src/utf16_char.rs/458/13/458/49
err not in  /mnt/sda/xiang/syrust/syrust_cov/encode_unicode1/src/utf16_char.rs/460/5/460/6
err not in  /mnt/sda/xiang/syrust/syrust_cov/encode_unicode1/src/utf16_char.rs/662/5/664/6
err not in  /mnt/sda/xiang/syrust/syrust_cov/encode_unicode1/src/utf16_char.rs/264/5/266/6
err not in  /mnt/sda/xiang/syrust/syrust_cov/encode_unicode1/src/utf16_char.rs/171/5/173/6
err not in  /mnt/sda/xiang/syrust/syrust_cov/encode_unicode1/src/utf16_char.rs/177/5/179/6
err not in  /mnt/sda/xiang/syrust/syrust_cov/encode_unicode1/src/utf16_char.rs/667/5/668/46
err not in  /mnt/sda/xiang/syrust/syrust_cov/encode_unicode1/src/utf16_char.rs/668/49/668/53
err not in  /mnt/sda/xiang/syrust/syrust_cov/encode_unicode1/src/utf16_char.rs/668/63/668/82
err not in  /mnt/sda/xiang/syrust/syrust_cov/encode_unicode1/src/utf16_char.rs/669/5/669/6
err not in  /mnt/sda/xiang/syrust/syrust_cov/encode_unicode1/src/utf16_char.rs/279/5/281/6
err not in  /mnt/sda/xiang/syrust/syrust_cov/encode_unicode1/src/utf16_char.rs/610/5/612/18
err not in  /mnt/sda/xiang/syrust/syrust_cov/encode_unicode1/src/utf16_char.rs/613/13/615/14
err not in  /mnt/sda/xiang/syrust/syrust_cov/encode_unicode1/src/utf16_char.rs/617/13/617/18
err not in  /mnt/sda/xiang/syrust/syrust_cov/encode_unicode1/src/utf16_char.rs/619/5/619/6
err not in  /mnt/sda/xiang/syrust/syrust_cov/encode_unicode1/src/utf16_char.rs/59/5/64/6
err not in  /mnt/sda/xiang/syrust/syrust_cov/encode_unicode1/src/utf16_char.rs/323/5/324/31
err not in  /mnt/sda/xiang/syrust/syrust_cov/encode_unicode1/src/utf16_char.rs/324/35/324/53
err not in  /mnt/sda/xiang/syrust/syrust_cov/encode_unicode1/src/utf16_char.rs/325/5/325/6
err not in  /mnt/sda/xiang/syrust/syrust_cov/encode_unicode1/src/utf16_char.rs/198/5/200/18
err not in  /mnt/sda/xiang/syrust/syrust_cov/encode_unicode1/src/utf16_char.rs/201/13/203/14
err not in  /mnt/sda/xiang/syrust/syrust_cov/encode_unicode1/src/utf16_char.rs/205/13/205/18
err not in  /mnt/sda/xiang/syrust/syrust_cov/encode_unicode1/src/utf16_char.rs/207/5/207/6
err not in  /mnt/sda/xiang/syrust/syrust_cov/encode_unicode1/src/utf16_char.rs/218/5/220/6
err not in  /mnt/sda/xiang/syrust/syrust_cov/encode_unicode1/src/utf16_char.rs/289/5/291/6
err not in  /mnt/sda/xiang/syrust/syrust_cov/encode_unicode1/src/utf16_char.rs/633/5/635/6
err not in  /mnt/sda/xiang/syrust/syrust_cov/encode_unicode1/src/utf16_char.rs/270/5/276/6
err not in  /mnt/sda/xiang/syrust/syrust_cov/encode_unicode1/src/utf16_char.rs/24/10/24/19
err not in  /mnt/sda/xiang/syrust/syrust_cov/encode_unicode1/src/utf16_char.rs/495/5/497/6
err not in  /mnt/sda/xiang/syrust/syrust_cov/encode_unicode1/src/utf16_char.rs/499/5/501/47
err not in  /mnt/sda/xiang/syrust/syrust_cov/encode_unicode1/src/utf16_char.rs/501/84/503/6
err not in  /mnt/sda/xiang/syrust/syrust_cov/encode_unicode1/src/utf16_char.rs/284/5/286/6
err not in  /mnt/sda/xiang/syrust/syrust_cov/encode_unicode1/src/utf16_char.rs/184/5/186/6
err not in  /mnt/sda/xiang/syrust/syrust_cov/encode_unicode1/src/utf16_char.rs/67/5/69/23
err not in  /mnt/sda/xiang/syrust/syrust_cov/encode_unicode1/src/utf16_char.rs/71/17/73/18
err not in  /mnt/sda/xiang/syrust/syrust_cov/encode_unicode1/src/utf16_char.rs/76/21/85/18
err not in  /mnt/sda/xiang/syrust/syrust_cov/encode_unicode1/src/utf16_char.rs/88/21/89/33
err not in  /mnt/sda/xiang/syrust/syrust_cov/encode_unicode1/src/utf16_char.rs/89/34/91/18
err not in  /mnt/sda/xiang/syrust/syrust_cov/encode_unicode1/src/utf16_char.rs/91/18/91/19
err not in  /mnt/sda/xiang/syrust/syrust_cov/encode_unicode1/src/utf16_char.rs/92/17/92/47
err not in  /mnt/sda/xiang/syrust/syrust_cov/encode_unicode1/src/utf16_char.rs/95/5/95/6
err not in  /mnt/sda/xiang/syrust/syrust_cov/encode_unicode1/src/utf16_char.rs/98/5/100/6
err not in  /mnt/sda/xiang/syrust/syrust_cov/encode_unicode1/src/utf16_char.rs/25/10/25/15
err not in  /mnt/sda/xiang/syrust/syrust_cov/encode_unicode1/src/utf16_char.rs/552/5/556/6
err not in  /mnt/sda/xiang/syrust/syrust_cov/encode_unicode1/src/utf16_char.rs/294/5/296/6
err not in  /mnt/sda/xiang/syrust/syrust_cov/encode_unicode1/src/utf16_char.rs/299/5/301/6
err not in  /mnt/sda/xiang/syrust/syrust_cov/encode_unicode1/src/utf16_char.rs/195/5/197/6
err not in  /mnt/sda/xiang/syrust/syrust_cov/encode_unicode1/src/utf16_char.rs/511/5/515/6
err not in  /mnt/sda/xiang/syrust/syrust_cov/encode_unicode1/src/utf16_char.rs/106/5/108/6
err not in  /mnt/sda/xiang/syrust/syrust_cov/encode_unicode1/src/utf16_char.rs/23/10/23/17
err not in  /mnt/sda/xiang/syrust/syrust_cov/encode_unicode1/src/utf16_char.rs/430/5/432/18
err not in  /mnt/sda/xiang/syrust/syrust_cov/encode_unicode1/src/utf16_char.rs/440/14/441/6
err not in  /mnt/sda/xiang/syrust/syrust_cov/encode_unicode1/src/utf16_char.rs/253/5/255/6
err not in  /mnt/sda/xiang/syrust/syrust_cov/encode_unicode1/src/utf16_char.rs/625/5/627/6
err not in  /mnt/sda/xiang/syrust/syrust_cov/encode_unicode1/src/utf16_char.rs/595/5/597/18
err not in  /mnt/sda/xiang/syrust/syrust_cov/encode_unicode1/src/utf16_char.rs/598/13/600/14
err not in  /mnt/sda/xiang/syrust/syrust_cov/encode_unicode1/src/utf16_char.rs/602/13/602/18
err not in  /mnt/sda/xiang/syrust/syrust_cov/encode_unicode1/src/utf16_char.rs/604/5/604/6
414 752
