========================================
    use super::*;

use crate::*;

    #[test]
    fn test_lexer_next() {
        // Define test input
        let input = ">=1.2.3";

        // Create lexer
        let mut lexer = Lexer::new(input);

        // Expected token stream
        let expected_tokens = [
            Ok(GtEq),
            Ok(Numeric(1)),
            Ok(Dot),
            Ok(Numeric(2)),
            Ok(Dot),
            Ok(Numeric(3)),
        ];

        // Iterate over expected tokens
        for expected_token in expected_tokens.iter().copied() {
            // Call next() and assert result
            assert_eq!(lexer.next(), Some(expected_token));
        }

        // After all tokens have been consumed, next() should return None
        assert_eq!(lexer.next(), None);
    }
}
False
========================================
    use super::*;

use crate::*;
    use lexer::Error;
    use crate::parser::Error;

    #[test]
    fn test_from() {
        let lexer_error = Error::UnexpectedChar('a');
        let result = Error::Lexer(lexer_error);

        let error: Error<'static> = std::convert::From::from(lexer_error);
        assert_eq!(error, result);
    }
}
False
========================================

True
========================================

    use super::*;

use crate::*;
    use generated::*;

    #[test]
    fn test_parse() {
        let pairs = parse::<impl pest::Parser<generated::Rule> for SemverParser>(
            generated::Rule::range_set,
            "1.0.0 - 2.0.0 || 3.0.0",
        );
        assert!(pairs.is_ok());
    }
}
False
========================================
    use crate::generated::SemverParser as Parser;
    use crate::generated::Rule;
    use pest::Parser;

    #[test]
    fn test_skip() {
        let state = Box::new(pest::ParserState::new(String::from("1.2.3")));
        let result = Parser::parse_rule(Rule::skip, state);

        assert!(result.is_ok());
        let state = result.unwrap();
        // Add assertions for the state if necessary
    }
}
False
========================================
    use super::*;

use crate::*;
    use pest::Parser;

    #[test]
    fn test_EOI() {
        let state = Box::new(::pest::ParserState::new("", vec![]));
        let result = pest::Parser::<generated::Rule>::parse::<generated::visible::EOI>(state);
        assert!(result.is_ok());
        let result_state = result.unwrap();
        // assert any additional conditions on the result_state if necessary
    }
}
False
========================================
    use pest::Parser;
    use crate::generated::Rule;
    use crate::generated::rules::Rule;
    use crate::generated::generated;
    use crate::generated::parser::*;

    #[test]
    fn test_SOI() {
        let input = "";
        let expected = Ok(Box::new(::pest::ParserState {
            // set the expected state
            pos: ::pest::Position::new(1, 0, 0),
            rules: vec![
                // set the expected rules
                In(length::Variable),
            ],
            expected: vec![
                // set the expected expected rules
                In(length::Variable),
            ],
        }));

        let result = generated::<SemverParser>::parse_rules(
            Rule::SOI,
            input,
        );

        assert_eq!(result, expected);
    }
}
False
========================================
  use pest::Parser;
  use pest::iterators::Pair;
  use pest::RuleType;
  use semver_parser::Rule;

  fn parse<'a>(pair: Pair<'a, Rule>) {
    match pair.as_rule() {
      Rule::caret => {
        let mut inner = pair.into_inner();
        let _ = parse(inner.next().unwrap());
      },
      Rule::partial => {
        // TODO: Implement the logic for Rule::partial
      },
      _ => unreachable!(),
    }
  }

  #[test]
  fn test_caret() {
    let input = "^";
    let pairs = Rule::parse(Rule::SemverParser, input).unwrap();
    let pair = pairs.last().unwrap();
    parse(pair);
  }
}
False
========================================
    use super::*;

use crate::*;
    use crate::generated::Rule;
    use pest::ParserState;
    use std::boxed::Box;

    #[test]
    fn test_empty() {
        let state = Box::new(ParserState::new(&String::new()));
        let result = empty(state).unwrap();
        let expected = Box::new(ParserState::new(&String::new()));
        assert_eq!(result, expected);
    }
}
False
========================================
    use super::*;

use crate::*;
    use pest::prec_climber::*;
    use pest::Parser;

    fn parse_semver(input: &str) -> pest::iterators::Pairs<Rule> {
        let parser = SemverParser::parse(Rule::hyphen, input);
        assert!(parser.is_ok());
        parser.unwrap()
    }

    #[test]
    fn test_hyphen() {
        let input = "-1.2.3-alpha";
        let pairs = parse_semver(input);
        let mut climber = PrecClimber::new(vec![(-1, Assoc::Left), (1, Assoc::Left)]);

        let mut pairs = pairs.peekable();
        let mut ast = hyphen(pairs.next().unwrap().into_inner());
        
        while let Some(pair) = pairs.peek() {
            if climber.climb(pair, ast.clone()).is_none() {
                break;
            }

            pairs.next();
            ast = hyphen(pairs.next().unwrap().into_inner());
        }

        assert!(pairs.next().is_none());
    }
}
False
========================================

True
========================================
    use super::*;

use crate::*;
    use pest::ParserState;
    use pest::Parser;
    use pest::iterators::Pair;
    use pest::iterators::Pairs;

    // Helper function to parse a string using the `nr` function
    // Returns the parsed state or None if parsing failed
    fn parse_with_nr(input: &str) -> Option<Box<ParserState<Rule>>> {
        let parser = generated::<impl pest::Parser<generated::Rule> for SemverParser>::parse::rules::visible::nr(Rule::nr, input);
        match parser {
            Ok(mut pairs) => Some(Box::new(pairs.next().unwrap().into_inner())),
            Err(_) => None,
        }
    }

    #[test]
    fn test_nr_integer_0() {
        let input = "0";
        let expected = Ok(ParserState::new(Rule::nr, input, 0, input.len()));
        let result = generated::<impl pest::Parser<generated::Rule> for SemverParser>::parse::rules::visible::nr(Box::new(ParserState::new(Rule::nr, input, 0, input.len())));

        assert_eq!(result, expected);
    }

    #[test]
    fn test_nr_integer_1_to_9() {
        let inputs = ["1", "2", "3", "4", "5", "6", "7", "8", "9"];
        let expected = Ok(ParserState::new(Rule::nr, input, 0, input.len()));
        
        for input in inputs.iter() {
            let result = generated::<impl pest::Parser<generated::Rule> for SemverParser>::parse::rules::visible::nr(Box::new(ParserState::new(Rule::nr, input, 0, input.len()))));
            assert_eq!(result, expected);
        }
    }

    #[test]
    fn test_nr_integer_with_leading_zeros() {
        let inputs = ["01", "001", "0001"];
        let expected = Ok(ParserState::new(Rule::nr, input, 0, input.len()));
        
        for input in inputs.iter() {
            let result = generated::<impl pest::Parser<generated::Rule> for SemverParser>::parse::rules::visible::nr(Box::new(ParserState::new(Rule::nr, input, 0, input.len()))));
            assert_eq!(result, expected);
        }
    }
}
False
========================================
    use super::*;

use crate::*;
    use crate::generated::{self, Rule};
    use pest::Parser;
    
    #[test]
    fn test_part() {
        let input = "1";
        let result = generated::parse(Rule::part, input);
        assert!(result.is_ok());

        let input = "abc";
        let result = generated::parse(Rule::part, input);
        assert!(result.is_ok());

        let input = "1-2";
        let result = generated::parse(Rule::part, input);
        assert!(result.is_ok());

        let input = "1-abc-2";
        let result = generated::parse(Rule::part, input);
        assert!(result.is_ok());
    }
}
False
========================================
    use super::*;

use crate::*;

    #[test]
    fn test_partial() {
        let mut state = Box::new(::pest::ParserState::new(&String::new()));
        let result = partial(state);
        assert!(result.is_ok());
    }
}
False
========================================
    use super::*;

use crate::*;
    use crate::*;
    use pest::Parser;
    use pest::ParserState;
    use pest::iterators::Pairs;

    #[test]
    fn test_parts() {
        let input = ""; // Provide input here
        
        let pairs: Pairs<generated::Rule> = SemverParser::parse(Rule::parts, input).unwrap();
        let state = ParserState::new(pairs);
        let result = generated::parts(Box::new(state)).unwrap();
        // Add assertions here
    }
}
False
========================================
    use super::*;

use crate::*;
    use pest::Parser;

    #[test]
    fn test_primitive() {
        let state = Box::new(pest::ParserState::new(&String::from("input")));
        let result = generated::<impl pest::Parser<generated::Rule> for SemverParser>::parse::rules::visible::primitive(state);
        assert!(result.is_ok());
    }
}
False
========================================
    use super::*;

use crate::*;
    use crate::generated;
    use pest::Parser;

    #[test]
    fn test_primitive_op() -> Result<(), Box<dyn std::error::Error>> {
        let mut state = Box::new(::pest::ParserState::new("<=12.3.4-beta.1")?);
        let result = generated::impl_pest_Parser_generated_Rule_parse_rules_visible_primitive_op::primitive_op(state)?;

        let expected = Box::new(::pest::ParserState::new("12.3.4-beta.1")?);
        assert_eq!(result, expected);

        Ok(())
    }
}
False
========================================
    use super::*;

use crate::*;
    use crate::*;
    use pest::ParserState;
    use pest::ParseResult;
    use pest::error::Error;
    use pest::RuleType;

    #[inline]
    #[allow(non_snake_case, unused_variables)]
    pub fn qualifier(state: Box<ParserState<Rule>>) -> ParseResult<Box<ParserState<Rule>>> {
        state.rule(Rule::qualifier, |state| {
            state.sequence(|state| {
                state
                    .match_string("-")
                    .or_else(|state| state.match_string("+"))
                    .and_then(|state| crate::hidden::skip(state))
                    .and_then(|state| crate::Rule::parts(state))
            })
        })
    }

    #[test]
    fn test_qualifier() {
        let state: Box<ParserState<Rule>> = Box::new(ParserState::new("test"));
        let result = qualifier(state);
        let expected = Ok(Box::new(ParserState::new("test")));
        assert_eq!(result, expected);
    }
}
False
========================================
    use super::*;

use crate::*;
    use pest::Parser;

    #[test]
    fn test_range() {
        let mut state = Box::new(::pest::ParserState::new(""));
        let result = range(state);

        assert!(result.is_ok());
    }
}
False
========================================
    use crate::generated::*;
    use pest::Parser;

    #[test]
    fn test_range_set() {
        let input = ""; // Add test input
        let state = Box::new(pest::ParserState::new(input));
        let result = SemverParser::parse(Rule::range_set, state);
        assert!(result.is_ok());
    }
}
False
========================================
    use ::pest::Parser;
    use crate::generated::SemverParser;
    use crate::generated::Rule;
    use crate::generated::parse::rules::visible::simple as generated_simple;
    
    #[test]
    fn test_simple() {
        let input = ""; // input test string goes here
        let mut state = SemverParser::parse(Rule::simple, input).unwrap();
        
        let result = generated_simple(Box::new(state));
        
        assert!(result.is_ok()); // add additional assert statements if needed
    }
}
False
========================================
    use pest::{Parser, ParserState, iterators::Pair};
    use crate::generated::{Rule, SemverParser};

    #[test]
    fn test_space() {
        let input = " ";
        let pairs = SemverParser::parse(Rule::space, input).unwrap();
        
        for pair in pairs {
            assert_eq!(pair.as_rule(), Rule::space);
            assert_eq!(pair.as_span().as_str(), " ");
        }
    }
}
True
========================================
    use super::*;

use crate::*;
    use crate::generated::SemverParser;
    use pest::ParserState;

    #[test]
    fn test_tilde() {
        let mut state = ParserState::new("1.2.3");
        let result = {
            let mut state = Box::new(state);
            tilde(&mut state)
        };
        assert!(result.is_ok());
    }
}
False
========================================
    use super::*;

use crate::*;
    use pest::Parser;

    #[test]
    fn test_xr() {
        let input = "";
        let mut parser = SemverParser::parse(Rule::xr, input).unwrap();
        let _result = generated::<impl pest::Parser<generated::Rule> for SemverParser>::parse::rules::visible::xr(parser.next().unwrap().into_inner());
        // Add assertion here
    }
}
False
========================================
    use pest::Parser;
    use crate::generated::Rule;
    use crate::generated::SemverParser;

    #[test]
    fn test_xr_op() {
        let input = "x";
        let state = SemverParser::parse(Rule::xr_op, input).unwrap().next().unwrap().into_inner().next().unwrap();
        assert_eq!(SemverParser::xr_op(Box::new(state)).is_ok(), true);
    }
}
False
========================================
    use super::*;

use crate::*;

    #[test]
    fn test_component_numeric_zero() {
        let input = "0";
        let mut lexer = Lexer::new(input);
        let result = lexer.component(0);
        assert_eq!(result, Ok(Numeric(0)));
    }

    #[test]
    fn test_component_numeric_non_zero() {
        let input = "123";
        let mut lexer = Lexer::new(input);
        let result = lexer.component(0);
        assert_eq!(result, Ok(Numeric(123)));
    }

    #[test]
    fn test_component_alphanumeric() {
        let input = "abc123";
        let mut lexer = Lexer::new(input);
        let result = lexer.component(0);
        assert_eq!(result, Ok(AlphaNumeric("abc123")));
    }

    #[test]
    fn test_component_alphanumeric_with_leading_zero() {
        let input = "0abc";
        let mut lexer = Lexer::new(input);
        let result = lexer.component(0);
        assert_eq!(result, Ok(AlphaNumeric("0abc")));
    }

    #[test]
    fn test_component_empty() {
        let input = "";
        let mut lexer = Lexer::new(input);
        let result = lexer.component(0);
        assert_eq!(result, Err(Error::EmptyComponent));
    }

    #[test]
    fn test_component_invalid_numeric() {
        let input = "abc";
        let mut lexer = Lexer::new(input);
        let result = lexer.component(0);
        assert_eq!(result, Err(Error::InvalidNumeric));
    }

    #[test]
    fn test_component_invalid_alphanumeric() {
        let input = "abc!123";
        let mut lexer = Lexer::new(input);
        let result = lexer.component(0);
        assert_eq!(result, Err(Error::InvalidAlphaNumeric));
    }

    #[test]
    fn test_component_invalid_empty() {
        let input = "!";
        let mut lexer = Lexer::new(input);
        let result = lexer.component(0);
        assert_eq!(result, Err(Error::InvalidAlphaNumeric));
    }
}
False
========================================
    use super::*;

use crate::*;
    use crate::lexer::{Token, Error};

    #[test]
    fn test_new() {
        let input = "1.0.0-alpha";
        let lexer = Lexer::new(input);
        let expected_input = input;
        let expected_chars: std::str::CharIndices<'_> = input.char_indices();
        let expected_c1 = expected_chars.clone().next();
        let expected_c2 = expected_chars.clone().next();
        
        assert_eq!(lexer.input, expected_input);
        assert_eq!(lexer.chars.collect::<Vec<_>>(), expected_chars.collect::<Vec<_>>());
        assert_eq!(lexer.c1, expected_c1);
        assert_eq!(lexer.c2, expected_c2);
    }
}
True
========================================
    use super::*;

use crate::*;
    
    #[test]
    fn test_one() {
        let mut lexer = Lexer::new("1.2.3");
        assert_eq!(lexer.one(), Some((0, '1')));
        lexer.step();
        assert_eq!(lexer.one(), Some((1, '.')));
        lexer.step_n(2);
        assert_eq!(lexer.one(), None);
        lexer.step();
        assert_eq!(lexer.one(), Some((3, '3')));
    }
}
True
========================================
    use super::*;

use crate::*;

    #[test]
    fn test_lexer_step() {
        let mut lexer = Lexer::new("test");
        lexer.step();
        assert_eq!(lexer.c1, Some((0, 't')));
        assert_eq!(lexer.c2, Some((1, 'e')));
    }
}
True
========================================
    use super::*;

use crate::*;
    use crate::lexer::Token;

    #[test]
    fn test_step_n() {
        let input = "=1.2.3";
        let mut lexer = Lexer::new(input);

        lexer.step_n(3);

        assert_eq!(lexer.next(), Some(Ok(Token::Eq)));
        assert_eq!(lexer.next(), Some(Ok(Token::Numeric(1))));
        assert_eq!(lexer.next(), Some(Ok(Token::Dot)));
        assert_eq!(lexer.next(), Some(Ok(Token::Numeric(2))));
        assert_eq!(lexer.next(), Some(Ok(Token::Dot)));
        assert_eq!(lexer.next(), Some(Ok(Token::Numeric(3))));
        assert_eq!(lexer.next(), None);
    }
}
True
========================================
    use super::*;

use crate::*;
    
    #[test]
    fn test_two() {
        let mut lexer = Lexer::new("input");
        let result = lexer.two();
        assert_eq!(result, None);
    }
}
True
========================================
    use super::*;

use crate::*;
    use crate::lexer::*;
    use crate::lexer::Token::*;

    #[test]
    fn test_whitespace() {
        let mut lexer = Lexer::new("   \t \n \r");
        let token = lexer.whitespace(0).unwrap();
        assert_eq!(token, Whitespace(0, 9));
    }
}
True
========================================
    use super::*;

use crate::*;
    
    #[test]
    fn test_is_whitespace_true() {
        let token = Token::Whitespace(0, 5);
        assert!(token.is_whitespace());
    }
    
    #[test]
    fn test_is_whitespace_false() {
        let token = Token::Eq;
        assert!(!token.is_whitespace());
    }
}
True
========================================
    use super::*;

use crate::*;
    use lexer::Token;

    #[test]
    fn test_is_wildcard_star() {
        let token = Token::Star;
        assert!(token.is_wildcard());
    }

    #[test]
    fn test_is_wildcard_x() {
        let token = Token::AlphaNumeric("X");
        assert!(token.is_wildcard());
    }

    #[test]
    fn test_is_wildcard_lowercase_x() {
        let token = Token::AlphaNumeric("x");
        assert!(token.is_wildcard());
    }

    #[test]
    fn test_is_wildcard_eq() {
        let token = Token::Eq;
        assert!(!token.is_wildcard());
    }

    #[test]
    fn test_is_wildcard_gt() {
        let token = Token::Gt;
        assert!(!token.is_wildcard());
    }

    #[test]
    fn test_is_wildcard_lt() {
        let token = Token::Lt;
        assert!(!token.is_wildcard());
    }

    #[test]
    fn test_is_wildcard_lteq() {
        let token = Token::LtEq;
        assert!(!token.is_wildcard());
    }

    #[test]
    fn test_is_wildcard_gteq() {
        let token = Token::GtEq;
        assert!(!token.is_wildcard());
    }

    #[test]
    fn test_is_wildcard_caret() {
        let token = Token::Caret;
        assert!(!token.is_wildcard());
    }

    #[test]
    fn test_is_wildcard_tilde() {
        let token = Token::Tilde;
        assert!(!token.is_wildcard());
    }

    #[test]
    fn test_is_wildcard_dot() {
        let token = Token::Dot;
        assert!(!token.is_wildcard());
    }

    #[test]
    fn test_is_wildcard_comma() {
        let token = Token::Comma;
        assert!(!token.is_wildcard());
    }

    #[test]
    fn test_is_wildcard_hyphen() {
        let token = Token::Hyphen;
        assert!(!token.is_wildcard());
    }

    #[test]
    fn test_is_wildcard_plus() {
        let token = Token::Plus;
        assert!(!token.is_wildcard());
    }

    #[test]
    fn test_is_wildcard_or() {
        let token = Token::Or;
        assert!(!token.is_wildcard());
    }

    #[test]
    fn test_is_wildcard_whitespace() {
        let token = Token::Whitespace(0, 5);
        assert!(!token.is_wildcard());
    }

    #[test]
    fn test_is_wildcard_numeric() {
        let token = Token::Numeric(42);
        assert!(!token.is_wildcard());
    }

    #[test]
    fn test_is_wildcard_alphanumeric() {
        let token = Token::AlphaNumeric("test");
        assert!(!token.is_wildcard());
    }
}
True
========================================
    use super::*;

use crate::*;
    use crate::parser::Error;
    
    #[test]
    fn test_from() {
        let error: Error<'static> = Error::UnexpectedEnd;
        let result: String = From::from(error);
        assert_eq!(result, "expected more input");
    }
}
True
========================================
    use super::*;

use crate::*;
    
    #[test]
    fn test_component_numeric() {
        let mut lexer = Lexer::new("123");
        let mut parser = Parser::new("123").unwrap();
        assert_eq!(parser.component().unwrap(), Some(123));
        assert_eq!(lexer.next().unwrap().unwrap(), Token::Numeric(123));
    }
    
    #[test]
    fn test_component_wildcard() {
        let mut lexer = Lexer::new("*");
        let mut parser = Parser::new("*").unwrap();
        assert_eq!(parser.component().unwrap(), None);
        assert_eq!(lexer.next().unwrap().unwrap(), Token::Star);
    }
    
    #[test]
    fn test_component_unexpected_token() {
        let mut lexer = Lexer::new("abc");
        let mut parser = Parser::new("abc").unwrap();
        assert!(parser.component().is_err());
        assert_eq!(lexer.next().unwrap().unwrap(), Token::AlphaNumeric("abc"));
    }
}
True
========================================
    use crate::parser::Parser;
    use crate::parser::Error;
    use crate::parser::Token;
    
    #[test]
    fn test_dot_component_no_dot() -> Result<(), Error<'static>> {
        let mut parser = Parser::new("1")?;
        let result = parser.dot_component()?;
        assert_eq!(result, (None, false));
        Ok(())
    }
    
    #[test]
    fn test_dot_component_dot_component() -> Result<(), Error<'static>> {
        let mut parser = Parser::new(".1")?;
        let result = parser.dot_component()?;
        assert_eq!(result, (Some(1), false));
        Ok(())
    }
    
    #[test]
    fn test_dot_component_wildcard() -> Result<(), Error<'static>> {
        let mut parser = Parser::new(".*")?;
        let result = parser.dot_component()?;
        assert_eq!(result, (None, true));
        Ok(())
    }
    
    #[test]
    fn test_dot_component_dot_numeric() -> Result<(), Error<'static>> {
        let mut parser = Parser::new(".1")?;
        let result = parser.dot_component()?;
        assert_eq!(result, (Some(1), false));
        Ok(())
    }
    
    #[test]
    fn test_dot_component_dot_not_numeric() -> Result<(), Error<'static>> {
        let mut parser = Parser::new(".abc")?;
        let result = parser.dot_component()?;
        assert!(result.is_err());
        Ok(())
    }
}
False
========================================
    use super::*;

use crate::*;
    use crate::lexer::Lexer;
    use crate::parser::{Parser, Error, Token, Identifier, Version};

    #[test]
    fn test_dot_numeric() {
        let mut parser = Parser::new("1.0.0").unwrap();
        let result = parser.dot_numeric();
        assert_eq!(result, Ok(0));

        let mut parser = Parser::new("1.a").unwrap();
        let result = parser.dot_numeric();
        assert_eq!(result, Err(Error::UnexpectedToken(Token::AlphaNumeric(Identifier::AlphaNumeric("a".to_string().as_str())))));

        let mut parser = Parser::new("1").unwrap();
        let result = parser.dot_numeric();
        assert_eq!(result, Err(Error::UnexpectedEnd));
    }
}
False
========================================
    use crate::parser::Parser;
    use crate::parser::Lexer;
    use crate::parser::Token;
    use crate::parser::Identifier;
    use crate::parser::Error;

    #[test]
    fn test_identifier() {
        let input = "foo";
        let mut parser = Parser::new(input).unwrap();
        assert_eq!(parser.identifier().unwrap(), Identifier::AlphaNumeric("foo".to_string()));
    }

    #[test]
    fn test_identifier_with_hyphen() {
        let input = "foo-bar";
        let mut parser = Parser::new(input).unwrap();
        assert_eq!(parser.identifier().unwrap(), Identifier::AlphaNumeric("foo-bar".to_string()));
    }

    #[test]
    fn test_identifier_with_numeric() {
        let input = "123";
        let mut parser = Parser::new(input).unwrap();
        assert_eq!(parser.identifier().unwrap(), Identifier::Numeric(123));
    }

    #[test]
    fn test_identifier_with_hyphen_and_numeric() {
        let input = "beta-1";
        let mut parser = Parser::new(input).unwrap();
        assert_eq!(parser.identifier().unwrap(), Identifier::AlphaNumeric("beta-1".to_string()));
    }

    #[test]
    fn test_identifier_unexpected_token() {
        let input = "foo!";
        let mut parser = Parser::new(input).unwrap();
        assert_eq!(parser.identifier().unwrap_err(), Error::UnexpectedToken(Token::AlphaNumeric("foo!".to_string())));
    }

    #[test]
    fn test_identifier_unexpected_end() {
        let input = "";
        let mut parser = Parser::new(input).unwrap();
        assert_eq!(parser.identifier().unwrap_err(), Error::UnexpectedEnd);
    }
}
False
========================================
    use super::*;

use crate::*;

    #[test]
    fn test_is_eof() {
        let mut parser = Parser::new("").unwrap();
        assert_eq!(parser.is_eof(), true);

        let mut parser = Parser::new("1.0.0").unwrap();
        assert_eq!(parser.is_eof(), false);
    }
}
True
========================================
    use super::*;

use crate::*;
    use crate::lexer::Lexer;

    #[test]
    fn test_new() {
        let input = ""; // Set input value for testing
        
        let result = Parser::new(input);
        
        // Add assertions here
        
        // Example assertion for Ok variant
        // assert!(result.is_ok());
        
        // Example assertion for Err variant
        // assert!(result.is_err());
    }
}
True
========================================
    use super::*;

use crate::*;
    use lexer::*;

    #[test]
    fn test_numeric_success() {
        let mut lexer = Lexer::new("123");
        let mut parser = Parser::new(&mut lexer);
        let result = parser.numeric();
        assert_eq!(result, Ok(123));
    }

    #[test]
    fn test_numeric_unexpected_token() {
        let mut lexer = Lexer::new("abc");
        let mut parser = Parser::new(&mut lexer);
        let result = parser.numeric();
        assert_eq!(
            result,
            Err(UnexpectedToken(Token::AlphaNumeric("abc".into())))
        );
    }

    #[test]
    fn test_numeric_unexpected_end() {
        let mut lexer = Lexer::new("");
        let mut parser = Parser::new(&mut lexer);
        let result = parser.numeric();
        assert_eq!(result, Err(UnexpectedEnd));
    }
}
False
========================================
    use super::*;

use crate::*;
    use crate::lexer::Lexer;
    use crate::parser::{Identifier, Parser};

    #[test]
    fn test_parts() {
        let input = "1.0.0-beta.1";
        let mut parser = Parser::new(input).unwrap();
        let parts = parser.parts().unwrap();
        let expected_parts = vec![
            Identifier::AlphaNumeric("1".to_string()),
            Identifier::AlphaNumeric("0".to_string()),
            Identifier::AlphaNumeric("beta".to_string()),
            Identifier::AlphaNumeric("1".to_string()),
        ];

        assert_eq!(parts, expected_parts);
    }

    #[test]
    fn test_parts_single_identifier() {
        let input = "abcdef";
        let mut parser = Parser::new(input).unwrap();
        let parts = parser.parts().unwrap();
        let expected_parts = vec![Identifier::AlphaNumeric("abcdef".to_string())];

        assert_eq!(parts, expected_parts);
    }

    #[test]
    fn test_parts_empty() {
        let input = "";
        let mut parser = Parser::new(input).unwrap();
        let parts = parser.parts().unwrap();
        let expected_parts: Vec<Identifier> = vec![];

        assert_eq!(parts, expected_parts);
    }

    #[test]
    fn test_parts_multiple_dots() {
        let input = "1.0.0-beta.1+abcdef";
        let mut parser = Parser::new(input).unwrap();
        let parts = parser.parts().unwrap();
        let expected_parts = vec![
            Identifier::AlphaNumeric("1".to_string()),
            Identifier::AlphaNumeric("0".to_string()),
            Identifier::AlphaNumeric("beta".to_string()),
            Identifier::AlphaNumeric("1".to_string()),
        ];

        assert_eq!(parts, expected_parts);
    }

    #[test]
    fn test_parts_extra_whitespace() {
        let input = "  1.0.0  -  beta.1  ";
        let mut parser = Parser::new(input).unwrap();
        let parts = parser.parts().unwrap();
        let expected_parts = vec![
            Identifier::AlphaNumeric("1".to_string()),
            Identifier::AlphaNumeric("0".to_string()),
            Identifier::AlphaNumeric("beta".to_string()),
            Identifier::AlphaNumeric("1".to_string()),
        ];

        assert_eq!(parts, expected_parts);
    }
}
True
========================================
    use super::*;

use crate::*;
    use crate::lexer::Lexer;
    use crate::parser::Parser;
    use crate::parser::Error;
    use crate::lexer::Error as LexerError;

    #[test]
    fn test_peek_returns_some_token() {
        let input = "1.0.0";
        let lexer = Lexer::new(input);
        let mut parser = Parser::new(input).unwrap();

        let result = parser.peek();

        assert!(result.is_some());
    }

    #[test]
    fn test_peek_returns_none_at_end_of_input() {
        let input = "1.0.0";
        let lexer = Lexer::new(input);
        let mut parser = Parser::new(input).unwrap();

        let _ = parser.pop();
        let _ = parser.pop();
        let _ = parser.pop();

        let result = parser.peek();

        assert!(result.is_none());
    }

    #[test]
    fn test_peek_returns_correct_token() {
        let input = "1.0.0";
        let lexer = Lexer::new(input);
        let mut parser = Parser::new(input).unwrap();

        let result = parser.peek();

        assert_eq!(result, Some(&Token::Numeric(1)));
    }

    #[test]
    fn test_peek_returns_correct_token_after_pop() {
        let input = "1.0.0";
        let lexer = Lexer::new(input);
        let mut parser = Parser::new(input).unwrap();

        let _ = parser.pop();
        let result = parser.peek();

        assert_eq!(result, Some(&Token::Dot));
    }

    #[test]
    fn test_peek_returns_none_after_pop_at_end_of_input() {
        let input = "1.0.0";
        let lexer = Lexer::new(input);
        let mut parser = Parser::new(input).unwrap();

        let _ = parser.pop();
        let _ = parser.pop();
        let _ = parser.pop();
        let result = parser.peek();

        assert_eq!(result, None);
    }
}
True
========================================
    use crate::parser::{Parser, Error};
    use crate::lexer::{Lexer, Token};
    use crate::parser::Identifier;

    #[test]
    fn test_plus_build_metadata_empty() {
        let input = "";
        let mut parser = Parser::new(input).unwrap();

        let result = parser.plus_build_metadata();

        assert_eq!(result, Ok(vec![]));
    }

    #[test]
    fn test_plus_build_metadata_single_identifier() {
        let input = "+abcdef";
        let mut parser = Parser::new(input).unwrap();

        let result = parser.plus_build_metadata();

        assert_eq!(result, Ok(vec![Identifier::AlphaNumeric("abcdef".to_string())]));
    }

    #[test]
    fn test_plus_build_metadata_multiple_identifiers() {
        let input = "+abcdef.1234";
        let mut parser = Parser::new(input).unwrap();

        let result = parser.plus_build_metadata();

        assert_eq!(result, Ok(vec![
            Identifier::AlphaNumeric("abcdef".to_string()),
            Identifier::Numeric(1234)
        ]));
    }

    #[test]
    fn test_plus_build_metadata_no_plus() {
        let input = "abcdef";
        let mut parser = Parser::new(input).unwrap();

        let result = parser.plus_build_metadata();

        assert_eq!(result, Ok(vec![]));
    }

    #[test]
    fn test_plus_build_metadata_no_plus_single_identifier() {
        let input = "abcdef.1234";
        let mut parser = Parser::new(input).unwrap();

        let result = parser.plus_build_metadata();

        assert_eq!(result, Ok(vec![
            Identifier::AlphaNumeric("abcdef".to_string()),
            Identifier::Numeric(1234)
        ]));
    }

    #[test]
    fn test_plus_build_metadata_no_plus_multiple_identifiers() {
        let input = "abcdef.1234.5678";
        let mut parser = Parser::new(input).unwrap();

        let result = parser.plus_build_metadata();

        assert_eq!(result, Ok(vec![
            Identifier::AlphaNumeric("abcdef".to_string()),
            Identifier::Numeric(1234),
            Identifier::Numeric(5678)
        ]));
    }
}
True
========================================
    use super::*;

use crate::*;
    
    #[test]
    fn test_pop() {
        let input = "";
        let mut parser = Parser::new(input).unwrap();
        let result = parser.pop();
        assert_eq!(result, Err(UnexpectedEnd));
    }
}
True
========================================
    use super::*;

use crate::*;

    use crate::version::Identifier;

    #[test]
    fn test_pre_no_hyphen() {
        let input = "1.0.0";
        let mut parser = Parser::new(input).unwrap();
        let result = parser.pre();
        assert_eq!(result, Ok(vec![]));
    }

    #[test]
    fn test_pre_with_hyphen() {
        let input = "-abcdef.1234";
        let mut parser = Parser::new(input).unwrap();
        let result = parser.pre();
        assert_eq!(
            result,
            Ok(vec![
                Identifier::AlphaNumeric("abcdef".to_string()),
                Identifier::Numeric(1234)
            ])
        );
    }

    #[test]
    fn test_pre_empty() {
        let input = "-.1";
        let mut parser = Parser::new(input).unwrap();
        let result = parser.pre();
        assert_eq!(result, Ok(vec![]));
    }

    #[test]
    fn test_pre_multipe_identifiers() {
        let input = "-alpha.beta.1";
        let mut parser = Parser::new(input).unwrap();
        let result = parser.pre();
        assert_eq!(
            result,
            Ok(vec![
                Identifier::AlphaNumeric("alpha".to_string()),
                Identifier::AlphaNumeric("beta".to_string()),
                Identifier::Numeric(1)
            ])
        );
    }

    #[test]
    fn test_pre_with_hyphen_and_plus() {
        let input = "-abcdef.1234+test";
        let mut parser = Parser::new(input).unwrap();
        let result = parser.pre();
        assert_eq!(
            result,
            Ok(vec![
                Identifier::AlphaNumeric("abcdef".to_string()),
                Identifier::Numeric(1234)
            ])
        );
    }

    #[test]
    fn test_pre_with_hyphen_and_plus_empty() {
        let input = "-.1+test";
        let mut parser = Parser::new(input).unwrap();
        let result = parser.pre();
        assert_eq!(result, Ok(vec![]));
    }
}
True
========================================
    use super::*;

use crate::*;

    #[test]
    fn test_skip_whitespace() {
        let input = "  \t  \n  foo";
        let mut parser = Parser::new(input).unwrap();
        parser.skip_whitespace().unwrap();

        let expected_tail = vec![
            Token::AlphaNumeric("foo"),
        ];
        assert_eq!(parser.tail().unwrap(), expected_tail);
    }
}
True
========================================
    use super::*;

use crate::*;
    use crate::lexer::Lexer;

    #[test]
    fn test_tail() {
        let input = "";
        let lexer = Lexer::new(input);
        let mut parser = Parser::new(input).unwrap();

        let expected = Vec::new();
        let result = parser.tail();

        assert_eq!(result, Ok(expected));
    }
}
True
========================================
    use crate::parser::Parser;
    use crate::lexer::Lexer;
    use crate::parser::Error;
    use crate::parser::Token;
    use crate::parser::Version;
    use crate::parser::Identifier;

    #[test]
    fn test_version() {
        let input = "1.0.0";
        let mut parser = Parser::new(input).unwrap();
        let res = parser.version();
        assert_eq!(res, Ok(Version {
            major: 1,
            minor: 0,
            patch: 0,
            pre: vec![],
            build: vec![],
        }));
    }

    #[test]
    fn test_version_with_pre() {
        let input = "3.0.0-beta.1";
        let mut parser = Parser::new(input).unwrap();
        let res = parser.version();
        assert_eq!(res, Ok(Version {
            major: 3,
            minor: 0,
            patch: 0,
            pre: vec![Identifier::AlphaNumeric("beta".to_string()), Identifier::Numeric(1)],
            build: vec![],
        }));
    }

    #[test]
    fn test_version_with_pre_and_build() {
        let input = "1.2.3-beta.1+build.456";
        let mut parser = Parser::new(input).unwrap();
        let res = parser.version();
        assert_eq!(res, Ok(Version {
            major: 1,
            minor: 2,
            patch: 3,
            pre: vec![Identifier::AlphaNumeric("beta".to_string()), Identifier::Numeric(1)],
            build: vec![Identifier::AlphaNumeric("build".to_string()), Identifier::Numeric(456)],
        }));
    }

    #[test]
    fn test_version_with_whitespace() {
        let input = "  1.0.0  ";
        let mut parser = Parser::new(input).unwrap();
        let res = parser.version();
        assert_eq!(res, Ok(Version {
            major: 1,
            minor: 0,
            patch: 0,
            pre: vec![],
            build: vec![],
        }));
    }

    #[test]
    fn test_version_with_invalid_input() {
        let input = "1.0.0abc";
        let mut parser = Parser::new(input).unwrap();
        let res = parser.version();
        assert_eq!(res, Err(Error::UnexpectedToken(Token::AlphaNumeric("abc"))));
    }
}
True
========================================
    use super::*;

use crate::*;
    use crate::range::{Op, Partial, PartialKind, Identifier, Comparator};

    #[test]
    fn test_as_comparator() {
        let mut partial = Partial::new();
        partial.major = Some(1);
        partial.minor = Some(2);
        partial.patch = Some(3);
        partial.pre = vec![Identifier::AlphaNumeric("alpha".to_string())];

        let op = Op::Gte;
        let expected = Comparator {
            op,
            major: 1,
            minor: 2,
            patch: 3,
            pre: vec![Identifier::AlphaNumeric("alpha".to_string())],
        };

        let result = partial.as_comparator(op);
        assert_eq!(result, expected);
    }
}
False
========================================
    use crate::range::Partial;

    #[test]
    fn test_inc_major() {
        let mut partial = Partial::new();
        partial.inc_major();
        
        assert_eq!(partial.major, Some(1));
    }
}
True
========================================
    use super::*;

use crate::*;

    #[test]
    fn test_inc_minor() {
        let mut partial = Partial::new();
        partial.inc_minor();
        assert_eq!(partial.minor, Some(1));

        partial.minor = Some(4);
        partial.inc_minor();
        assert_eq!(partial.minor, Some(5));

        partial.minor = Some(100);
        partial.inc_minor();
        assert_eq!(partial.minor, Some(101));
    }
}
True
========================================
    use super::*;

use crate::*;
    
    #[test]
    fn test_inc_patch() {
        let mut range = range::Partial::new();
        range.inc_patch();
        assert_eq!(range.patch, Some(1));
    }
}
True
========================================
    use super::*;

use crate::*;
    
    #[test]
    fn test_new() {
        let partial = Partial::new();
        
        assert_eq!(partial.major, None);
        assert_eq!(partial.minor, None);
        assert_eq!(partial.patch, None);
        assert_eq!(partial.pre, Vec::new());
        assert_eq!(partial.kind, PartialKind::XRangeOnly);
    }
}
True
========================================
    use super::*;

use crate::*;

    #[test]
    fn test_no_pre() {
        let mut range = Partial::new();
        range.pre.push(Identifier::Numeric(1));
        range.pre.push(Identifier::AlphaNumeric("alpha".to_string()));
        range.pre.push(Identifier::Numeric(2));

        range.no_pre();

        assert!(range.pre.is_empty());
    }
}
True
========================================
    use crate::range::Partial;

    #[test]
    fn test_zero_minor() {
        let mut partial = Partial::new();
        partial.zero_minor();
        assert_eq!(0, partial.minor.unwrap());
    }
}
True
========================================
    use super::*;

use crate::*;
    use crate::range::{Partial, PartialKind};

    #[test]
    fn test_zero_missing() {
        let mut partial = Partial::new();
        partial.major = Some(1);

        partial.zero_missing();
        assert_eq!(partial.major, Some(1));
        assert_eq!(partial.minor, Some(0));
        assert_eq!(partial.patch, Some(0));
    }
}
True
========================================
    use super::*;

use crate::*;
    use crate::range::{Partial, PartialKind};

    #[test]
    fn test_zero_patch() {
        let mut partial = Partial::new();
        partial.zero_patch();
        assert_eq!(partial.patch, Some(0));
    }
}
True
========================================
    use super::*;

use crate::*;
    use crate::*;
    use pest::Parser;

    #[test]
    fn test_from_pair_iterator_hyphen() {
        let pair = SemverParser::parse(Rule::range, "1.0.0 - 2.0.0").unwrap().next().unwrap();
        let result = from_pair_iterator(pair, range_set::Compat::Cargo);
        assert!(result.is_ok());
        let range = result.unwrap();
        assert_eq!(range.compat, range_set::Compat::Cargo);
        assert_eq!(range.comparator_set.len(), 1);
        // Add more assertions here
    }

    #[test]
    fn test_from_pair_iterator_simple() {
        let pair = SemverParser::parse(Rule::range, ">=1.0.0").unwrap().next().unwrap();
        let result = from_pair_iterator(pair, range_set::Compat::Cargo);
        assert!(result.is_ok());
        let range = result.unwrap();
        assert_eq!(range.compat, range_set::Compat::Cargo);
        assert_eq!(range.comparator_set.len(), 1);
        // Add more assertions here
    }

    #[test]
    fn test_from_pair_iterator_empty() {
        let pair = SemverParser::parse(Rule::range, "").unwrap().next().unwrap();
        let result = from_pair_iterator(pair, range_set::Compat::Cargo);
        assert!(result.is_ok());
        let range = result.unwrap();
        assert_eq!(range.compat, range_set::Compat::Cargo);
        assert_eq!(range.comparator_set.len(), 1);
        // Add more assertions here
    }

    // Add more tests for other cases
}
True
========================================
    use super::*;

use crate::*;
    use crate::range::simple::from_hyphen_range;
    use crate::range::{PartialKind, Op, Comparator};
    use crate::range::Identifier;
    use crate::RangeParser;
    use pest::Parser;

    #[test]
    fn test_from_hyphen_range() {
        let pairs = RangeParser::parse(Rule::hyphen, "1.2.3 - 2.3.4").unwrap();
        let pair = pairs.single().unwrap();
        let result = from_hyphen_range(pair);
        assert!(result.is_ok());
        let comparators = result.unwrap();
        assert_eq!(comparators.len(), 1);
        assert_eq!(comparators[0], Comparator {
            op: Op::Lte,
            major: Some(2),
            minor: Some(3),
            patch: Some(4),
            pre: vec![Identifier::Numeric(0)],
        });
    }
}
False
========================================
    use crate::from_pair_iterator;
    use crate::range::simple::from_pair_iterator;
    use crate::range_set::Compat;
    use pest::iterators::Pair;
    use pest::Parser;

    #[test]
    fn test_from_pair_iterator() {
        // Test input
        let parsed_simple = <YourParsedSimpleParser as pest::Parser<Rule>>::parse(Rule::simple, "").unwrap().next().unwrap();
        let compat = Compat::Cargo;

        // Expected output
        let expected = Ok(Vec::new());

        // Call the function
        let result = from_pair_iterator(parsed_simple, compat);

        // Assertion
        assert_eq!(result, expected);
    }
}
False
========================================
    use crate::range::simple::handle_caret_range;
    use crate::range::{Partial, PartialKind, Op, Comparator, Identifier};

    #[test]
    fn test_handle_caret_range() {
        let mut partial = Partial::new();
        let mut comparators = Vec::new();

        // Test case 1
        partial.major = Some(0);
        partial.kind = PartialKind::MajorOnly;
        crate::range::handle_caret_range(partial.clone(), &mut comparators);
        assert_eq!(
            comparators,
            vec![
                Partial {
                    major: Some(0),
                    minor: None,
                    patch: None,
                    pre: vec![],
                    kind: PartialKind::MajorOnly
                }
                .zero_missing()
                .as_comparator(Op::Gte),
                Partial {
                    major: Some(0),
                    minor: Some(1),
                    patch: None,
                    pre: vec![],
                    kind: PartialKind::MajorOnly
                }
                .zero_missing()
                .no_pre()
                .as_comparator(Op::Lt),
            ]
        );

        // Test case 2
        partial.major = Some(0);
        partial.kind = PartialKind::MajorMinor;
        crate::range::handle_caret_range(partial.clone(), &mut comparators);
        assert_eq!(
            comparators,
            vec![
                Partial {
                    major: Some(0),
                    minor: None,
                    patch: None,
                    pre: vec![],
                    kind: PartialKind::MajorMinor
                }
                .zero_missing()
                .as_comparator(Op::Gte),
                Partial {
                    major: Some(0),
                    minor: Some(1),
                    patch: Some(0),
                    pre: vec![],
                    kind: PartialKind::MajorMinor
                }
                .zero_patch()
                .no_pre()
                .as_comparator(Op::Lt),
            ]
        );

        // Test case 3
        partial.major = Some(0);
        partial.minor = Some(0);
        partial.patch = Some(1);
        partial.kind = PartialKind::MajorMinorPatch;
        crate::range::handle_caret_range(partial.clone(), &mut comparators);
        assert_eq!(
            comparators,
            vec![
                Partial {
                    major: Some(0),
                    minor: Some(0),
                    patch: Some(1),
                    pre: vec![],
                    kind: PartialKind::MajorMinorPatch
                }
                .as_comparator(Op::Gte),
                Partial {
                    major: Some(0),
                    minor: Some(0),
                    patch: Some(2),
                    pre: vec![],
                    kind: PartialKind::MajorMinorPatch
                }
                .no_pre()
                .as_comparator(Op::Lt),
            ]
        );

        // Test case 4
        partial.major = Some(1);
        partial.kind = PartialKind::XRangeOnly;
        crate::range::handle_caret_range(partial.clone(), &mut comparators);
        assert_eq!(
            comparators,
            vec![
                Partial {
                    major: Some(1),
                    minor: None,
                    patch: None,
                    pre: vec![],
                    kind: PartialKind::XRangeOnly
                }
                .zero_missing()
                .as_comparator(Op::Gte),
            ]
        );

        // Test case 5
        partial.major = Some(1);
        partial.kind = PartialKind::MajorOnly;
        crate::range::handle_caret_range(partial.clone(), &mut comparators);
        assert_eq!(
            comparators,
            vec![
                Partial {
                    major: Some(1),
                    minor: None,
                    patch: None,
                    pre: vec![],
                    kind: PartialKind::MajorOnly
                }
                .zero_missing()
                .as_comparator(Op::Gte),
                Partial {
                    major: Some(2),
                    minor: Some(0),
                    patch: Some(0),
                    pre: vec![],
                    kind: PartialKind::MajorOnly
                }
                .zero_minor()
                .zero_patch()
                .no_pre()
                .as_comparator(Op::Lt),
            ]
        );
    }
}
False
========================================
    use super::*;

use crate::*;

    use crate::range::simple::parse_partial;
    use crate::range::{Partial, Identifier, PartialKind};

    #[test]
    fn test_parse_partial() {
        // Arrange
        let mut components: Vec<pest::iterators::Pair<Rule>> = Vec::new();
        // Add components to the `components` vector

        // Act
        let partial = parse_partial(components);

        // Assert
        assert_eq!(partial.major, None);
        assert_eq!(partial.minor, None);
        assert_eq!(partial.patch, None);
        assert_eq!(partial.pre.len(), 0);
        assert_eq!(partial.kind, PartialKind::XRangeOnly);
    }
}
False
========================================
    use super::*;

use crate::*;
    
    #[test]
    fn test_new() {
        let range_set = RangeSet::new();
        
        assert_eq!(range_set.ranges.len(), 0);
        assert_eq!(range_set.compat, Compat::Cargo);
    }
}
True
========================================
    use super::*;

use crate::*;
    
    #[test]
    fn test_parse_valid_input() {
        let input = ">=1.0.0 <2.0.0 || >3.0.0";
        let compat = Compat::Cargo;
        let result = RangeSet::parse(input, compat);
        assert!(result.is_ok());
        // add assertions to test the parsed range set
    }
    
    #[test]
    fn test_parse_invalid_input() {
        let input = ">=1.0.0 <2.0.0 ||";
        let compat = Compat::Cargo;
        let result = RangeSet::parse(input, compat);
        assert!(result.is_err());
        // add assertions to test the error message
    }
}
True
========================================
    use super::*;

use crate::*;

    #[test]
    fn test_from_pair_iterator_cargo() {
        let range_set_pair = Pair::new(Rule::range_set, "");
        let compat = Compat::Cargo;

        assert_eq!(
            from_pair_iterator(range_set_pair, compat),
            Ok(RangeSet {
                compat,
                ranges: vec![],
            })
        );
    }

    #[test]
    fn test_from_pair_iterator_npm() {
        let range_set_pair = Pair::new(Rule::range_set, "");
        let compat = Compat::Npm;

        assert_eq!(
            from_pair_iterator(range_set_pair, compat),
            Ok(RangeSet {
                compat,
                ranges: vec![],
            })
        );
    }

    #[test]
    fn test_from_pair_iterator_invalid_rule() {
        let range_pair = Pair::new(Rule::range, "");
        let mut range_set_pair = Pair::new(Rule::range_set, "");
        range_set_pair.as_mut().into_inner().add_inner(range_pair);

        let compat = Compat::Cargo;

        assert_eq!(
            from_pair_iterator(range_set_pair, compat),
            Err(String::from("Error parsing range set"))
        );
    }

    #[test]
    #[should_panic]
    fn test_from_pair_iterator_unreachable_rule() {
        let range_set_pair = Pair::new(Rule::range_set, "");
        let compat = Compat::Cargo;

        from_pair_iterator(range_set_pair, compat);
    }
}
False
========================================
    use super::*;

use crate::*;

    use crate::version::Identifier;

    #[test]
    fn test_concat_identifier_numeric() {
        let identifier = Identifier::Numeric(42);
        let result = identifier.concat("-suffix");
        let expected = Identifier::AlphaNumeric(String::from("42-suffix"));
        assert_eq!(result, expected);
    }

    #[test]
    fn test_concat_identifier_alphanumeric() {
        let identifier = Identifier::AlphaNumeric(String::from("abc"));
        let result = identifier.concat("-suffix");
        let expected = Identifier::AlphaNumeric(String::from("abc-suffix"));
        assert_eq!(result, expected);
    }
}
True
========================================
    use super::*;

use crate::*;
    use crate::parser;
    use crate::version::{parse, Version, Identifier};

    #[test]
    fn test_parse_valid_version() {
        let input = "0.1.2-alpha1";
        let expected = Ok(Version {
            major: 0,
            minor: 1,
            patch: 2,
            pre: vec![Identifier::AlphaNumeric(String::from("alpha1"))],
            build: vec![],
        });

        let result = parse(input);

        assert_eq!(result, expected);
    }

    #[test]
    fn test_parse_trailing_input() {
        let input = "1.2.3-extra";
        let expected = Err(parser::Error::MoreInput(vec![parser::Token::AlphaNumeric("extra".to_string())]));

        let result = parse(input);

        assert_eq!(result, expected);
    }
}
False
semver-parser semver-parser 35 69
