err not in  /mnt/sda/xiang/syrust/syrust_cov/sval1/src/collect/owned.rs/190/9/190/31
err not in  /mnt/sda/xiang/syrust/syrust_cov/sval1/src/collect/owned.rs/190/31/190/32
err not in  /mnt/sda/xiang/syrust/syrust_cov/sval1/src/collect/owned.rs/191/9/191/17
err not in  /mnt/sda/xiang/syrust/syrust_cov/sval1/src/collect/owned.rs/192/5/192/6
err not in  /mnt/sda/xiang/syrust/syrust_cov/sval1/src/collect/owned.rs/195/9/195/33
err not in  /mnt/sda/xiang/syrust/syrust_cov/sval1/src/collect/owned.rs/195/33/195/34
err not in  /mnt/sda/xiang/syrust/syrust_cov/sval1/src/collect/owned.rs/196/9/196/17
err not in  /mnt/sda/xiang/syrust/syrust_cov/sval1/src/collect/owned.rs/197/5/197/6
err not in  /mnt/sda/xiang/syrust/syrust_cov/sval1/src/collect/owned.rs/123/5/125/6
err not in  /mnt/sda/xiang/syrust/syrust_cov/sval1/src/collect/owned.rs/159/5/161/6
err not in  /mnt/sda/xiang/syrust/syrust_cov/sval1/src/error.rs/106/9/108/10
err not in  /mnt/sda/xiang/syrust/syrust_cov/sval1/src/error.rs/23/5/28/6
err not in  /mnt/sda/xiang/syrust/syrust_cov/sval1/src/error.rs/34/5/39/6
err not in  /mnt/sda/xiang/syrust/syrust_cov/sval1/src/error.rs/69/5/70/19
err not in  /mnt/sda/xiang/syrust/syrust_cov/sval1/src/error.rs/71/44/72/66
err not in  /mnt/sda/xiang/syrust/syrust_cov/sval1/src/error.rs/74/32/74/50
err not in  /mnt/sda/xiang/syrust/syrust_cov/sval1/src/error.rs/76/32/76/54
err not in  /mnt/sda/xiang/syrust/syrust_cov/sval1/src/error.rs/80/5/80/6
err not in  /mnt/sda/xiang/syrust/syrust_cov/sval1/src/error.rs/18/5/20/6
err not in  /mnt/sda/xiang/syrust/syrust_cov/sval1/src/error.rs/30/5/31/55
err not in  /mnt/sda/xiang/syrust/syrust_cov/sval1/src/error.rs/31/58/31/62
err not in  /mnt/sda/xiang/syrust/syrust_cov/sval1/src/error.rs/31/72/31/77
err not in  /mnt/sda/xiang/syrust/syrust_cov/sval1/src/error.rs/32/5/32/6
err not in  /mnt/sda/xiang/syrust/syrust_cov/sval1/src/error.rs/127/9/129/10
err not in  /mnt/sda/xiang/syrust/syrust_cov/sval1/src/error.rs/50/5/52/6
err not in  /mnt/sda/xiang/syrust/syrust_cov/sval1/src/stream/stack.rs/459/9/461/10
err not in  /mnt/sda/xiang/syrust/syrust_cov/sval1/src/stream/stack.rs/445/9/450/10
err not in  /mnt/sda/xiang/syrust/syrust_cov/sval1/src/stream/stack.rs/482/9/487/10
err not in  /mnt/sda/xiang/syrust/syrust_cov/sval1/src/stream/stack.rs/475/9/480/10
err not in  /mnt/sda/xiang/syrust/syrust_cov/sval1/src/stream/stack.rs/463/9/464/45
err not in  /mnt/sda/xiang/syrust/syrust_cov/sval1/src/stream/stack.rs/465/24/465/64
err not in  /mnt/sda/xiang/syrust/syrust_cov/sval1/src/stream/stack.rs/466/14/468/19
err not in  /mnt/sda/xiang/syrust/syrust_cov/sval1/src/stream/stack.rs/469/9/469/10
err not in  /mnt/sda/xiang/syrust/syrust_cov/sval1/src/stream/stack.rs/471/9/473/10
err not in  /mnt/sda/xiang/syrust/syrust_cov/sval1/src/stream/stack.rs/452/9/457/10
err not in  /mnt/sda/xiang/syrust/syrust_cov/sval1/src/stream/owned.rs/135/5/137/6
err not in  /mnt/sda/xiang/syrust/syrust_cov/sval1/src/stream/owned.rs/491/40/491/42
err not in  /mnt/sda/xiang/syrust/syrust_cov/sval1/src/stream/owned.rs/240/5/242/6
err not in  /mnt/sda/xiang/syrust/syrust_cov/sval1/src/stream/owned.rs/128/5/130/6
err not in  /mnt/sda/xiang/syrust/syrust_cov/sval1/src/stream/owned.rs/257/40/257/42
err not in  /mnt/sda/xiang/syrust/syrust_cov/sval1/src/stream/owned.rs/487/38/487/40
err not in  /mnt/sda/xiang/syrust/syrust_cov/sval1/src/stream/owned.rs/30/5/32/6
err not in  /mnt/sda/xiang/syrust/syrust_cov/sval1/src/stream/owned.rs/183/9/183/31
err not in  /mnt/sda/xiang/syrust/syrust_cov/sval1/src/stream/owned.rs/183/31/183/32
err not in  /mnt/sda/xiang/syrust/syrust_cov/sval1/src/stream/owned.rs/184/9/184/17
err not in  /mnt/sda/xiang/syrust/syrust_cov/sval1/src/stream/owned.rs/185/5/185/6
err not in  /mnt/sda/xiang/syrust/syrust_cov/sval1/src/stream/owned.rs/65/5/67/6
err not in  /mnt/sda/xiang/syrust/syrust_cov/sval1/src/stream/owned.rs/375/5/377/6
err not in  /mnt/sda/xiang/syrust/syrust_cov/sval1/src/stream/owned.rs/212/5/214/6
err not in  /mnt/sda/xiang/syrust/syrust_cov/sval1/src/stream/owned.rs/252/5/253/34
err not in  /mnt/sda/xiang/syrust/syrust_cov/sval1/src/stream/owned.rs/253/40/254/6
err not in  /mnt/sda/xiang/syrust/syrust_cov/sval1/src/stream/owned.rs/149/5/151/6
err not in  /mnt/sda/xiang/syrust/syrust_cov/sval1/src/stream/owned.rs/253/38/253/40
err not in  /mnt/sda/xiang/syrust/syrust_cov/sval1/src/stream/owned.rs/248/5/250/6
err not in  /mnt/sda/xiang/syrust/syrust_cov/sval1/src/stream/owned.rs/256/5/257/36
err not in  /mnt/sda/xiang/syrust/syrust_cov/sval1/src/stream/owned.rs/257/42/258/6
err not in  /mnt/sda/xiang/syrust/syrust_cov/sval1/src/stream/owned.rs/260/5/262/6
err not in  /mnt/sda/xiang/syrust/syrust_cov/sval1/src/stream/owned.rs/142/5/144/6
err not in  /mnt/sda/xiang/syrust/syrust_cov/sval1/src/stream/owned.rs/191/9/191/33
err not in  /mnt/sda/xiang/syrust/syrust_cov/sval1/src/stream/owned.rs/191/33/191/34
err not in  /mnt/sda/xiang/syrust/syrust_cov/sval1/src/stream/owned.rs/192/9/192/17
err not in  /mnt/sda/xiang/syrust/syrust_cov/sval1/src/stream/owned.rs/193/5/193/6
err not in  /mnt/sda/xiang/syrust/syrust_cov/sval1/src/stream/owned.rs/44/5/46/6
err not in  /mnt/sda/xiang/syrust/syrust_cov/sval1/src/stream/owned.rs/382/5/384/6
err not in  /mnt/sda/xiang/syrust/syrust_cov/sval1/src/stream/owned.rs/354/5/356/6
err not in  /mnt/sda/xiang/syrust/syrust_cov/sval1/src/stream/owned.rs/446/5/448/6
err not in  /mnt/sda/xiang/syrust/syrust_cov/sval1/src/stream/owned.rs/474/5/476/6
err not in  /mnt/sda/xiang/syrust/syrust_cov/sval1/src/stream/owned.rs/486/5/487/34
err not in  /mnt/sda/xiang/syrust/syrust_cov/sval1/src/stream/owned.rs/487/40/488/6
err not in  /mnt/sda/xiang/syrust/syrust_cov/sval1/src/stream/owned.rs/490/5/491/36
err not in  /mnt/sda/xiang/syrust/syrust_cov/sval1/src/stream/owned.rs/491/42/492/6
err not in  /mnt/sda/xiang/syrust/syrust_cov/sval1/src/stream/owned.rs/482/5/484/6
err not in  /mnt/sda/xiang/syrust/syrust_cov/sval1/src/stream/owned.rs/420/9/420/31
err not in  /mnt/sda/xiang/syrust/syrust_cov/sval1/src/stream/owned.rs/420/31/420/32
err not in  /mnt/sda/xiang/syrust/syrust_cov/sval1/src/stream/owned.rs/421/9/421/17
err not in  /mnt/sda/xiang/syrust/syrust_cov/sval1/src/stream/owned.rs/422/5/422/6
err not in  /mnt/sda/xiang/syrust/syrust_cov/sval1/src/stream/owned.rs/494/5/496/6
err not in  /mnt/sda/xiang/syrust/syrust_cov/sval1/src/stream/owned.rs/305/5/307/6
err not in  /mnt/sda/xiang/syrust/syrust_cov/sval1/src/stream/owned.rs/428/9/428/33
err not in  /mnt/sda/xiang/syrust/syrust_cov/sval1/src/stream/owned.rs/428/33/428/34
err not in  /mnt/sda/xiang/syrust/syrust_cov/sval1/src/stream/owned.rs/429/9/429/17
err not in  /mnt/sda/xiang/syrust/syrust_cov/sval1/src/stream/owned.rs/430/5/430/6
err not in  /mnt/sda/xiang/syrust/syrust_cov/sval1/src/stream/owned.rs/368/5/370/6
err not in  /mnt/sda/xiang/syrust/syrust_cov/sval1/src/stream/owned.rs/284/5/286/6
err not in  /mnt/sda/xiang/syrust/syrust_cov/sval1/src/stream/stack.rs/422/34/422/36
err not in  /mnt/sda/xiang/syrust/syrust_cov/sval1/src/stream/stack.rs/426/33/426/35
err not in  /mnt/sda/xiang/syrust/syrust_cov/sval1/src/stream/stack.rs/382/34/382/36
err not in  /mnt/sda/xiang/syrust/syrust_cov/sval1/src/stream/stack.rs/386/34/386/36
err not in  /mnt/sda/xiang/syrust/syrust_cov/sval1/src/stream/stack.rs/366/34/366/36
err not in  /mnt/sda/xiang/syrust/syrust_cov/sval1/src/stream/stack.rs/370/34/370/36
err not in  /mnt/sda/xiang/syrust/syrust_cov/sval1/src/stream/stack.rs/390/34/390/36
err not in  /mnt/sda/xiang/syrust/syrust_cov/sval1/src/stream/stack.rs/394/34/394/36
err not in  /mnt/sda/xiang/syrust/syrust_cov/sval1/src/stream/stack.rs/430/32/430/34
err not in  /mnt/sda/xiang/syrust/syrust_cov/sval1/src/stream/stack.rs/378/34/378/36
err not in  /mnt/sda/xiang/syrust/syrust_cov/sval1/src/stream/stack.rs/402/34/402/36
err not in  /mnt/sda/xiang/syrust/syrust_cov/sval1/src/stream/stack.rs/398/34/398/36
err not in  /mnt/sda/xiang/syrust/syrust_cov/sval1/src/stream/stack.rs/406/34/406/36
err not in  /mnt/sda/xiang/syrust/syrust_cov/sval1/src/stream/stack.rs/410/32/410/34
err not in  /mnt/sda/xiang/syrust/syrust_cov/sval1/src/stream/stack.rs/414/34/414/36
err not in  /mnt/sda/xiang/syrust/syrust_cov/sval1/src/stream/stack.rs/418/32/418/34
err not in  /mnt/sda/xiang/syrust/syrust_cov/sval1/src/stream/stack.rs/374/34/374/36
err not in  /mnt/sda/xiang/syrust/syrust_cov/sval1/src/stream/stack.rs/294/5/296/21
err not in  /mnt/sda/xiang/syrust/syrust_cov/sval1/src/stream/stack.rs/298/17/298/40
err not in  /mnt/sda/xiang/syrust/syrust_cov/sval1/src/stream/stack.rs/298/40/298/41
err not in  /mnt/sda/xiang/syrust/syrust_cov/sval1/src/stream/stack.rs/299/17/300/49
err not in  /mnt/sda/xiang/syrust/syrust_cov/sval1/src/stream/stack.rs/302/18/302/67
err not in  /mnt/sda/xiang/syrust/syrust_cov/sval1/src/stream/stack.rs/304/5/304/6
err not in  /mnt/sda/xiang/syrust/syrust_cov/sval1/src/stream/stack.rs/260/5/262/21
err not in  /mnt/sda/xiang/syrust/syrust_cov/sval1/src/stream/stack.rs/264/17/265/49
err not in  /mnt/sda/xiang/syrust/syrust_cov/sval1/src/stream/stack.rs/267/18/267/69
err not in  /mnt/sda/xiang/syrust/syrust_cov/sval1/src/stream/stack.rs/269/5/269/6
err not in  /mnt/sda/xiang/syrust/syrust_cov/sval1/src/stream/stack.rs/393/5/394/30
err not in  /mnt/sda/xiang/syrust/syrust_cov/sval1/src/stream/stack.rs/394/36/395/6
err not in  /mnt/sda/xiang/syrust/syrust_cov/sval1/src/stream/stack.rs/417/5/418/28
err not in  /mnt/sda/xiang/syrust/syrust_cov/sval1/src/stream/stack.rs/418/34/419/6
err not in  /mnt/sda/xiang/syrust/syrust_cov/sval1/src/stream/stack.rs/156/5/158/6
err not in  /mnt/sda/xiang/syrust/syrust_cov/sval1/src/stream/stack.rs/79/5/81/6
err not in  /mnt/sda/xiang/syrust/syrust_cov/sval1/src/stream/stack.rs/60/5/62/6
err not in  /mnt/sda/xiang/syrust/syrust_cov/sval1/src/stream/stack.rs/425/5/426/29
err not in  /mnt/sda/xiang/syrust/syrust_cov/sval1/src/stream/stack.rs/426/35/427/6
err not in  /mnt/sda/xiang/syrust/syrust_cov/sval1/src/stream/stack.rs/429/5/430/28
err not in  /mnt/sda/xiang/syrust/syrust_cov/sval1/src/stream/stack.rs/430/34/431/6
err not in  /mnt/sda/xiang/syrust/syrust_cov/sval1/src/stream/stack.rs/185/5/187/6
err not in  /mnt/sda/xiang/syrust/syrust_cov/sval1/src/stream/stack.rs/85/11/85/80
err not in  /mnt/sda/xiang/syrust/syrust_cov/sval1/src/stream/stack.rs/86/72/87/69
err not in  /mnt/sda/xiang/syrust/syrust_cov/sval1/src/stream/stack.rs/88/32/89/35
err not in  /mnt/sda/xiang/syrust/syrust_cov/sval1/src/stream/stack.rs/89/76/90/59
err not in  /mnt/sda/xiang/syrust/syrust_cov/sval1/src/stream/stack.rs/90/83/91/61
err not in  /mnt/sda/xiang/syrust/syrust_cov/sval1/src/stream/stack.rs/91/63/91/88
err not in  /mnt/sda/xiang/syrust/syrust_cov/sval1/src/stream/stack.rs/92/21/92/76
err not in  /mnt/sda/xiang/syrust/syrust_cov/sval1/src/stream/stack.rs/93/9/93/23
err not in  /mnt/sda/xiang/syrust/syrust_cov/sval1/src/stream/stack.rs/93/27/93/28
err not in  /mnt/sda/xiang/syrust/syrust_cov/sval1/src/stream/stack.rs/85/11/85/80
err not in  /mnt/sda/xiang/syrust/syrust_cov/sval1/src/stream/stack.rs/86/72/87/69
err not in  /mnt/sda/xiang/syrust/syrust_cov/sval1/src/stream/stack.rs/88/32/89/35
err not in  /mnt/sda/xiang/syrust/syrust_cov/sval1/src/stream/stack.rs/89/76/90/59
err not in  /mnt/sda/xiang/syrust/syrust_cov/sval1/src/stream/stack.rs/90/83/91/61
err not in  /mnt/sda/xiang/syrust/syrust_cov/sval1/src/stream/stack.rs/91/63/91/88
err not in  /mnt/sda/xiang/syrust/syrust_cov/sval1/src/stream/stack.rs/92/21/92/76
err not in  /mnt/sda/xiang/syrust/syrust_cov/sval1/src/stream/stack.rs/93/9/93/23
err not in  /mnt/sda/xiang/syrust/syrust_cov/sval1/src/stream/stack.rs/93/27/93/28
err not in  /mnt/sda/xiang/syrust/syrust_cov/sval1/src/stream/stack.rs/243/5/245/21
err not in  /mnt/sda/xiang/syrust/syrust_cov/sval1/src/stream/stack.rs/247/17/248/49
err not in  /mnt/sda/xiang/syrust/syrust_cov/sval1/src/stream/stack.rs/250/18/250/67
err not in  /mnt/sda/xiang/syrust/syrust_cov/sval1/src/stream/stack.rs/252/5/252/6
err not in  /mnt/sda/xiang/syrust/syrust_cov/sval1/src/stream/stack.rs/274/5/276/21
err not in  /mnt/sda/xiang/syrust/syrust_cov/sval1/src/stream/stack.rs/278/17/283/53
err not in  /mnt/sda/xiang/syrust/syrust_cov/sval1/src/stream/stack.rs/285/18/285/65
err not in  /mnt/sda/xiang/syrust/syrust_cov/sval1/src/stream/stack.rs/287/5/287/6
err not in  /mnt/sda/xiang/syrust/syrust_cov/sval1/src/stream/stack.rs/85/11/85/80
err not in  /mnt/sda/xiang/syrust/syrust_cov/sval1/src/stream/stack.rs/86/72/87/69
err not in  /mnt/sda/xiang/syrust/syrust_cov/sval1/src/stream/stack.rs/88/32/89/35
err not in  /mnt/sda/xiang/syrust/syrust_cov/sval1/src/stream/stack.rs/89/76/90/59
err not in  /mnt/sda/xiang/syrust/syrust_cov/sval1/src/stream/stack.rs/90/83/91/61
err not in  /mnt/sda/xiang/syrust/syrust_cov/sval1/src/stream/stack.rs/91/63/91/88
err not in  /mnt/sda/xiang/syrust/syrust_cov/sval1/src/stream/stack.rs/92/21/92/76
err not in  /mnt/sda/xiang/syrust/syrust_cov/sval1/src/stream/stack.rs/93/9/93/23
err not in  /mnt/sda/xiang/syrust/syrust_cov/sval1/src/stream/stack.rs/93/27/93/28
err not in  /mnt/sda/xiang/syrust/syrust_cov/sval1/src/stream/stack.rs/85/11/85/80
err not in  /mnt/sda/xiang/syrust/syrust_cov/sval1/src/stream/stack.rs/86/72/87/69
err not in  /mnt/sda/xiang/syrust/syrust_cov/sval1/src/stream/stack.rs/88/32/89/35
err not in  /mnt/sda/xiang/syrust/syrust_cov/sval1/src/stream/stack.rs/89/76/90/59
err not in  /mnt/sda/xiang/syrust/syrust_cov/sval1/src/stream/stack.rs/90/83/91/61
err not in  /mnt/sda/xiang/syrust/syrust_cov/sval1/src/stream/stack.rs/91/63/91/88
err not in  /mnt/sda/xiang/syrust/syrust_cov/sval1/src/stream/stack.rs/92/21/92/76
err not in  /mnt/sda/xiang/syrust/syrust_cov/sval1/src/stream/stack.rs/93/9/93/23
err not in  /mnt/sda/xiang/syrust/syrust_cov/sval1/src/stream/stack.rs/93/27/93/28
err not in  /mnt/sda/xiang/syrust/syrust_cov/sval1/src/stream/stack.rs/389/5/390/30
err not in  /mnt/sda/xiang/syrust/syrust_cov/sval1/src/stream/stack.rs/390/36/391/6
err not in  /mnt/sda/xiang/syrust/syrust_cov/sval1/src/stream/stack.rs/85/11/85/80
err not in  /mnt/sda/xiang/syrust/syrust_cov/sval1/src/stream/stack.rs/86/72/87/69
err not in  /mnt/sda/xiang/syrust/syrust_cov/sval1/src/stream/stack.rs/88/32/89/35
err not in  /mnt/sda/xiang/syrust/syrust_cov/sval1/src/stream/stack.rs/89/76/90/59
err not in  /mnt/sda/xiang/syrust/syrust_cov/sval1/src/stream/stack.rs/90/83/91/61
err not in  /mnt/sda/xiang/syrust/syrust_cov/sval1/src/stream/stack.rs/91/63/91/88
err not in  /mnt/sda/xiang/syrust/syrust_cov/sval1/src/stream/stack.rs/92/21/92/76
err not in  /mnt/sda/xiang/syrust/syrust_cov/sval1/src/stream/stack.rs/93/9/93/23
err not in  /mnt/sda/xiang/syrust/syrust_cov/sval1/src/stream/stack.rs/93/27/93/28
err not in  /mnt/sda/xiang/syrust/syrust_cov/sval1/src/stream/stack.rs/174/5/178/6
err not in  /mnt/sda/xiang/syrust/syrust_cov/sval1/src/stream/stack.rs/209/5/211/34
err not in  /mnt/sda/xiang/syrust/syrust_cov/sval1/src/stream/stack.rs/213/17/214/49
err not in  /mnt/sda/xiang/syrust/syrust_cov/sval1/src/stream/stack.rs/216/18/216/69
err not in  /mnt/sda/xiang/syrust/syrust_cov/sval1/src/stream/stack.rs/218/5/218/6
err not in  /mnt/sda/xiang/syrust/syrust_cov/sval1/src/stream/stack.rs/85/11/85/80
err not in  /mnt/sda/xiang/syrust/syrust_cov/sval1/src/stream/stack.rs/86/72/87/69
err not in  /mnt/sda/xiang/syrust/syrust_cov/sval1/src/stream/stack.rs/88/32/89/35
err not in  /mnt/sda/xiang/syrust/syrust_cov/sval1/src/stream/stack.rs/89/76/90/59
err not in  /mnt/sda/xiang/syrust/syrust_cov/sval1/src/stream/stack.rs/90/83/91/61
err not in  /mnt/sda/xiang/syrust/syrust_cov/sval1/src/stream/stack.rs/91/63/91/88
err not in  /mnt/sda/xiang/syrust/syrust_cov/sval1/src/stream/stack.rs/92/21/92/76
err not in  /mnt/sda/xiang/syrust/syrust_cov/sval1/src/stream/stack.rs/93/9/93/23
err not in  /mnt/sda/xiang/syrust/syrust_cov/sval1/src/stream/stack.rs/93/27/93/28
err not in  /mnt/sda/xiang/syrust/syrust_cov/sval1/src/stream/stack.rs/401/5/402/30
err not in  /mnt/sda/xiang/syrust/syrust_cov/sval1/src/stream/stack.rs/402/36/403/6
err not in  /mnt/sda/xiang/syrust/syrust_cov/sval1/src/stream/stack.rs/326/5/328/21
err not in  /mnt/sda/xiang/syrust/syrust_cov/sval1/src/stream/stack.rs/330/17/335/53
err not in  /mnt/sda/xiang/syrust/syrust_cov/sval1/src/stream/stack.rs/337/18/337/65
err not in  /mnt/sda/xiang/syrust/syrust_cov/sval1/src/stream/stack.rs/339/5/339/6
err not in  /mnt/sda/xiang/syrust/syrust_cov/sval1/src/stream/stack.rs/354/5/355/35
err not in  /mnt/sda/xiang/syrust/syrust_cov/sval1/src/stream/stack.rs/356/13/357/19
err not in  /mnt/sda/xiang/syrust/syrust_cov/sval1/src/stream/stack.rs/359/13/359/50
err not in  /mnt/sda/xiang/syrust/syrust_cov/sval1/src/stream/stack.rs/361/5/361/6
err not in  /mnt/sda/xiang/syrust/syrust_cov/sval1/src/stream/stack.rs/365/5/366/30
err not in  /mnt/sda/xiang/syrust/syrust_cov/sval1/src/stream/stack.rs/366/36/367/6
err not in  /mnt/sda/xiang/syrust/syrust_cov/sval1/src/stream/stack.rs/225/5/227/21
err not in  /mnt/sda/xiang/syrust/syrust_cov/sval1/src/stream/stack.rs/229/17/229/40
err not in  /mnt/sda/xiang/syrust/syrust_cov/sval1/src/stream/stack.rs/229/40/229/41
err not in  /mnt/sda/xiang/syrust/syrust_cov/sval1/src/stream/stack.rs/230/17/231/49
err not in  /mnt/sda/xiang/syrust/syrust_cov/sval1/src/stream/stack.rs/233/18/233/67
err not in  /mnt/sda/xiang/syrust/syrust_cov/sval1/src/stream/stack.rs/235/5/235/6
err not in  /mnt/sda/xiang/syrust/syrust_cov/sval1/src/stream/stack.rs/312/5/314/21
err not in  /mnt/sda/xiang/syrust/syrust_cov/sval1/src/stream/stack.rs/316/17/317/49
err not in  /mnt/sda/xiang/syrust/syrust_cov/sval1/src/stream/stack.rs/319/18/319/68
err not in  /mnt/sda/xiang/syrust/syrust_cov/sval1/src/stream/stack.rs/321/5/321/6
err not in  /mnt/sda/xiang/syrust/syrust_cov/sval1/src/stream/stack.rs/85/11/85/80
err not in  /mnt/sda/xiang/syrust/syrust_cov/sval1/src/stream/stack.rs/86/72/87/69
err not in  /mnt/sda/xiang/syrust/syrust_cov/sval1/src/stream/stack.rs/88/32/89/35
err not in  /mnt/sda/xiang/syrust/syrust_cov/sval1/src/stream/stack.rs/89/76/90/59
err not in  /mnt/sda/xiang/syrust/syrust_cov/sval1/src/stream/stack.rs/90/83/91/61
err not in  /mnt/sda/xiang/syrust/syrust_cov/sval1/src/stream/stack.rs/91/63/91/88
err not in  /mnt/sda/xiang/syrust/syrust_cov/sval1/src/stream/stack.rs/92/21/92/76
err not in  /mnt/sda/xiang/syrust/syrust_cov/sval1/src/stream/stack.rs/93/9/93/23
err not in  /mnt/sda/xiang/syrust/syrust_cov/sval1/src/stream/stack.rs/93/27/93/28
err not in  /mnt/sda/xiang/syrust/syrust_cov/sval1/src/stream/stack.rs/409/5/410/28
err not in  /mnt/sda/xiang/syrust/syrust_cov/sval1/src/stream/stack.rs/410/34/411/6
err not in  /mnt/sda/xiang/syrust/syrust_cov/sval1/src/stream/stack.rs/373/5/374/30
err not in  /mnt/sda/xiang/syrust/syrust_cov/sval1/src/stream/stack.rs/374/36/375/6
err not in  /mnt/sda/xiang/syrust/syrust_cov/sval1/src/stream/stack.rs/160/5/162/6
err not in  /mnt/sda/xiang/syrust/syrust_cov/sval1/src/stream/stack.rs/165/5/167/6
err not in  /mnt/sda/xiang/syrust/syrust_cov/sval1/src/stream/stack.rs/369/5/370/30
err not in  /mnt/sda/xiang/syrust/syrust_cov/sval1/src/stream/stack.rs/370/36/371/6
err not in  /mnt/sda/xiang/syrust/syrust_cov/sval1/src/stream/stack.rs/413/5/414/30
err not in  /mnt/sda/xiang/syrust/syrust_cov/sval1/src/stream/stack.rs/414/36/415/6
err not in  /mnt/sda/xiang/syrust/syrust_cov/sval1/src/stream/stack.rs/397/5/398/30
err not in  /mnt/sda/xiang/syrust/syrust_cov/sval1/src/stream/stack.rs/398/36/399/6
err not in  /mnt/sda/xiang/syrust/syrust_cov/sval1/src/stream/stack.rs/53/5/55/6
err not in  /mnt/sda/xiang/syrust/syrust_cov/sval1/src/stream/stack.rs/377/5/378/30
err not in  /mnt/sda/xiang/syrust/syrust_cov/sval1/src/stream/stack.rs/378/36/379/6
err not in  /mnt/sda/xiang/syrust/syrust_cov/sval1/src/stream/stack.rs/192/5/194/6
err not in  /mnt/sda/xiang/syrust/syrust_cov/sval1/src/stream/stack.rs/381/5/382/30
err not in  /mnt/sda/xiang/syrust/syrust_cov/sval1/src/stream/stack.rs/382/36/383/6
err not in  /mnt/sda/xiang/syrust/syrust_cov/sval1/src/stream/stack.rs/385/5/386/30
err not in  /mnt/sda/xiang/syrust/syrust_cov/sval1/src/stream/stack.rs/386/36/387/6
err not in  /mnt/sda/xiang/syrust/syrust_cov/sval1/src/stream/stack.rs/421/5/422/30
err not in  /mnt/sda/xiang/syrust/syrust_cov/sval1/src/stream/stack.rs/422/36/423/6
err not in  /mnt/sda/xiang/syrust/syrust_cov/sval1/src/stream/stack.rs/85/11/85/80
err not in  /mnt/sda/xiang/syrust/syrust_cov/sval1/src/stream/stack.rs/86/72/87/69
err not in  /mnt/sda/xiang/syrust/syrust_cov/sval1/src/stream/stack.rs/88/32/89/35
err not in  /mnt/sda/xiang/syrust/syrust_cov/sval1/src/stream/stack.rs/89/76/90/59
err not in  /mnt/sda/xiang/syrust/syrust_cov/sval1/src/stream/stack.rs/90/83/91/61
err not in  /mnt/sda/xiang/syrust/syrust_cov/sval1/src/stream/stack.rs/91/63/91/88
err not in  /mnt/sda/xiang/syrust/syrust_cov/sval1/src/stream/stack.rs/92/21/92/76
err not in  /mnt/sda/xiang/syrust/syrust_cov/sval1/src/stream/stack.rs/93/9/93/23
err not in  /mnt/sda/xiang/syrust/syrust_cov/sval1/src/stream/stack.rs/93/27/93/28
err not in  /mnt/sda/xiang/syrust/syrust_cov/sval1/src/stream/stack.rs/344/5/346/6
err not in  /mnt/sda/xiang/syrust/syrust_cov/sval1/src/stream/stack.rs/405/5/406/30
err not in  /mnt/sda/xiang/syrust/syrust_cov/sval1/src/stream/stack.rs/406/36/407/6
err not in  /mnt/sda/xiang/syrust/syrust_cov/sval1/src/collect/owned.rs/13/5/15/6
err not in  /mnt/sda/xiang/syrust/syrust_cov/sval1/src/collect/owned.rs/73/5/75/6
err not in  /mnt/sda/xiang/syrust/syrust_cov/sval1/src/collect/owned.rs/33/5/35/6
err not in  /mnt/sda/xiang/syrust/syrust_cov/sval1/src/collect/owned.rs/103/9/103/32
err not in  /mnt/sda/xiang/syrust/syrust_cov/sval1/src/collect/owned.rs/103/32/103/33
err not in  /mnt/sda/xiang/syrust/syrust_cov/sval1/src/collect/owned.rs/104/9/104/17
err not in  /mnt/sda/xiang/syrust/syrust_cov/sval1/src/collect/owned.rs/105/5/105/6
err not in  /mnt/sda/xiang/syrust/syrust_cov/sval1/src/collect/owned.rs/69/5/71/6
err not in  /mnt/sda/xiang/syrust/syrust_cov/sval1/src/collect/owned.rs/13/5/15/6
err not in  /mnt/sda/xiang/syrust/syrust_cov/sval1/src/collect/owned.rs/73/5/75/6
err not in  /mnt/sda/xiang/syrust/syrust_cov/sval1/src/collect/owned.rs/98/9/98/30
err not in  /mnt/sda/xiang/syrust/syrust_cov/sval1/src/collect/owned.rs/98/30/98/31
err not in  /mnt/sda/xiang/syrust/syrust_cov/sval1/src/collect/owned.rs/99/9/99/17
err not in  /mnt/sda/xiang/syrust/syrust_cov/sval1/src/collect/owned.rs/100/5/100/6
err not in  /mnt/sda/xiang/syrust/syrust_cov/sval1/src/collect/owned.rs/77/5/79/6
err not in  /mnt/sda/xiang/syrust/syrust_cov/sval1/src/collect/owned.rs/13/5/15/6
err not in  /mnt/sda/xiang/syrust/syrust_cov/sval1/src/collect/owned.rs/33/5/35/6
err not in  /mnt/sda/xiang/syrust/syrust_cov/sval1/src/collect/owned.rs/103/9/103/32
err not in  /mnt/sda/xiang/syrust/syrust_cov/sval1/src/collect/owned.rs/103/32/103/33
err not in  /mnt/sda/xiang/syrust/syrust_cov/sval1/src/collect/owned.rs/104/9/104/17
err not in  /mnt/sda/xiang/syrust/syrust_cov/sval1/src/collect/owned.rs/105/5/105/6
err not in  /mnt/sda/xiang/syrust/syrust_cov/sval1/src/collect/owned.rs/69/5/71/6
err not in  /mnt/sda/xiang/syrust/syrust_cov/sval1/src/collect/owned.rs/77/5/79/6
err not in  /mnt/sda/xiang/syrust/syrust_cov/sval1/src/collect/owned.rs/163/5/165/6
err not in  /mnt/sda/xiang/syrust/syrust_cov/sval1/src/collect/owned.rs/98/9/98/30
err not in  /mnt/sda/xiang/syrust/syrust_cov/sval1/src/collect/owned.rs/98/30/98/31
err not in  /mnt/sda/xiang/syrust/syrust_cov/sval1/src/collect/owned.rs/99/9/99/17
err not in  /mnt/sda/xiang/syrust/syrust_cov/sval1/src/collect/owned.rs/100/5/100/6
err not in  /mnt/sda/xiang/syrust/syrust_cov/sval1/src/collect/owned.rs/167/5/169/6
err not in  /mnt/sda/xiang/syrust/syrust_cov/sval1/src/collect/value.rs/10/5/12/6
err not in  /mnt/sda/xiang/syrust/syrust_cov/sval1/src/collect/value.rs/14/5/16/72
err not in  /mnt/sda/xiang/syrust/syrust_cov/sval1/src/collect/value.rs/16/72/16/73
err not in  /mnt/sda/xiang/syrust/syrust_cov/sval1/src/collect/value.rs/17/9/17/15
err not in  /mnt/sda/xiang/syrust/syrust_cov/sval1/src/collect/value.rs/18/5/18/6
err not in  /mnt/sda/xiang/syrust/syrust_cov/sval1/src/collect/value.rs/10/5/12/6
err not in  /mnt/sda/xiang/syrust/syrust_cov/sval1/src/collect/value.rs/10/5/12/6
err not in  /mnt/sda/xiang/syrust/syrust_cov/sval1/src/collect/owned.rs/29/5/31/6
err not in  /mnt/sda/xiang/syrust/syrust_cov/sval1/src/stream/owned.rs/333/5/335/6
err not in  /mnt/sda/xiang/syrust/syrust_cov/sval1/src/stream/owned.rs/224/5/226/6
err not in  /mnt/sda/xiang/syrust/syrust_cov/sval1/src/stream/owned.rs/503/39/503/41
err not in  /mnt/sda/xiang/syrust/syrust_cov/sval1/src/stream/owned.rs/156/5/158/6
err not in  /mnt/sda/xiang/syrust/syrust_cov/sval1/src/collect/owned.rs/139/5/141/6
err not in  /mnt/sda/xiang/syrust/syrust_cov/sval1/src/error.rs/41/5/42/70
err not in  /mnt/sda/xiang/syrust/syrust_cov/sval1/src/error.rs/43/13/43/17
err not in  /mnt/sda/xiang/syrust/syrust_cov/sval1/src/error.rs/45/13/45/18
err not in  /mnt/sda/xiang/syrust/syrust_cov/sval1/src/error.rs/47/5/47/6
err not in  /mnt/sda/xiang/syrust/syrust_cov/sval1/src/stream/owned.rs/199/9/199/32
err not in  /mnt/sda/xiang/syrust/syrust_cov/sval1/src/stream/owned.rs/199/32/199/33
err not in  /mnt/sda/xiang/syrust/syrust_cov/sval1/src/stream/owned.rs/200/9/200/17
err not in  /mnt/sda/xiang/syrust/syrust_cov/sval1/src/stream/owned.rs/201/5/201/6
err not in  /mnt/sda/xiang/syrust/syrust_cov/sval1/src/stream/owned.rs/442/5/444/6
err not in  /mnt/sda/xiang/syrust/syrust_cov/sval1/src/stream/stack.rs/19/44/19/47
err not in  /mnt/sda/xiang/syrust/syrust_cov/sval1/src/stream/owned.rs/498/5/500/6
err not in  /mnt/sda/xiang/syrust/syrust_cov/sval1/src/stream/owned.rs/466/5/468/6
err not in  /mnt/sda/xiang/syrust/syrust_cov/sval1/src/error.rs/55/5/57/6
err not in  /mnt/sda/xiang/syrust/syrust_cov/sval1/src/stream/owned.rs/470/5/472/6
err not in  /mnt/sda/xiang/syrust/syrust_cov/sval1/src/stream/owned.rs/436/9/436/32
err not in  /mnt/sda/xiang/syrust/syrust_cov/sval1/src/stream/owned.rs/436/32/436/33
err not in  /mnt/sda/xiang/syrust/syrust_cov/sval1/src/stream/owned.rs/437/9/437/17
err not in  /mnt/sda/xiang/syrust/syrust_cov/sval1/src/stream/owned.rs/438/5/438/6
err not in  /mnt/sda/xiang/syrust/syrust_cov/sval1/src/stream/owned.rs/220/5/222/6
err not in  /mnt/sda/xiang/syrust/syrust_cov/sval1/src/stream/owned.rs/236/5/238/6
err not in  /mnt/sda/xiang/syrust/syrust_cov/sval1/src/stream/owned.rs/269/39/269/41
err not in  /mnt/sda/xiang/syrust/syrust_cov/sval1/src/collect/owned.rs/37/5/39/6
err not in  /mnt/sda/xiang/syrust/syrust_cov/sval1/src/stream/owned.rs/208/5/210/6
err not in  /mnt/sda/xiang/syrust/syrust_cov/sval1/src/stream/owned.rs/86/5/88/6
err not in  /mnt/sda/xiang/syrust/syrust_cov/sval1/src/stream/owned.rs/291/5/293/6
err not in  /mnt/sda/xiang/syrust/syrust_cov/sval1/src/stream/stack.rs/19/32/19/42
err not in  /mnt/sda/xiang/syrust/syrust_cov/sval1/src/stream/owned.rs/100/5/102/6
err not in  /mnt/sda/xiang/syrust/syrust_cov/sval1/src/collect/owned.rs/85/5/87/6
err not in  /mnt/sda/xiang/syrust/syrust_cov/sval1/src/stream/stack.rs/19/10/19/15
err not in  /mnt/sda/xiang/syrust/syrust_cov/sval1/src/stream/owned.rs/403/5/405/6
err not in  /mnt/sda/xiang/syrust/syrust_cov/sval1/src/stream/stack.rs/8/10/8/15
err not in  /mnt/sda/xiang/syrust/syrust_cov/sval1/src/collect/owned.rs/93/5/95/6
err not in  /mnt/sda/xiang/syrust/syrust_cov/sval1/src/stream/owned.rs/79/5/81/6
err not in  /mnt/sda/xiang/syrust/syrust_cov/sval1/src/collect/owned.rs/115/5/117/6
err not in  /mnt/sda/xiang/syrust/syrust_cov/sval1/src/collect/owned.rs/57/5/59/6
err not in  /mnt/sda/xiang/syrust/syrust_cov/sval1/src/collect/owned.rs/183/5/185/6
err not in  /mnt/sda/xiang/syrust/syrust_cov/sval1/src/stream/owned.rs/340/5/342/6
err not in  /mnt/sda/xiang/syrust/syrust_cov/sval1/src/stream/owned.rs/232/5/234/6
err not in  /mnt/sda/xiang/syrust/syrust_cov/sval1/src/collect/owned.rs/135/5/137/6
err not in  /mnt/sda/xiang/syrust/syrust_cov/sval1/src/stream/owned.rs/347/5/349/6
err not in  /mnt/sda/xiang/syrust/syrust_cov/sval1/src/stream/stack.rs/19/17/19/26
err not in  /mnt/sda/xiang/syrust/syrust_cov/sval1/src/stream/owned.rs/462/5/464/6
err not in  /mnt/sda/xiang/syrust/syrust_cov/sval1/src/stream/owned.rs/51/5/53/6
err not in  /mnt/sda/xiang/syrust/syrust_cov/sval1/src/stream/owned.rs/37/5/39/6
err not in  /mnt/sda/xiang/syrust/syrust_cov/sval1/src/stream/owned.rs/121/5/123/6
err not in  /mnt/sda/xiang/syrust/syrust_cov/sval1/src/stream/stack.rs/39/5/41/6
err not in  /mnt/sda/xiang/syrust/syrust_cov/sval1/src/stream/owned.rs/502/5/503/35
err not in  /mnt/sda/xiang/syrust/syrust_cov/sval1/src/stream/owned.rs/503/41/504/6
err not in  /mnt/sda/xiang/syrust/syrust_cov/sval1/src/stream/owned.rs/72/5/74/6
err not in  /mnt/sda/xiang/syrust/syrust_cov/sval1/src/stream/owned.rs/458/5/460/6
err not in  /mnt/sda/xiang/syrust/syrust_cov/sval1/src/stream/stack.rs/436/14/436/19
err not in  /mnt/sda/xiang/syrust/syrust_cov/sval1/src/stream/stack.rs/131/10/131/15
err not in  /mnt/sda/xiang/syrust/syrust_cov/sval1/src/stream/owned.rs/264/5/266/6
err not in  /mnt/sda/xiang/syrust/syrust_cov/sval1/src/collect/owned.rs/131/5/133/6
err not in  /mnt/sda/xiang/syrust/syrust_cov/sval1/src/collect/owned.rs/49/5/51/6
err not in  /mnt/sda/xiang/syrust/syrust_cov/sval1/src/collect/owned.rs/45/5/47/6
err not in  /mnt/sda/xiang/syrust/syrust_cov/sval1/src/stream/owned.rs/326/5/328/6
err not in  /mnt/sda/xiang/syrust/syrust_cov/sval1/src/stream/owned.rs/244/5/246/6
err not in  /mnt/sda/xiang/syrust/syrust_cov/sval1/src/stream/stack.rs/32/5/34/6
err not in  /mnt/sda/xiang/syrust/syrust_cov/sval1/src/stream/owned.rs/107/5/109/6
err not in  /mnt/sda/xiang/syrust/syrust_cov/sval1/src/stream/owned.rs/410/5/412/6
err not in  /mnt/sda/xiang/syrust/syrust_cov/sval1/src/stream/owned.rs/450/5/452/6
err not in  /mnt/sda/xiang/syrust/syrust_cov/sval1/src/collect/owned.rs/127/5/129/6
err not in  /mnt/sda/xiang/syrust/syrust_cov/sval1/src/collect/owned.rs/155/5/157/6
err not in  /mnt/sda/xiang/syrust/syrust_cov/sval1/src/collect/owned.rs/17/5/19/6
err not in  /mnt/sda/xiang/syrust/syrust_cov/sval1/src/collect/owned.rs/65/5/67/6
err not in  /mnt/sda/xiang/syrust/syrust_cov/sval1/src/collect/owned.rs/25/5/27/6
err not in  /mnt/sda/xiang/syrust/syrust_cov/sval1/src/stream/owned.rs/319/5/321/6
err not in  /mnt/sda/xiang/syrust/syrust_cov/sval1/src/error.rs/83/5/84/19
err not in  /mnt/sda/xiang/syrust/syrust_cov/sval1/src/error.rs/85/44/86/66
err not in  /mnt/sda/xiang/syrust/syrust_cov/sval1/src/error.rs/88/32/88/50
err not in  /mnt/sda/xiang/syrust/syrust_cov/sval1/src/error.rs/90/32/90/54
err not in  /mnt/sda/xiang/syrust/syrust_cov/sval1/src/error.rs/94/5/94/6
err not in  /mnt/sda/xiang/syrust/syrust_cov/sval1/src/stream/owned.rs/163/5/165/6
err not in  /mnt/sda/xiang/syrust/syrust_cov/sval1/src/collect/owned.rs/175/5/177/6
err not in  /mnt/sda/xiang/syrust/syrust_cov/sval1/src/collect/owned.rs/200/9/200/32
err not in  /mnt/sda/xiang/syrust/syrust_cov/sval1/src/collect/owned.rs/200/32/200/33
err not in  /mnt/sda/xiang/syrust/syrust_cov/sval1/src/collect/owned.rs/201/9/201/17
err not in  /mnt/sda/xiang/syrust/syrust_cov/sval1/src/collect/owned.rs/202/5/202/6
err not in  /mnt/sda/xiang/syrust/syrust_cov/sval1/src/collect/owned.rs/89/5/91/6
err not in  /mnt/sda/xiang/syrust/syrust_cov/sval1/src/stream/owned.rs/361/5/363/6
err not in  /mnt/sda/xiang/syrust/syrust_cov/sval1/src/error.rs/97/5/99/6
err not in  /mnt/sda/xiang/syrust/syrust_cov/sval1/src/stream/owned.rs/298/5/300/6
err not in  /mnt/sda/xiang/syrust/syrust_cov/sval1/src/stream/owned.rs/454/5/456/6
err not in  /mnt/sda/xiang/syrust/syrust_cov/sval1/src/stream/owned.rs/216/5/218/6
err not in  /mnt/sda/xiang/syrust/syrust_cov/sval1/src/stream/owned.rs/396/5/398/6
err not in  /mnt/sda/xiang/syrust/syrust_cov/sval1/src/stream/stack.rs/46/5/48/6
err not in  /mnt/sda/xiang/syrust/syrust_cov/sval1/src/collect/owned.rs/147/5/149/6
err not in  /mnt/sda/xiang/syrust/syrust_cov/sval1/src/stream/owned.rs/478/5/480/6
err not in  /mnt/sda/xiang/syrust/syrust_cov/sval1/src/stream/owned.rs/506/5/508/6
err not in  /mnt/sda/xiang/syrust/syrust_cov/sval1/src/stream/owned.rs/21/5/23/26
err not in  /mnt/sda/xiang/syrust/syrust_cov/sval1/src/stream/owned.rs/23/26/23/27
err not in  /mnt/sda/xiang/syrust/syrust_cov/sval1/src/stream/owned.rs/24/9/24/32
err not in  /mnt/sda/xiang/syrust/syrust_cov/sval1/src/stream/owned.rs/25/5/25/6
err not in  /mnt/sda/xiang/syrust/syrust_cov/sval1/src/error.rs/59/10/59/11
err not in  /mnt/sda/xiang/syrust/syrust_cov/sval1/src/error.rs/59/14/59/15
err not in  /mnt/sda/xiang/syrust/syrust_cov/sval1/src/collect/owned.rs/119/5/121/6
err not in  /mnt/sda/xiang/syrust/syrust_cov/sval1/src/stream/owned.rs/93/5/95/6
err not in  /mnt/sda/xiang/syrust/syrust_cov/sval1/src/stream/stack.rs/135/10/135/15
err not in  /mnt/sda/xiang/syrust/syrust_cov/sval1/src/stream/owned.rs/268/5/269/35
err not in  /mnt/sda/xiang/syrust/syrust_cov/sval1/src/stream/owned.rs/269/41/270/6
err not in  /mnt/sda/xiang/syrust/syrust_cov/sval1/src/error.rs/13/10/13/15
err not in  /mnt/sda/xiang/syrust/syrust_cov/sval1/src/stream/owned.rs/228/5/230/6
err not in  /mnt/sda/xiang/syrust/syrust_cov/sval1/src/collect/owned.rs/179/5/181/6
err not in  /mnt/sda/xiang/syrust/syrust_cov/sval1/src/stream/stack.rs/67/5/69/6
err not in  /mnt/sda/xiang/syrust/syrust_cov/sval1/src/collect/owned.rs/143/5/145/6
err not in  /mnt/sda/xiang/syrust/syrust_cov/sval1/src/collect/owned.rs/108/9/108/31
err not in  /mnt/sda/xiang/syrust/syrust_cov/sval1/src/collect/owned.rs/108/31/108/32
err not in  /mnt/sda/xiang/syrust/syrust_cov/sval1/src/collect/owned.rs/109/9/109/17
err not in  /mnt/sda/xiang/syrust/syrust_cov/sval1/src/collect/owned.rs/110/5/110/6
err not in  /mnt/sda/xiang/syrust/syrust_cov/sval1/src/collect/owned.rs/53/5/55/6
105 415
error: cov/*: No such file or directory
cov err ['/mnt/sda/xiang/syrust/syrust_replay/sval1/target/debug/deps/sval_derive-1bfd6f581242ea83']
rm: cannot remove '*.profraw': No such file or directory
error: cov/*: No such file or directory
cov err ['/mnt/sda/xiang/syrust/syrust_replay/sval1/target/debug/deps/sval_json-266b245b3e838352']
